Flow report for serialshift
Sat Dec  6 17:24:28 2014
Quartus II 64-Bit Version 12.1 Build 243 01/31/2013 Service Pack 1 SJ Full Version


---------------------
; Table of Contents ;
---------------------
  1. Legal Notice
  2. Flow Summary
  3. Flow Settings
  4. Flow Non-Default Global Settings
  5. Flow Elapsed Time
  6. Flow OS Summary
  7. Flow Log



----------------
; Legal Notice ;
----------------
Copyright (C) 1991-2012 Altera Corporation
Your use of Altera Corporation's design tools, logic functions 
and other software and tools, and its AMPP partner logic 
functions, and any output files from any of the foregoing 
(including device programming or simulation files), and any 
associated documentation or information are expressly subject 
to the terms and conditions of the Altera Program License 
Subscription Agreement, Altera MegaCore Function License 
Agreement, or other applicable license agreement, including, 
without limitation, that your use is for the sole purpose of 
programming logic devices manufactured by Altera and sold by 
Altera or its authorized distributors.  Please refer to the 
applicable agreement for further details.



+-------------------------------------------------------------------------------------+
; Flow Summary                                                                        ;
+------------------------------------+------------------------------------------------+
; Flow Status                        ; Successful - Sat Dec  6 17:24:28 2014          ;
; Quartus II 64-Bit Version          ; 12.1 Build 243 01/31/2013 SP 1 SJ Full Version ;
; Revision Name                      ; serialshift                                    ;
; Top-level Entity Name              ; serialshift                                    ;
; Family                             ; Cyclone II                                     ;
; Device                             ; EP2C50F672C6                                   ;
; Timing Models                      ; Final                                          ;
; Total logic elements               ; 44 / 50,528 ( < 1 % )                          ;
;     Total combinational functions  ; 43 / 50,528 ( < 1 % )                          ;
;     Dedicated logic registers      ; 35 / 50,528 ( < 1 % )                          ;
; Total registers                    ; 35                                             ;
; Total pins                         ; 11 / 450 ( 2 % )                               ;
; Total virtual pins                 ; 0                                              ;
; Total memory bits                  ; 0 / 594,432 ( 0 % )                            ;
; Embedded Multiplier 9-bit elements ; 0 / 172 ( 0 % )                                ;
; Total PLLs                         ; 0 / 4 ( 0 % )                                  ;
+------------------------------------+------------------------------------------------+


+-----------------------------------------+
; Flow Settings                           ;
+-------------------+---------------------+
; Option            ; Setting             ;
+-------------------+---------------------+
; Start date & time ; 12/06/2014 17:24:00 ;
; Main task         ; Compilation         ;
; Revision Name     ; serialshift         ;
+-------------------+---------------------+


+-------------------------------------------------------------------------------------------------------------+
; Flow Non-Default Global Settings                                                                            ;
+-------------------------------------+------------------------+---------------+-------------+----------------+
; Assignment Name                     ; Value                  ; Default Value ; Entity Name ; Section Id     ;
+-------------------------------------+------------------------+---------------+-------------+----------------+
; COMPILER_SIGNATURE_ID               ; 0.141790824021943      ; --            ; --          ; --             ;
; EDA_OUTPUT_DATA_FORMAT              ; Vhdl                   ; --            ; --          ; eda_simulation ;
; EDA_SIMULATION_TOOL                 ; ModelSim-Altera (VHDL) ; <None>        ; --          ; --             ;
; MAX_CORE_JUNCTION_TEMP              ; 85                     ; --            ; --          ; --             ;
; MIN_CORE_JUNCTION_TEMP              ; 0                      ; --            ; --          ; --             ;
; PARTITION_COLOR                     ; 16764057               ; --            ; --          ; Top            ;
; PARTITION_FITTER_PRESERVATION_LEVEL ; PLACEMENT_AND_ROUTING  ; --            ; --          ; Top            ;
; PARTITION_NETLIST_TYPE              ; SOURCE                 ; --            ; --          ; Top            ;
; PROJECT_OUTPUT_DIRECTORY            ; output_files           ; --            ; --          ; --             ;
+-------------------------------------+------------------------+---------------+-------------+----------------+


+-------------------------------------------------------------------------------------------------------------------------------+
; Flow Elapsed Time                                                                                                             ;
+---------------------------+--------------+-------------------------+---------------------+------------------------------------+
; Module Name               ; Elapsed Time ; Average Processors Used ; Peak Virtual Memory ; Total CPU Time (on all processors) ;
+---------------------------+--------------+-------------------------+---------------------+------------------------------------+
; Analysis & Synthesis      ; 00:00:02     ; 1.0                     ; 619 MB              ; 00:00:01                           ;
; Fitter                    ; 00:00:06     ; 1.0                     ; 831 MB              ; 00:00:08                           ;
; Assembler                 ; 00:00:03     ; 1.0                     ; 615 MB              ; 00:00:02                           ;
; TimeQuest Timing Analyzer ; 00:00:02     ; 1.0                     ; 588 MB              ; 00:00:01                           ;
; EDA Netlist Writer        ; 00:00:01     ; 1.0                     ; 760 MB              ; 00:00:00                           ;
; Total                     ; 00:00:14     ; --                      ; --                  ; 00:00:12                           ;
+---------------------------+--------------+-------------------------+---------------------+------------------------------------+


+-----------------------------------------------------------------------------------------------+
; Flow OS Summary                                                                               ;
+---------------------------+---------------------------+---------+------------+----------------+
; Module Name               ; Machine Hostname          ; OS Name ; OS Version ; Processor type ;
+---------------------------+---------------------------+---------+------------+----------------+
; Analysis & Synthesis      ; co2050-03.ece.iastate.edu ; Red Hat ; 6          ; x86_64         ;
; Fitter                    ; co2050-03.ece.iastate.edu ; Red Hat ; 6          ; x86_64         ;
; Assembler                 ; co2050-03.ece.iastate.edu ; Red Hat ; 6          ; x86_64         ;
; TimeQuest Timing Analyzer ; co2050-03.ece.iastate.edu ; Red Hat ; 6          ; x86_64         ;
; EDA Netlist Writer        ; co2050-03.ece.iastate.edu ; Red Hat ; 6          ; x86_64         ;
+---------------------------+---------------------------+---------+------------+----------------+


------------
; Flow Log ;
------------
quartus_map --read_settings_files=on --write_settings_files=off serialshift -c serialshift
quartus_fit --read_settings_files=off --write_settings_files=off serialshift -c serialshift
quartus_asm --read_settings_files=off --write_settings_files=off serialshift -c serialshift
quartus_sta serialshift -c serialshift
quartus_eda --read_settings_files=off --write_settings_files=off serialshift -c serialshift



