TimeQuest Timing Analyzer report for lab06step1
Tue Feb 24 13:05:42 2015
Quartus II 64-Bit Version 12.1 Build 243 01/31/2013 Service Pack 1 SJ Full Version


---------------------
; Table of Contents ;
---------------------
  1. Legal Notice
  2. TimeQuest Timing Analyzer Summary
  3. Parallel Compilation
  4. Clocks
  5. Slow Model Fmax Summary
  6. Slow Model Setup Summary
  7. Slow Model Hold Summary
  8. Slow Model Recovery Summary
  9. Slow Model Removal Summary
 10. Slow Model Minimum Pulse Width Summary
 11. Propagation Delay
 12. Minimum Propagation Delay
 13. Fast Model Setup Summary
 14. Fast Model Hold Summary
 15. Fast Model Recovery Summary
 16. Fast Model Removal Summary
 17. Fast Model Minimum Pulse Width Summary
 18. Propagation Delay
 19. Minimum Propagation Delay
 20. Multicorner Timing Analysis Summary
 21. Progagation Delay
 22. Minimum Progagation Delay
 23. Clock Transfers
 24. Report TCCS
 25. Report RSKM
 26. Unconstrained Paths
 27. TimeQuest Timing Analyzer Messages



----------------
; Legal Notice ;
----------------
Copyright (C) 1991-2012 Altera Corporation
Your use of Altera Corporation's design tools, logic functions 
and other software and tools, and its AMPP partner logic 
functions, and any output files from any of the foregoing 
(including device programming or simulation files), and any 
associated documentation or information are expressly subject 
to the terms and conditions of the Altera Program License 
Subscription Agreement, Altera MegaCore Function License 
Agreement, or other applicable license agreement, including, 
without limitation, that your use is for the sole purpose of 
programming logic devices manufactured by Altera and sold by 
Altera or its authorized distributors.  Please refer to the 
applicable agreement for further details.



+---------------------------------------------------------------------------------------+
; TimeQuest Timing Analyzer Summary                                                     ;
+--------------------+------------------------------------------------------------------+
; Quartus II Version ; Version 12.1 Build 243 01/31/2013 Service Pack 1 SJ Full Version ;
; Revision Name      ; lab06step1                                                       ;
; Device Family      ; Cyclone II                                                       ;
; Device Name        ; EP2C35F672C6                                                     ;
; Timing Models      ; Final                                                            ;
; Delay Model        ; Combined                                                         ;
; Rise/Fall Delays   ; Unavailable                                                      ;
+--------------------+------------------------------------------------------------------+


+------------------------------------------+
; Parallel Compilation                     ;
+----------------------------+-------------+
; Processors                 ; Number      ;
+----------------------------+-------------+
; Number detected on machine ; 8           ;
; Maximum allowed            ; 4           ;
;                            ;             ;
; Average used               ; 1.00        ;
; Maximum used               ; 1           ;
;                            ;             ;
; Usage by Processor         ; % Time Used ;
;     1 processor            ; 100.0%      ;
;     2-8 processors         ;   0.0%      ;
+----------------------------+-------------+


----------
; Clocks ;
----------
No clocks to report.


---------------------------
; Slow Model Fmax Summary ;
---------------------------
No paths to report.


----------------------------
; Slow Model Setup Summary ;
----------------------------
No paths to report.


---------------------------
; Slow Model Hold Summary ;
---------------------------
No paths to report.


-------------------------------
; Slow Model Recovery Summary ;
-------------------------------
No paths to report.


------------------------------
; Slow Model Removal Summary ;
------------------------------
No paths to report.


------------------------------------------
; Slow Model Minimum Pulse Width Summary ;
------------------------------------------
No paths to report.


+--------------------------------------------------------------+
; Propagation Delay                                            ;
+------------+-------------+--------+--------+--------+--------+
; Input Port ; Output Port ; RR     ; RF     ; FR     ; FF     ;
+------------+-------------+--------+--------+--------+--------+
; Ci         ; 1a          ; 11.576 ; 11.576 ; 11.576 ; 11.576 ;
; Ci         ; 1b          ; 11.449 ; 11.449 ; 11.449 ; 11.449 ;
; Ci         ; 1c          ; 11.542 ; 11.542 ; 11.542 ; 11.542 ;
; Ci         ; 1d          ; 11.262 ; 11.262 ; 11.262 ; 11.262 ;
; Ci         ; 1e          ; 11.293 ; 11.293 ; 11.293 ; 11.293 ;
; Ci         ; 1f          ; 11.257 ; 11.257 ; 11.257 ; 11.257 ;
; Ci         ; 1g          ; 11.557 ; 11.557 ; 11.557 ; 11.557 ;
; Ci         ; 2a          ; 10.627 ; 10.627 ; 10.627 ; 10.627 ;
; Ci         ; 2c          ; 10.580 ; 10.310 ; 10.310 ; 10.580 ;
; Ci         ; 2d          ; 10.643 ; 10.643 ; 10.643 ; 10.643 ;
; Ci         ; 2e          ; 10.617 ; 10.617 ; 10.617 ; 10.617 ;
; Ci         ; 2f          ; 10.572 ; 10.341 ; 10.341 ; 10.572 ;
; Ci         ; 2g          ; 10.356 ; 10.453 ; 10.453 ; 10.356 ;
; w2         ; 1a          ; 10.062 ; 10.062 ; 10.062 ; 10.062 ;
; w2         ; 1b          ; 9.935  ; 9.935  ; 9.935  ; 9.935  ;
; w2         ; 1c          ; 10.028 ; 10.028 ; 10.028 ; 10.028 ;
; w2         ; 1d          ; 9.748  ; 9.748  ; 9.748  ; 9.748  ;
; w2         ; 1e          ; 9.779  ; 9.779  ; 9.779  ; 9.779  ;
; w2         ; 1f          ; 9.743  ; 9.743  ; 9.743  ; 9.743  ;
; w2         ; 1g          ; 10.043 ; 10.043 ; 10.043 ; 10.043 ;
; w2         ; 2a          ; 9.113  ; 9.113  ; 9.113  ; 9.113  ;
; w2         ; 2c          ; 9.066  ; 8.796  ; 8.796  ; 9.066  ;
; w2         ; 2d          ; 9.129  ; 9.129  ; 9.129  ; 9.129  ;
; w2         ; 2e          ; 9.103  ; 9.103  ; 9.103  ; 9.103  ;
; w2         ; 2f          ; 9.058  ; 8.827  ; 8.827  ; 9.058  ;
; w2         ; 2g          ; 8.842  ; 8.939  ; 8.939  ; 8.842  ;
; w2         ; 3a          ; 5.244  ; 5.244  ; 5.244  ; 5.244  ;
; w2         ; 3b          ; 5.243  ; 5.243  ; 5.243  ; 5.243  ;
; w2         ; 3c          ;        ; 5.222  ; 5.222  ;        ;
; w2         ; 3d          ; 5.796  ; 5.796  ; 5.796  ; 5.796  ;
; w2         ; 3e          ; 5.798  ;        ;        ; 5.798  ;
; w2         ; 3f          ; 5.781  ;        ;        ; 5.781  ;
; w2         ; 3g          ; 5.803  ; 5.803  ; 5.803  ; 5.803  ;
; w3         ; 1a          ; 14.325 ; 14.325 ; 14.325 ; 14.325 ;
; w3         ; 1b          ; 14.198 ; 14.198 ; 14.198 ; 14.198 ;
; w3         ; 1c          ; 14.291 ; 14.291 ; 14.291 ; 14.291 ;
; w3         ; 1d          ; 14.011 ; 14.011 ; 14.011 ; 14.011 ;
; w3         ; 1e          ; 14.042 ; 14.042 ; 14.042 ; 14.042 ;
; w3         ; 1f          ; 14.006 ; 14.006 ; 14.006 ; 14.006 ;
; w3         ; 1g          ; 14.306 ; 14.306 ; 14.306 ; 14.306 ;
; w3         ; 2a          ; 13.376 ; 13.376 ; 13.376 ; 13.376 ;
; w3         ; 2c          ; 13.329 ; 13.059 ; 13.059 ; 13.329 ;
; w3         ; 2d          ; 13.392 ; 13.392 ; 13.392 ; 13.392 ;
; w3         ; 2e          ; 13.366 ; 13.366 ; 13.366 ; 13.366 ;
; w3         ; 2f          ; 13.321 ; 13.090 ; 13.090 ; 13.321 ;
; w3         ; 2g          ; 13.105 ; 13.202 ; 13.202 ; 13.105 ;
; w3         ; 4a          ; 10.203 ; 10.203 ; 10.203 ; 10.203 ;
; w3         ; 4b          ; 10.222 ; 10.222 ; 10.222 ; 10.222 ;
; w3         ; 4c          ;        ; 10.142 ; 10.142 ;        ;
; w3         ; 4d          ; 10.183 ; 10.183 ; 10.183 ; 10.183 ;
; w3         ; 4e          ; 10.189 ;        ;        ; 10.189 ;
; w3         ; 4f          ; 10.227 ;        ;        ; 10.227 ;
; w3         ; 4g          ; 10.226 ; 10.226 ; 10.226 ; 10.226 ;
; x2         ; 1a          ; 9.219  ; 9.219  ; 9.219  ; 9.219  ;
; x2         ; 1b          ; 9.092  ; 9.092  ; 9.092  ; 9.092  ;
; x2         ; 1c          ; 9.185  ; 9.185  ; 9.185  ; 9.185  ;
; x2         ; 1d          ; 8.905  ; 8.905  ; 8.905  ; 8.905  ;
; x2         ; 1e          ; 8.936  ; 8.936  ; 8.936  ; 8.936  ;
; x2         ; 1f          ; 8.900  ; 8.900  ; 8.900  ; 8.900  ;
; x2         ; 1g          ; 9.200  ; 9.200  ; 9.200  ; 9.200  ;
; x2         ; 2a          ; 8.270  ; 8.270  ; 8.270  ; 8.270  ;
; x2         ; 2c          ; 8.223  ; 7.953  ; 7.953  ; 8.223  ;
; x2         ; 2d          ; 8.286  ; 8.286  ; 8.286  ; 8.286  ;
; x2         ; 2e          ; 8.260  ; 8.260  ; 8.260  ; 8.260  ;
; x2         ; 2f          ; 8.215  ; 7.984  ; 7.984  ; 8.215  ;
; x2         ; 2g          ; 7.999  ; 8.096  ; 8.096  ; 7.999  ;
; x2         ; 3a          ; 5.083  ; 5.083  ; 5.083  ; 5.083  ;
; x2         ; 3b          ; 5.084  ; 5.084  ; 5.084  ; 5.084  ;
; x2         ; 3c          ; 5.083  ;        ;        ; 5.083  ;
; x2         ; 3d          ; 5.638  ; 5.638  ; 5.638  ; 5.638  ;
; x2         ; 3e          ;        ; 5.632  ; 5.632  ;        ;
; x2         ; 3f          ; 5.618  ; 5.618  ; 5.618  ; 5.618  ;
; x2         ; 3g          ; 5.637  ; 5.637  ; 5.637  ; 5.637  ;
; x3         ; 1a          ; 13.586 ; 13.586 ; 13.586 ; 13.586 ;
; x3         ; 1b          ; 13.459 ; 13.459 ; 13.459 ; 13.459 ;
; x3         ; 1c          ; 13.552 ; 13.552 ; 13.552 ; 13.552 ;
; x3         ; 1d          ; 13.272 ; 13.272 ; 13.272 ; 13.272 ;
; x3         ; 1e          ; 13.303 ; 13.303 ; 13.303 ; 13.303 ;
; x3         ; 1f          ; 13.267 ; 13.267 ; 13.267 ; 13.267 ;
; x3         ; 1g          ; 13.567 ; 13.567 ; 13.567 ; 13.567 ;
; x3         ; 2a          ; 12.637 ; 12.637 ; 12.637 ; 12.637 ;
; x3         ; 2c          ; 12.590 ; 12.320 ; 12.320 ; 12.590 ;
; x3         ; 2d          ; 12.653 ; 12.653 ; 12.653 ; 12.653 ;
; x3         ; 2e          ; 12.627 ; 12.627 ; 12.627 ; 12.627 ;
; x3         ; 2f          ; 12.582 ; 12.351 ; 12.351 ; 12.582 ;
; x3         ; 2g          ; 12.366 ; 12.463 ; 12.463 ; 12.366 ;
; x3         ; 4a          ; 9.996  ; 9.996  ; 9.996  ; 9.996  ;
; x3         ; 4b          ; 10.014 ; 10.014 ; 10.014 ; 10.014 ;
; x3         ; 4c          ; 9.961  ;        ;        ; 9.961  ;
; x3         ; 4d          ; 9.973  ; 9.973  ; 9.973  ; 9.973  ;
; x3         ; 4e          ;        ; 9.980  ; 9.980  ;        ;
; x3         ; 4f          ; 10.016 ; 10.016 ; 10.016 ; 10.016 ;
; x3         ; 4g          ; 10.012 ; 10.012 ; 10.012 ; 10.012 ;
; y2         ; 1a          ; 7.769  ; 7.769  ; 7.769  ; 7.769  ;
; y2         ; 1b          ; 7.642  ; 7.642  ; 7.642  ; 7.642  ;
; y2         ; 1c          ; 7.735  ; 7.735  ; 7.735  ; 7.735  ;
; y2         ; 1d          ; 7.455  ; 7.455  ; 7.455  ; 7.455  ;
; y2         ; 1e          ; 7.486  ; 7.486  ; 7.486  ; 7.486  ;
; y2         ; 1f          ; 7.450  ; 7.450  ; 7.450  ; 7.450  ;
; y2         ; 1g          ; 7.750  ; 7.750  ; 7.750  ; 7.750  ;
; y2         ; 2a          ; 6.820  ; 6.820  ; 6.820  ; 6.820  ;
; y2         ; 2c          ; 6.773  ; 6.503  ; 6.503  ; 6.773  ;
; y2         ; 2d          ; 6.836  ; 6.836  ; 6.836  ; 6.836  ;
; y2         ; 2e          ; 6.810  ; 6.810  ; 6.810  ; 6.810  ;
; y2         ; 2f          ; 6.765  ; 6.534  ; 6.534  ; 6.765  ;
; y2         ; 2g          ; 6.549  ; 6.646  ; 6.646  ; 6.549  ;
; y2         ; 3a          ; 4.968  ; 4.968  ; 4.968  ; 4.968  ;
; y2         ; 3b          ; 4.967  ;        ;        ; 4.967  ;
; y2         ; 3c          ; 4.966  ; 4.966  ; 4.966  ; 4.966  ;
; y2         ; 3d          ; 5.519  ; 5.519  ; 5.519  ; 5.519  ;
; y2         ; 3e          ; 5.515  ; 5.515  ; 5.515  ; 5.515  ;
; y2         ; 3f          ; 5.501  ; 5.501  ; 5.501  ; 5.501  ;
; y2         ; 3g          ; 5.521  ; 5.521  ; 5.521  ; 5.521  ;
; y3         ; 1a          ; 12.698 ; 12.698 ; 12.698 ; 12.698 ;
; y3         ; 1b          ; 12.571 ; 12.571 ; 12.571 ; 12.571 ;
; y3         ; 1c          ; 12.664 ; 12.664 ; 12.664 ; 12.664 ;
; y3         ; 1d          ; 12.384 ; 12.384 ; 12.384 ; 12.384 ;
; y3         ; 1e          ; 12.415 ; 12.415 ; 12.415 ; 12.415 ;
; y3         ; 1f          ; 12.379 ; 12.379 ; 12.379 ; 12.379 ;
; y3         ; 1g          ; 12.679 ; 12.679 ; 12.679 ; 12.679 ;
; y3         ; 2a          ; 11.749 ; 11.749 ; 11.749 ; 11.749 ;
; y3         ; 2c          ; 11.702 ; 11.432 ; 11.432 ; 11.702 ;
; y3         ; 2d          ; 11.765 ; 11.765 ; 11.765 ; 11.765 ;
; y3         ; 2e          ; 11.739 ; 11.739 ; 11.739 ; 11.739 ;
; y3         ; 2f          ; 11.694 ; 11.463 ; 11.463 ; 11.694 ;
; y3         ; 2g          ; 11.478 ; 11.575 ; 11.575 ; 11.478 ;
; y3         ; 4a          ; 10.158 ; 10.158 ; 10.158 ; 10.158 ;
; y3         ; 4b          ; 10.191 ;        ;        ; 10.191 ;
; y3         ; 4c          ; 10.109 ; 10.109 ; 10.109 ; 10.109 ;
; y3         ; 4d          ; 10.148 ; 10.148 ; 10.148 ; 10.148 ;
; y3         ; 4e          ; 10.155 ; 10.155 ; 10.155 ; 10.155 ;
; y3         ; 4f          ; 10.191 ; 10.191 ; 10.191 ; 10.191 ;
; y3         ; 4g          ; 10.192 ; 10.192 ; 10.192 ; 10.192 ;
; z2         ; 1a          ; 12.263 ; 12.263 ; 12.263 ; 12.263 ;
; z2         ; 1b          ; 12.136 ; 12.136 ; 12.136 ; 12.136 ;
; z2         ; 1c          ; 12.229 ; 12.229 ; 12.229 ; 12.229 ;
; z2         ; 1d          ; 11.949 ; 11.949 ; 11.949 ; 11.949 ;
; z2         ; 1e          ; 11.980 ; 11.980 ; 11.980 ; 11.980 ;
; z2         ; 1f          ; 11.944 ; 11.944 ; 11.944 ; 11.944 ;
; z2         ; 1g          ; 12.244 ; 12.244 ; 12.244 ; 12.244 ;
; z2         ; 2a          ; 11.314 ; 11.314 ; 11.314 ; 11.314 ;
; z2         ; 2c          ; 11.267 ; 11.004 ; 11.004 ; 11.267 ;
; z2         ; 2d          ; 11.330 ; 11.330 ; 11.330 ; 11.330 ;
; z2         ; 2e          ; 11.304 ; 11.304 ; 11.304 ; 11.304 ;
; z2         ; 2f          ; 11.259 ; 11.035 ; 11.035 ; 11.259 ;
; z2         ; 2g          ; 11.050 ; 11.140 ; 11.140 ; 11.050 ;
; z2         ; 3a          ; 9.550  ; 9.550  ; 9.550  ; 9.550  ;
; z2         ; 3b          ; 9.550  ; 9.550  ; 9.550  ; 9.550  ;
; z2         ; 3c          ; 9.519  ; 9.519  ; 9.519  ; 9.519  ;
; z2         ; 3d          ; 10.102 ; 10.102 ; 10.102 ; 10.102 ;
; z2         ; 3e          ;        ; 10.079 ; 10.079 ;        ;
; z2         ; 3f          ; 10.029 ; 10.029 ; 10.029 ; 10.029 ;
; z2         ; 3g          ; 10.090 ; 10.090 ; 10.090 ; 10.090 ;
; z3         ; 1a          ; 12.084 ; 12.084 ; 12.084 ; 12.084 ;
; z3         ; 1b          ; 11.957 ; 11.957 ; 11.957 ; 11.957 ;
; z3         ; 1c          ; 12.050 ; 12.050 ; 12.050 ; 12.050 ;
; z3         ; 1d          ; 11.770 ; 11.770 ; 11.770 ; 11.770 ;
; z3         ; 1e          ; 11.801 ; 11.801 ; 11.801 ; 11.801 ;
; z3         ; 1f          ; 11.765 ; 11.765 ; 11.765 ; 11.765 ;
; z3         ; 1g          ; 12.065 ; 12.065 ; 12.065 ; 12.065 ;
; z3         ; 2a          ; 11.135 ; 11.135 ; 11.135 ; 11.135 ;
; z3         ; 2c          ; 11.088 ; 10.818 ; 10.818 ; 11.088 ;
; z3         ; 2d          ; 11.151 ; 11.151 ; 11.151 ; 11.151 ;
; z3         ; 2e          ; 11.125 ; 11.125 ; 11.125 ; 11.125 ;
; z3         ; 2f          ; 11.080 ; 10.849 ; 10.849 ; 11.080 ;
; z3         ; 2g          ; 10.864 ; 10.961 ; 10.961 ; 10.864 ;
; z3         ; 4a          ; 9.908  ; 9.908  ; 9.908  ; 9.908  ;
; z3         ; 4b          ; 9.929  ; 9.929  ; 9.929  ; 9.929  ;
; z3         ; 4c          ; 9.876  ; 9.876  ; 9.876  ; 9.876  ;
; z3         ; 4d          ; 9.889  ; 9.889  ; 9.889  ; 9.889  ;
; z3         ; 4e          ;        ; 9.896  ; 9.896  ;        ;
; z3         ; 4f          ; 9.932  ; 9.932  ; 9.932  ; 9.932  ;
; z3         ; 4g          ; 9.932  ; 9.932  ; 9.932  ; 9.932  ;
+------------+-------------+--------+--------+--------+--------+


+--------------------------------------------------------------+
; Minimum Propagation Delay                                    ;
+------------+-------------+--------+--------+--------+--------+
; Input Port ; Output Port ; RR     ; RF     ; FR     ; FF     ;
+------------+-------------+--------+--------+--------+--------+
; Ci         ; 1a          ; 8.296  ; 8.296  ; 8.296  ; 8.296  ;
; Ci         ; 1b          ; 8.169  ; 8.169  ; 8.169  ; 8.169  ;
; Ci         ; 1c          ; 8.260  ; 8.260  ; 8.260  ; 8.260  ;
; Ci         ; 1d          ; 7.978  ; 7.978  ; 7.978  ; 7.978  ;
; Ci         ; 1e          ; 8.018  ; 8.018  ; 8.018  ; 8.018  ;
; Ci         ; 1f          ; 8.005  ; 8.005  ; 8.005  ; 8.005  ;
; Ci         ; 1g          ; 8.288  ; 8.288  ; 8.288  ; 8.288  ;
; Ci         ; 2a          ; 8.831  ; 8.831  ; 8.831  ; 8.831  ;
; Ci         ; 2c          ; 8.783  ; 8.783  ; 8.783  ; 8.783  ;
; Ci         ; 2d          ; 8.847  ; 8.847  ; 8.847  ; 8.847  ;
; Ci         ; 2e          ; 8.820  ; 8.820  ; 8.820  ; 8.820  ;
; Ci         ; 2f          ; 8.814  ; 8.814  ; 8.814  ; 8.814  ;
; Ci         ; 2g          ; 9.675  ; 9.675  ; 9.675  ; 9.675  ;
; w2         ; 1a          ; 6.784  ; 6.784  ; 6.784  ; 6.784  ;
; w2         ; 1b          ; 6.657  ; 6.657  ; 6.657  ; 6.657  ;
; w2         ; 1c          ; 6.748  ; 6.748  ; 6.748  ; 6.748  ;
; w2         ; 1d          ; 6.466  ; 6.466  ; 6.466  ; 6.466  ;
; w2         ; 1e          ; 6.506  ; 6.506  ; 6.506  ; 6.506  ;
; w2         ; 1f          ; 6.493  ; 6.493  ; 6.493  ; 6.493  ;
; w2         ; 1g          ; 6.776  ; 6.776  ; 6.776  ; 6.776  ;
; w2         ; 2a          ; 6.816  ; 6.816  ; 6.816  ; 6.816  ;
; w2         ; 2c          ; 6.768  ; 6.768  ; 6.768  ; 6.768  ;
; w2         ; 2d          ; 6.832  ; 6.832  ; 6.832  ; 6.832  ;
; w2         ; 2e          ; 6.805  ; 6.805  ; 6.805  ; 6.805  ;
; w2         ; 2f          ; 6.799  ; 6.799  ; 6.799  ; 6.799  ;
; w2         ; 2g          ; 7.648  ; 7.648  ; 7.648  ; 7.648  ;
; w2         ; 3a          ; 5.244  ; 5.244  ; 5.244  ; 5.244  ;
; w2         ; 3b          ; 5.243  ; 5.243  ; 5.243  ; 5.243  ;
; w2         ; 3c          ;        ; 5.222  ; 5.222  ;        ;
; w2         ; 3d          ; 5.796  ; 5.796  ; 5.796  ; 5.796  ;
; w2         ; 3e          ; 5.798  ;        ;        ; 5.798  ;
; w2         ; 3f          ; 5.781  ;        ;        ; 5.781  ;
; w2         ; 3g          ; 5.803  ; 5.803  ; 5.803  ; 5.803  ;
; w3         ; 1a          ; 11.043 ; 11.043 ; 11.043 ; 11.043 ;
; w3         ; 1b          ; 10.916 ; 10.916 ; 10.916 ; 10.916 ;
; w3         ; 1c          ; 11.007 ; 11.007 ; 11.007 ; 11.007 ;
; w3         ; 1d          ; 10.725 ; 10.725 ; 10.725 ; 10.725 ;
; w3         ; 1e          ; 10.765 ; 10.765 ; 10.765 ; 10.765 ;
; w3         ; 1f          ; 10.752 ; 10.752 ; 10.752 ; 10.752 ;
; w3         ; 1g          ; 11.035 ; 11.035 ; 11.035 ; 11.035 ;
; w3         ; 2a          ; 11.314 ; 11.314 ; 11.314 ; 11.314 ;
; w3         ; 2c          ; 11.266 ; 11.266 ; 11.266 ; 11.266 ;
; w3         ; 2d          ; 11.330 ; 11.330 ; 11.330 ; 11.330 ;
; w3         ; 2e          ; 11.303 ; 11.303 ; 11.303 ; 11.303 ;
; w3         ; 2f          ; 11.297 ; 11.297 ; 11.297 ; 11.297 ;
; w3         ; 2g          ; 12.146 ; 12.146 ; 12.146 ; 12.146 ;
; w3         ; 4a          ; 10.203 ; 10.203 ; 10.203 ; 10.203 ;
; w3         ; 4b          ; 10.222 ; 10.222 ; 10.222 ; 10.222 ;
; w3         ; 4c          ;        ; 10.142 ; 10.142 ;        ;
; w3         ; 4d          ; 10.183 ; 10.183 ; 10.183 ; 10.183 ;
; w3         ; 4e          ; 10.189 ;        ;        ; 10.189 ;
; w3         ; 4f          ; 10.227 ;        ;        ; 10.227 ;
; w3         ; 4g          ; 10.226 ; 10.226 ; 10.226 ; 10.226 ;
; x2         ; 1a          ; 6.895  ; 6.895  ; 6.895  ; 6.895  ;
; x2         ; 1b          ; 6.768  ; 6.768  ; 6.768  ; 6.768  ;
; x2         ; 1c          ; 6.885  ; 6.885  ; 6.885  ; 6.885  ;
; x2         ; 1d          ; 6.581  ; 6.581  ; 6.581  ; 6.581  ;
; x2         ; 1e          ; 6.619  ; 6.619  ; 6.619  ; 6.619  ;
; x2         ; 1f          ; 6.608  ; 6.608  ; 6.608  ; 6.608  ;
; x2         ; 1g          ; 6.886  ; 6.886  ; 6.886  ; 6.886  ;
; x2         ; 2a          ; 6.474  ; 6.474  ; 6.474  ; 6.474  ;
; x2         ; 2c          ; 6.426  ; 6.426  ; 6.426  ; 6.426  ;
; x2         ; 2d          ; 6.490  ; 6.490  ; 6.490  ; 6.490  ;
; x2         ; 2e          ; 6.463  ; 6.463  ; 6.463  ; 6.463  ;
; x2         ; 2f          ; 6.457  ; 6.457  ; 6.457  ; 6.457  ;
; x2         ; 2g          ; 7.318  ; 7.318  ; 7.318  ; 7.318  ;
; x2         ; 3a          ; 5.083  ; 5.083  ; 5.083  ; 5.083  ;
; x2         ; 3b          ; 5.084  ; 5.084  ; 5.084  ; 5.084  ;
; x2         ; 3c          ; 5.083  ;        ;        ; 5.083  ;
; x2         ; 3d          ; 5.638  ; 5.638  ; 5.638  ; 5.638  ;
; x2         ; 3e          ;        ; 5.632  ; 5.632  ;        ;
; x2         ; 3f          ; 5.618  ; 5.618  ; 5.618  ; 5.618  ;
; x2         ; 3g          ; 5.637  ; 5.637  ; 5.637  ; 5.637  ;
; x3         ; 1a          ; 11.265 ; 11.265 ; 11.265 ; 11.265 ;
; x3         ; 1b          ; 11.138 ; 11.138 ; 11.138 ; 11.138 ;
; x3         ; 1c          ; 11.255 ; 11.255 ; 11.255 ; 11.255 ;
; x3         ; 1d          ; 10.951 ; 10.951 ; 10.951 ; 10.951 ;
; x3         ; 1e          ; 10.989 ; 10.989 ; 10.989 ; 10.989 ;
; x3         ; 1f          ; 10.978 ; 10.978 ; 10.978 ; 10.978 ;
; x3         ; 1g          ; 11.256 ; 11.256 ; 11.256 ; 11.256 ;
; x3         ; 2a          ; 10.844 ; 10.844 ; 10.844 ; 10.844 ;
; x3         ; 2c          ; 10.796 ; 10.796 ; 10.796 ; 10.796 ;
; x3         ; 2d          ; 10.860 ; 10.860 ; 10.860 ; 10.860 ;
; x3         ; 2e          ; 10.833 ; 10.833 ; 10.833 ; 10.833 ;
; x3         ; 2f          ; 10.827 ; 10.827 ; 10.827 ; 10.827 ;
; x3         ; 2g          ; 11.685 ; 11.685 ; 11.685 ; 11.685 ;
; x3         ; 4a          ; 9.996  ; 9.996  ; 9.996  ; 9.996  ;
; x3         ; 4b          ; 10.014 ; 10.014 ; 10.014 ; 10.014 ;
; x3         ; 4c          ; 9.961  ;        ;        ; 9.961  ;
; x3         ; 4d          ; 9.973  ; 9.973  ; 9.973  ; 9.973  ;
; x3         ; 4e          ;        ; 9.980  ; 9.980  ;        ;
; x3         ; 4f          ; 10.016 ; 10.016 ; 10.016 ; 10.016 ;
; x3         ; 4g          ; 10.012 ; 10.012 ; 10.012 ; 10.012 ;
; y2         ; 1a          ; 6.698  ; 6.698  ; 6.698  ; 6.698  ;
; y2         ; 1b          ; 6.571  ; 6.571  ; 6.571  ; 6.571  ;
; y2         ; 1c          ; 6.688  ; 6.688  ; 6.688  ; 6.688  ;
; y2         ; 1d          ; 6.384  ; 6.384  ; 6.384  ; 6.384  ;
; y2         ; 1e          ; 6.422  ; 6.422  ; 6.422  ; 6.422  ;
; y2         ; 1f          ; 6.411  ; 6.411  ; 6.411  ; 6.411  ;
; y2         ; 1g          ; 6.689  ; 6.689  ; 6.689  ; 6.689  ;
; y2         ; 2a          ; 6.277  ; 6.277  ; 6.277  ; 6.277  ;
; y2         ; 2c          ; 6.229  ; 6.229  ; 6.229  ; 6.229  ;
; y2         ; 2d          ; 6.293  ; 6.293  ; 6.293  ; 6.293  ;
; y2         ; 2e          ; 6.266  ; 6.266  ; 6.266  ; 6.266  ;
; y2         ; 2f          ; 6.260  ; 6.260  ; 6.260  ; 6.260  ;
; y2         ; 2g          ; 6.275  ; 6.275  ; 6.275  ; 6.275  ;
; y2         ; 3a          ; 4.968  ; 4.968  ; 4.968  ; 4.968  ;
; y2         ; 3b          ; 4.967  ;        ;        ; 4.967  ;
; y2         ; 3c          ; 4.966  ; 4.966  ; 4.966  ; 4.966  ;
; y2         ; 3d          ; 5.519  ; 5.519  ; 5.519  ; 5.519  ;
; y2         ; 3e          ; 5.515  ; 5.515  ; 5.515  ; 5.515  ;
; y2         ; 3f          ; 5.501  ; 5.501  ; 5.501  ; 5.501  ;
; y2         ; 3g          ; 5.521  ; 5.521  ; 5.521  ; 5.521  ;
; y3         ; 1a          ; 11.370 ; 11.370 ; 11.370 ; 11.370 ;
; y3         ; 1b          ; 11.243 ; 11.243 ; 11.243 ; 11.243 ;
; y3         ; 1c          ; 11.360 ; 11.360 ; 11.360 ; 11.360 ;
; y3         ; 1d          ; 11.056 ; 11.056 ; 11.056 ; 11.056 ;
; y3         ; 1e          ; 11.094 ; 11.094 ; 11.094 ; 11.094 ;
; y3         ; 1f          ; 11.083 ; 11.083 ; 11.083 ; 11.083 ;
; y3         ; 1g          ; 11.361 ; 11.361 ; 11.361 ; 11.361 ;
; y3         ; 2a          ; 10.924 ; 10.924 ; 10.924 ; 10.924 ;
; y3         ; 2c          ; 10.903 ; 10.903 ; 10.903 ; 10.903 ;
; y3         ; 2d          ; 10.940 ; 10.940 ; 10.940 ; 10.940 ;
; y3         ; 2e          ; 10.917 ; 10.917 ; 10.917 ; 10.917 ;
; y3         ; 2f          ; 10.933 ; 10.933 ; 10.933 ; 10.933 ;
; y3         ; 2g          ; 10.953 ; 10.953 ; 10.953 ; 10.953 ;
; y3         ; 4a          ; 10.158 ; 10.158 ; 10.158 ; 10.158 ;
; y3         ; 4b          ; 10.191 ;        ;        ; 10.191 ;
; y3         ; 4c          ; 10.109 ; 10.109 ; 10.109 ; 10.109 ;
; y3         ; 4d          ; 10.148 ; 10.148 ; 10.148 ; 10.148 ;
; y3         ; 4e          ; 10.155 ; 10.155 ; 10.155 ; 10.155 ;
; y3         ; 4f          ; 10.191 ; 10.191 ; 10.191 ; 10.191 ;
; y3         ; 4g          ; 10.192 ; 10.192 ; 10.192 ; 10.192 ;
; z2         ; 1a          ; 11.473 ; 11.473 ; 11.473 ; 11.473 ;
; z2         ; 1b          ; 11.346 ; 11.346 ; 11.346 ; 11.346 ;
; z2         ; 1c          ; 11.463 ; 11.463 ; 11.463 ; 11.463 ;
; z2         ; 1d          ; 11.159 ; 11.159 ; 11.159 ; 11.159 ;
; z2         ; 1e          ; 11.197 ; 11.197 ; 11.197 ; 11.197 ;
; z2         ; 1f          ; 11.186 ; 11.186 ; 11.186 ; 11.186 ;
; z2         ; 1g          ; 11.464 ; 11.464 ; 11.464 ; 11.464 ;
; z2         ; 2a          ; 11.052 ; 11.052 ; 11.052 ; 11.052 ;
; z2         ; 2c          ; 11.004 ; 11.004 ; 11.004 ; 11.004 ;
; z2         ; 2d          ; 11.068 ; 11.068 ; 11.068 ; 11.068 ;
; z2         ; 2e          ; 11.041 ; 11.041 ; 11.041 ; 11.041 ;
; z2         ; 2f          ; 11.035 ; 11.035 ; 11.035 ; 11.035 ;
; z2         ; 2g          ; 11.050 ; 11.050 ; 11.050 ; 11.050 ;
; z2         ; 3a          ; 9.550  ; 9.550  ; 9.550  ; 9.550  ;
; z2         ; 3b          ; 9.550  ; 9.550  ; 9.550  ; 9.550  ;
; z2         ; 3c          ; 9.519  ; 9.519  ; 9.519  ; 9.519  ;
; z2         ; 3d          ; 10.102 ; 10.102 ; 10.102 ; 10.102 ;
; z2         ; 3e          ;        ; 10.079 ; 10.079 ;        ;
; z2         ; 3f          ; 10.029 ; 10.029 ; 10.029 ; 10.029 ;
; z2         ; 3g          ; 10.090 ; 10.090 ; 10.090 ; 10.090 ;
; z3         ; 1a          ; 11.287 ; 11.287 ; 11.287 ; 11.287 ;
; z3         ; 1b          ; 11.160 ; 11.160 ; 11.160 ; 11.160 ;
; z3         ; 1c          ; 11.277 ; 11.277 ; 11.277 ; 11.277 ;
; z3         ; 1d          ; 10.973 ; 10.973 ; 10.973 ; 10.973 ;
; z3         ; 1e          ; 11.011 ; 11.011 ; 11.011 ; 11.011 ;
; z3         ; 1f          ; 11.000 ; 11.000 ; 11.000 ; 11.000 ;
; z3         ; 1g          ; 11.278 ; 11.278 ; 11.278 ; 11.278 ;
; z3         ; 2a          ; 10.866 ; 10.866 ; 10.866 ; 10.866 ;
; z3         ; 2c          ; 10.818 ; 10.818 ; 10.818 ; 10.818 ;
; z3         ; 2d          ; 10.882 ; 10.882 ; 10.882 ; 10.882 ;
; z3         ; 2e          ; 10.855 ; 10.855 ; 10.855 ; 10.855 ;
; z3         ; 2f          ; 10.849 ; 10.849 ; 10.849 ; 10.849 ;
; z3         ; 2g          ; 10.864 ; 10.864 ; 10.864 ; 10.864 ;
; z3         ; 4a          ; 9.908  ; 9.908  ; 9.908  ; 9.908  ;
; z3         ; 4b          ; 9.929  ; 9.929  ; 9.929  ; 9.929  ;
; z3         ; 4c          ; 9.876  ; 9.876  ; 9.876  ; 9.876  ;
; z3         ; 4d          ; 9.889  ; 9.889  ; 9.889  ; 9.889  ;
; z3         ; 4e          ;        ; 9.896  ; 9.896  ;        ;
; z3         ; 4f          ; 9.932  ; 9.932  ; 9.932  ; 9.932  ;
; z3         ; 4g          ; 9.932  ; 9.932  ; 9.932  ; 9.932  ;
+------------+-------------+--------+--------+--------+--------+


----------------------------
; Fast Model Setup Summary ;
----------------------------
No paths to report.


---------------------------
; Fast Model Hold Summary ;
---------------------------
No paths to report.


-------------------------------
; Fast Model Recovery Summary ;
-------------------------------
No paths to report.


------------------------------
; Fast Model Removal Summary ;
------------------------------
No paths to report.


------------------------------------------
; Fast Model Minimum Pulse Width Summary ;
------------------------------------------
No paths to report.


+----------------------------------------------------------+
; Propagation Delay                                        ;
+------------+-------------+-------+-------+-------+-------+
; Input Port ; Output Port ; RR    ; RF    ; FR    ; FF    ;
+------------+-------------+-------+-------+-------+-------+
; Ci         ; 1a          ; 5.617 ; 5.617 ; 5.617 ; 5.617 ;
; Ci         ; 1b          ; 5.570 ; 5.570 ; 5.570 ; 5.570 ;
; Ci         ; 1c          ; 5.628 ; 5.628 ; 5.628 ; 5.628 ;
; Ci         ; 1d          ; 5.475 ; 5.475 ; 5.475 ; 5.475 ;
; Ci         ; 1e          ; 5.495 ; 5.495 ; 5.495 ; 5.495 ;
; Ci         ; 1f          ; 5.496 ; 5.496 ; 5.496 ; 5.496 ;
; Ci         ; 1g          ; 5.608 ; 5.608 ; 5.608 ; 5.608 ;
; Ci         ; 2a          ; 5.213 ; 5.213 ; 5.213 ; 5.213 ;
; Ci         ; 2c          ; 5.176 ; 5.062 ; 5.062 ; 5.176 ;
; Ci         ; 2d          ; 5.226 ; 5.226 ; 5.226 ; 5.226 ;
; Ci         ; 2e          ; 5.201 ; 5.201 ; 5.201 ; 5.201 ;
; Ci         ; 2f          ; 5.198 ; 5.081 ; 5.081 ; 5.198 ;
; Ci         ; 2g          ; 5.102 ; 5.137 ; 5.137 ; 5.102 ;
; w2         ; 1a          ; 4.831 ; 4.831 ; 4.831 ; 4.831 ;
; w2         ; 1b          ; 4.784 ; 4.784 ; 4.784 ; 4.784 ;
; w2         ; 1c          ; 4.842 ; 4.842 ; 4.842 ; 4.842 ;
; w2         ; 1d          ; 4.689 ; 4.689 ; 4.689 ; 4.689 ;
; w2         ; 1e          ; 4.709 ; 4.709 ; 4.709 ; 4.709 ;
; w2         ; 1f          ; 4.710 ; 4.710 ; 4.710 ; 4.710 ;
; w2         ; 1g          ; 4.822 ; 4.822 ; 4.822 ; 4.822 ;
; w2         ; 2a          ; 4.427 ; 4.427 ; 4.427 ; 4.427 ;
; w2         ; 2c          ; 4.390 ; 4.276 ; 4.276 ; 4.390 ;
; w2         ; 2d          ; 4.440 ; 4.440 ; 4.440 ; 4.440 ;
; w2         ; 2e          ; 4.415 ; 4.415 ; 4.415 ; 4.415 ;
; w2         ; 2f          ; 4.412 ; 4.295 ; 4.295 ; 4.412 ;
; w2         ; 2g          ; 4.316 ; 4.351 ; 4.351 ; 4.316 ;
; w2         ; 3a          ; 2.710 ; 2.710 ; 2.710 ; 2.710 ;
; w2         ; 3b          ; 2.711 ; 2.711 ; 2.711 ; 2.711 ;
; w2         ; 3c          ;       ; 2.718 ; 2.718 ;       ;
; w2         ; 3d          ; 2.997 ; 2.997 ; 2.997 ; 2.997 ;
; w2         ; 3e          ; 2.999 ;       ;       ; 2.999 ;
; w2         ; 3f          ; 2.987 ;       ;       ; 2.987 ;
; w2         ; 3g          ; 2.988 ; 2.988 ; 2.988 ; 2.988 ;
; w3         ; 1a          ; 7.404 ; 7.404 ; 7.404 ; 7.404 ;
; w3         ; 1b          ; 7.357 ; 7.357 ; 7.357 ; 7.357 ;
; w3         ; 1c          ; 7.415 ; 7.415 ; 7.415 ; 7.415 ;
; w3         ; 1d          ; 7.262 ; 7.262 ; 7.262 ; 7.262 ;
; w3         ; 1e          ; 7.282 ; 7.282 ; 7.282 ; 7.282 ;
; w3         ; 1f          ; 7.283 ; 7.283 ; 7.283 ; 7.283 ;
; w3         ; 1g          ; 7.395 ; 7.395 ; 7.395 ; 7.395 ;
; w3         ; 2a          ; 7.000 ; 7.000 ; 7.000 ; 7.000 ;
; w3         ; 2c          ; 6.963 ; 6.849 ; 6.849 ; 6.963 ;
; w3         ; 2d          ; 7.013 ; 7.013 ; 7.013 ; 7.013 ;
; w3         ; 2e          ; 6.988 ; 6.988 ; 6.988 ; 6.988 ;
; w3         ; 2f          ; 6.985 ; 6.868 ; 6.868 ; 6.985 ;
; w3         ; 2g          ; 6.889 ; 6.924 ; 6.924 ; 6.889 ;
; w3         ; 4a          ; 5.674 ; 5.674 ; 5.674 ; 5.674 ;
; w3         ; 4b          ; 5.673 ; 5.673 ; 5.673 ; 5.673 ;
; w3         ; 4c          ;       ; 5.636 ; 5.636 ;       ;
; w3         ; 4d          ; 5.645 ; 5.645 ; 5.645 ; 5.645 ;
; w3         ; 4e          ; 5.655 ;       ;       ; 5.655 ;
; w3         ; 4f          ; 5.690 ;       ;       ; 5.690 ;
; w3         ; 4g          ; 5.684 ; 5.684 ; 5.684 ; 5.684 ;
; x2         ; 1a          ; 4.472 ; 4.472 ; 4.472 ; 4.472 ;
; x2         ; 1b          ; 4.425 ; 4.425 ; 4.425 ; 4.425 ;
; x2         ; 1c          ; 4.483 ; 4.483 ; 4.483 ; 4.483 ;
; x2         ; 1d          ; 4.330 ; 4.330 ; 4.330 ; 4.330 ;
; x2         ; 1e          ; 4.350 ; 4.350 ; 4.350 ; 4.350 ;
; x2         ; 1f          ; 4.351 ; 4.351 ; 4.351 ; 4.351 ;
; x2         ; 1g          ; 4.463 ; 4.463 ; 4.463 ; 4.463 ;
; x2         ; 2a          ; 4.068 ; 4.068 ; 4.068 ; 4.068 ;
; x2         ; 2c          ; 4.031 ; 3.917 ; 3.917 ; 4.031 ;
; x2         ; 2d          ; 4.081 ; 4.081 ; 4.081 ; 4.081 ;
; x2         ; 2e          ; 4.056 ; 4.056 ; 4.056 ; 4.056 ;
; x2         ; 2f          ; 4.053 ; 3.936 ; 3.936 ; 4.053 ;
; x2         ; 2g          ; 3.957 ; 3.992 ; 3.992 ; 3.957 ;
; x2         ; 3a          ; 2.636 ; 2.636 ; 2.636 ; 2.636 ;
; x2         ; 3b          ; 2.637 ; 2.637 ; 2.637 ; 2.637 ;
; x2         ; 3c          ; 2.641 ;       ;       ; 2.641 ;
; x2         ; 3d          ; 2.923 ; 2.923 ; 2.923 ; 2.923 ;
; x2         ; 3e          ;       ; 2.927 ; 2.927 ;       ;
; x2         ; 3f          ; 2.910 ; 2.910 ; 2.910 ; 2.910 ;
; x2         ; 3g          ; 2.916 ; 2.916 ; 2.916 ; 2.916 ;
; x3         ; 1a          ; 7.076 ; 7.076 ; 7.076 ; 7.076 ;
; x3         ; 1b          ; 7.029 ; 7.029 ; 7.029 ; 7.029 ;
; x3         ; 1c          ; 7.087 ; 7.087 ; 7.087 ; 7.087 ;
; x3         ; 1d          ; 6.934 ; 6.934 ; 6.934 ; 6.934 ;
; x3         ; 1e          ; 6.954 ; 6.954 ; 6.954 ; 6.954 ;
; x3         ; 1f          ; 6.955 ; 6.955 ; 6.955 ; 6.955 ;
; x3         ; 1g          ; 7.067 ; 7.067 ; 7.067 ; 7.067 ;
; x3         ; 2a          ; 6.672 ; 6.672 ; 6.672 ; 6.672 ;
; x3         ; 2c          ; 6.635 ; 6.521 ; 6.521 ; 6.635 ;
; x3         ; 2d          ; 6.685 ; 6.685 ; 6.685 ; 6.685 ;
; x3         ; 2e          ; 6.660 ; 6.660 ; 6.660 ; 6.660 ;
; x3         ; 2f          ; 6.657 ; 6.540 ; 6.540 ; 6.657 ;
; x3         ; 2g          ; 6.561 ; 6.596 ; 6.596 ; 6.561 ;
; x3         ; 4a          ; 5.568 ; 5.568 ; 5.568 ; 5.568 ;
; x3         ; 4b          ; 5.579 ; 5.579 ; 5.579 ; 5.579 ;
; x3         ; 4c          ; 5.538 ;       ;       ; 5.538 ;
; x3         ; 4d          ; 5.550 ; 5.550 ; 5.550 ; 5.550 ;
; x3         ; 4e          ;       ; 5.549 ; 5.549 ;       ;
; x3         ; 4f          ; 5.585 ; 5.585 ; 5.585 ; 5.585 ;
; x3         ; 4g          ; 5.584 ; 5.584 ; 5.584 ; 5.584 ;
; y2         ; 1a          ; 3.810 ; 3.810 ; 3.810 ; 3.810 ;
; y2         ; 1b          ; 3.763 ; 3.763 ; 3.763 ; 3.763 ;
; y2         ; 1c          ; 3.821 ; 3.821 ; 3.821 ; 3.821 ;
; y2         ; 1d          ; 3.668 ; 3.668 ; 3.668 ; 3.668 ;
; y2         ; 1e          ; 3.688 ; 3.688 ; 3.688 ; 3.688 ;
; y2         ; 1f          ; 3.689 ; 3.689 ; 3.689 ; 3.689 ;
; y2         ; 1g          ; 3.801 ; 3.801 ; 3.801 ; 3.801 ;
; y2         ; 2a          ; 3.406 ; 3.406 ; 3.406 ; 3.406 ;
; y2         ; 2c          ; 3.369 ; 3.255 ; 3.255 ; 3.369 ;
; y2         ; 2d          ; 3.419 ; 3.419 ; 3.419 ; 3.419 ;
; y2         ; 2e          ; 3.394 ; 3.394 ; 3.394 ; 3.394 ;
; y2         ; 2f          ; 3.391 ; 3.274 ; 3.274 ; 3.391 ;
; y2         ; 2g          ; 3.295 ; 3.330 ; 3.330 ; 3.295 ;
; y2         ; 3a          ; 2.595 ; 2.595 ; 2.595 ; 2.595 ;
; y2         ; 3b          ; 2.595 ;       ;       ; 2.595 ;
; y2         ; 3c          ; 2.597 ; 2.597 ; 2.597 ; 2.597 ;
; y2         ; 3d          ; 2.879 ; 2.879 ; 2.879 ; 2.879 ;
; y2         ; 3e          ; 2.880 ; 2.880 ; 2.880 ; 2.880 ;
; y2         ; 3f          ; 2.863 ; 2.863 ; 2.863 ; 2.863 ;
; y2         ; 3g          ; 2.869 ; 2.869 ; 2.869 ; 2.869 ;
; y3         ; 1a          ; 6.714 ; 6.714 ; 6.714 ; 6.714 ;
; y3         ; 1b          ; 6.667 ; 6.667 ; 6.667 ; 6.667 ;
; y3         ; 1c          ; 6.725 ; 6.725 ; 6.725 ; 6.725 ;
; y3         ; 1d          ; 6.572 ; 6.572 ; 6.572 ; 6.572 ;
; y3         ; 1e          ; 6.592 ; 6.592 ; 6.592 ; 6.592 ;
; y3         ; 1f          ; 6.593 ; 6.593 ; 6.593 ; 6.593 ;
; y3         ; 1g          ; 6.705 ; 6.705 ; 6.705 ; 6.705 ;
; y3         ; 2a          ; 6.310 ; 6.310 ; 6.310 ; 6.310 ;
; y3         ; 2c          ; 6.273 ; 6.159 ; 6.159 ; 6.273 ;
; y3         ; 2d          ; 6.323 ; 6.323 ; 6.323 ; 6.323 ;
; y3         ; 2e          ; 6.298 ; 6.298 ; 6.298 ; 6.298 ;
; y3         ; 2f          ; 6.295 ; 6.178 ; 6.178 ; 6.295 ;
; y3         ; 2g          ; 6.199 ; 6.234 ; 6.234 ; 6.199 ;
; y3         ; 4a          ; 5.659 ; 5.659 ; 5.659 ; 5.659 ;
; y3         ; 4b          ; 5.674 ;       ;       ; 5.674 ;
; y3         ; 4c          ; 5.637 ; 5.637 ; 5.637 ; 5.637 ;
; y3         ; 4d          ; 5.640 ; 5.640 ; 5.640 ; 5.640 ;
; y3         ; 4e          ; 5.646 ; 5.646 ; 5.646 ; 5.646 ;
; y3         ; 4f          ; 5.683 ; 5.683 ; 5.683 ; 5.683 ;
; y3         ; 4g          ; 5.679 ; 5.679 ; 5.679 ; 5.679 ;
; z2         ; 1a          ; 6.506 ; 6.506 ; 6.506 ; 6.506 ;
; z2         ; 1b          ; 6.459 ; 6.459 ; 6.459 ; 6.459 ;
; z2         ; 1c          ; 6.517 ; 6.517 ; 6.517 ; 6.517 ;
; z2         ; 1d          ; 6.364 ; 6.364 ; 6.364 ; 6.364 ;
; z2         ; 1e          ; 6.384 ; 6.384 ; 6.384 ; 6.384 ;
; z2         ; 1f          ; 6.385 ; 6.385 ; 6.385 ; 6.385 ;
; z2         ; 1g          ; 6.497 ; 6.497 ; 6.497 ; 6.497 ;
; z2         ; 2a          ; 6.102 ; 6.102 ; 6.102 ; 6.102 ;
; z2         ; 2c          ; 6.065 ; 5.951 ; 5.951 ; 6.065 ;
; z2         ; 2d          ; 6.115 ; 6.115 ; 6.115 ; 6.115 ;
; z2         ; 2e          ; 6.090 ; 6.090 ; 6.090 ; 6.090 ;
; z2         ; 2f          ; 6.087 ; 5.970 ; 5.970 ; 6.087 ;
; z2         ; 2g          ; 5.991 ; 6.026 ; 6.026 ; 5.991 ;
; z2         ; 3a          ; 5.315 ; 5.315 ; 5.315 ; 5.315 ;
; z2         ; 3b          ; 5.315 ; 5.315 ; 5.315 ; 5.315 ;
; z2         ; 3c          ; 5.319 ; 5.319 ; 5.319 ; 5.319 ;
; z2         ; 3d          ; 5.598 ; 5.598 ; 5.598 ; 5.598 ;
; z2         ; 3e          ;       ; 5.586 ; 5.586 ;       ;
; z2         ; 3f          ; 5.564 ; 5.564 ; 5.564 ; 5.564 ;
; z2         ; 3g          ; 5.578 ; 5.578 ; 5.578 ; 5.578 ;
; z3         ; 1a          ; 6.454 ; 6.454 ; 6.454 ; 6.454 ;
; z3         ; 1b          ; 6.407 ; 6.407 ; 6.407 ; 6.407 ;
; z3         ; 1c          ; 6.465 ; 6.465 ; 6.465 ; 6.465 ;
; z3         ; 1d          ; 6.312 ; 6.312 ; 6.312 ; 6.312 ;
; z3         ; 1e          ; 6.332 ; 6.332 ; 6.332 ; 6.332 ;
; z3         ; 1f          ; 6.333 ; 6.333 ; 6.333 ; 6.333 ;
; z3         ; 1g          ; 6.445 ; 6.445 ; 6.445 ; 6.445 ;
; z3         ; 2a          ; 6.050 ; 6.050 ; 6.050 ; 6.050 ;
; z3         ; 2c          ; 6.013 ; 5.901 ; 5.901 ; 6.013 ;
; z3         ; 2d          ; 6.063 ; 6.063 ; 6.063 ; 6.063 ;
; z3         ; 2e          ; 6.038 ; 6.038 ; 6.038 ; 6.038 ;
; z3         ; 2f          ; 6.035 ; 5.920 ; 5.920 ; 6.035 ;
; z3         ; 2g          ; 5.941 ; 5.974 ; 5.974 ; 5.941 ;
; z3         ; 4a          ; 5.550 ; 5.550 ; 5.550 ; 5.550 ;
; z3         ; 4b          ; 5.556 ; 5.556 ; 5.556 ; 5.556 ;
; z3         ; 4c          ; 5.520 ; 5.520 ; 5.520 ; 5.520 ;
; z3         ; 4d          ; 5.529 ; 5.529 ; 5.529 ; 5.529 ;
; z3         ; 4e          ;       ; 5.532 ; 5.532 ;       ;
; z3         ; 4f          ; 5.566 ; 5.566 ; 5.566 ; 5.566 ;
; z3         ; 4g          ; 5.568 ; 5.568 ; 5.568 ; 5.568 ;
+------------+-------------+-------+-------+-------+-------+


+----------------------------------------------------------+
; Minimum Propagation Delay                                ;
+------------+-------------+-------+-------+-------+-------+
; Input Port ; Output Port ; RR    ; RF    ; FR    ; FF    ;
+------------+-------------+-------+-------+-------+-------+
; Ci         ; 1a          ; 4.159 ; 4.159 ; 4.159 ; 4.159 ;
; Ci         ; 1b          ; 4.111 ; 4.111 ; 4.111 ; 4.111 ;
; Ci         ; 1c          ; 4.166 ; 4.166 ; 4.166 ; 4.166 ;
; Ci         ; 1d          ; 4.016 ; 4.016 ; 4.016 ; 4.016 ;
; Ci         ; 1e          ; 4.041 ; 4.041 ; 4.041 ; 4.041 ;
; Ci         ; 1f          ; 4.042 ; 4.042 ; 4.042 ; 4.042 ;
; Ci         ; 1g          ; 4.162 ; 4.162 ; 4.162 ; 4.162 ;
; Ci         ; 2a          ; 4.418 ; 4.418 ; 4.418 ; 4.418 ;
; Ci         ; 2c          ; 4.381 ; 4.381 ; 4.381 ; 4.381 ;
; Ci         ; 2d          ; 4.431 ; 4.431 ; 4.431 ; 4.431 ;
; Ci         ; 2e          ; 4.407 ; 4.407 ; 4.407 ; 4.407 ;
; Ci         ; 2f          ; 4.402 ; 4.402 ; 4.402 ; 4.402 ;
; Ci         ; 2g          ; 4.777 ; 4.777 ; 4.777 ; 4.777 ;
; w2         ; 1a          ; 3.397 ; 3.397 ; 3.397 ; 3.397 ;
; w2         ; 1b          ; 3.349 ; 3.349 ; 3.349 ; 3.349 ;
; w2         ; 1c          ; 3.404 ; 3.404 ; 3.404 ; 3.404 ;
; w2         ; 1d          ; 3.254 ; 3.254 ; 3.254 ; 3.254 ;
; w2         ; 1e          ; 3.279 ; 3.279 ; 3.279 ; 3.279 ;
; w2         ; 1f          ; 3.280 ; 3.280 ; 3.280 ; 3.280 ;
; w2         ; 1g          ; 3.400 ; 3.400 ; 3.400 ; 3.400 ;
; w2         ; 2a          ; 3.425 ; 3.425 ; 3.425 ; 3.425 ;
; w2         ; 2c          ; 3.388 ; 3.388 ; 3.388 ; 3.388 ;
; w2         ; 2d          ; 3.438 ; 3.438 ; 3.438 ; 3.438 ;
; w2         ; 2e          ; 3.414 ; 3.414 ; 3.414 ; 3.414 ;
; w2         ; 2f          ; 3.409 ; 3.409 ; 3.409 ; 3.409 ;
; w2         ; 2g          ; 3.772 ; 3.772 ; 3.772 ; 3.772 ;
; w2         ; 3a          ; 2.710 ; 2.710 ; 2.710 ; 2.710 ;
; w2         ; 3b          ; 2.711 ; 2.711 ; 2.711 ; 2.711 ;
; w2         ; 3c          ;       ; 2.718 ; 2.718 ;       ;
; w2         ; 3d          ; 2.997 ; 2.997 ; 2.997 ; 2.997 ;
; w2         ; 3e          ; 2.999 ;       ;       ; 2.999 ;
; w2         ; 3f          ; 2.987 ;       ;       ; 2.987 ;
; w2         ; 3g          ; 2.988 ; 2.988 ; 2.988 ; 2.988 ;
; w3         ; 1a          ; 5.972 ; 5.972 ; 5.972 ; 5.972 ;
; w3         ; 1b          ; 5.924 ; 5.924 ; 5.924 ; 5.924 ;
; w3         ; 1c          ; 5.979 ; 5.979 ; 5.979 ; 5.979 ;
; w3         ; 1d          ; 5.829 ; 5.829 ; 5.829 ; 5.829 ;
; w3         ; 1e          ; 5.854 ; 5.854 ; 5.854 ; 5.854 ;
; w3         ; 1f          ; 5.855 ; 5.855 ; 5.855 ; 5.855 ;
; w3         ; 1g          ; 5.975 ; 5.975 ; 5.975 ; 5.975 ;
; w3         ; 2a          ; 6.118 ; 6.118 ; 6.118 ; 6.118 ;
; w3         ; 2c          ; 6.081 ; 6.081 ; 6.081 ; 6.081 ;
; w3         ; 2d          ; 6.131 ; 6.131 ; 6.131 ; 6.131 ;
; w3         ; 2e          ; 6.107 ; 6.107 ; 6.107 ; 6.107 ;
; w3         ; 2f          ; 6.102 ; 6.102 ; 6.102 ; 6.102 ;
; w3         ; 2g          ; 6.465 ; 6.465 ; 6.465 ; 6.465 ;
; w3         ; 4a          ; 5.674 ; 5.674 ; 5.674 ; 5.674 ;
; w3         ; 4b          ; 5.673 ; 5.673 ; 5.673 ; 5.673 ;
; w3         ; 4c          ;       ; 5.636 ; 5.636 ;       ;
; w3         ; 4d          ; 5.645 ; 5.645 ; 5.645 ; 5.645 ;
; w3         ; 4e          ; 5.655 ;       ;       ; 5.655 ;
; w3         ; 4f          ; 5.690 ;       ;       ; 5.690 ;
; w3         ; 4g          ; 5.684 ; 5.684 ; 5.684 ; 5.684 ;
; x2         ; 1a          ; 3.437 ; 3.437 ; 3.437 ; 3.437 ;
; x2         ; 1b          ; 3.389 ; 3.389 ; 3.389 ; 3.389 ;
; x2         ; 1c          ; 3.441 ; 3.441 ; 3.441 ; 3.441 ;
; x2         ; 1d          ; 3.295 ; 3.295 ; 3.295 ; 3.295 ;
; x2         ; 1e          ; 3.320 ; 3.320 ; 3.320 ; 3.320 ;
; x2         ; 1f          ; 3.316 ; 3.316 ; 3.316 ; 3.316 ;
; x2         ; 1g          ; 3.441 ; 3.441 ; 3.441 ; 3.441 ;
; x2         ; 2a          ; 3.265 ; 3.265 ; 3.265 ; 3.265 ;
; x2         ; 2c          ; 3.228 ; 3.228 ; 3.228 ; 3.228 ;
; x2         ; 2d          ; 3.278 ; 3.278 ; 3.278 ; 3.278 ;
; x2         ; 2e          ; 3.254 ; 3.254 ; 3.254 ; 3.254 ;
; x2         ; 2f          ; 3.249 ; 3.249 ; 3.249 ; 3.249 ;
; x2         ; 2g          ; 3.631 ; 3.631 ; 3.631 ; 3.631 ;
; x2         ; 3a          ; 2.636 ; 2.636 ; 2.636 ; 2.636 ;
; x2         ; 3b          ; 2.637 ; 2.637 ; 2.637 ; 2.637 ;
; x2         ; 3c          ; 2.641 ;       ;       ; 2.641 ;
; x2         ; 3d          ; 2.923 ; 2.923 ; 2.923 ; 2.923 ;
; x2         ; 3e          ;       ; 2.927 ; 2.927 ;       ;
; x2         ; 3f          ; 2.910 ; 2.910 ; 2.910 ; 2.910 ;
; x2         ; 3g          ; 2.916 ; 2.916 ; 2.916 ; 2.916 ;
; x3         ; 1a          ; 6.051 ; 6.051 ; 6.051 ; 6.051 ;
; x3         ; 1b          ; 6.003 ; 6.003 ; 6.003 ; 6.003 ;
; x3         ; 1c          ; 6.055 ; 6.055 ; 6.055 ; 6.055 ;
; x3         ; 1d          ; 5.909 ; 5.909 ; 5.909 ; 5.909 ;
; x3         ; 1e          ; 5.934 ; 5.934 ; 5.934 ; 5.934 ;
; x3         ; 1f          ; 5.930 ; 5.930 ; 5.930 ; 5.930 ;
; x3         ; 1g          ; 6.055 ; 6.055 ; 6.055 ; 6.055 ;
; x3         ; 2a          ; 5.879 ; 5.879 ; 5.879 ; 5.879 ;
; x3         ; 2c          ; 5.842 ; 5.842 ; 5.842 ; 5.842 ;
; x3         ; 2d          ; 5.892 ; 5.892 ; 5.892 ; 5.892 ;
; x3         ; 2e          ; 5.868 ; 5.868 ; 5.868 ; 5.868 ;
; x3         ; 2f          ; 5.863 ; 5.863 ; 5.863 ; 5.863 ;
; x3         ; 2g          ; 6.235 ; 6.235 ; 6.235 ; 6.235 ;
; x3         ; 4a          ; 5.568 ; 5.568 ; 5.568 ; 5.568 ;
; x3         ; 4b          ; 5.579 ; 5.579 ; 5.579 ; 5.579 ;
; x3         ; 4c          ; 5.538 ;       ;       ; 5.538 ;
; x3         ; 4d          ; 5.550 ; 5.550 ; 5.550 ; 5.550 ;
; x3         ; 4e          ;       ; 5.549 ; 5.549 ;       ;
; x3         ; 4f          ; 5.585 ; 5.585 ; 5.585 ; 5.585 ;
; x3         ; 4g          ; 5.584 ; 5.584 ; 5.584 ; 5.584 ;
; y2         ; 1a          ; 3.346 ; 3.346 ; 3.346 ; 3.346 ;
; y2         ; 1b          ; 3.298 ; 3.298 ; 3.298 ; 3.298 ;
; y2         ; 1c          ; 3.350 ; 3.350 ; 3.350 ; 3.350 ;
; y2         ; 1d          ; 3.204 ; 3.204 ; 3.204 ; 3.204 ;
; y2         ; 1e          ; 3.229 ; 3.229 ; 3.229 ; 3.229 ;
; y2         ; 1f          ; 3.225 ; 3.225 ; 3.225 ; 3.225 ;
; y2         ; 1g          ; 3.350 ; 3.350 ; 3.350 ; 3.350 ;
; y2         ; 2a          ; 3.175 ; 3.175 ; 3.175 ; 3.175 ;
; y2         ; 2c          ; 3.138 ; 3.138 ; 3.138 ; 3.138 ;
; y2         ; 2d          ; 3.188 ; 3.188 ; 3.188 ; 3.188 ;
; y2         ; 2e          ; 3.164 ; 3.164 ; 3.164 ; 3.164 ;
; y2         ; 2f          ; 3.157 ; 3.157 ; 3.157 ; 3.157 ;
; y2         ; 2g          ; 3.178 ; 3.178 ; 3.178 ; 3.178 ;
; y2         ; 3a          ; 2.595 ; 2.595 ; 2.595 ; 2.595 ;
; y2         ; 3b          ; 2.595 ;       ;       ; 2.595 ;
; y2         ; 3c          ; 2.597 ; 2.597 ; 2.597 ; 2.597 ;
; y2         ; 3d          ; 2.879 ; 2.879 ; 2.879 ; 2.879 ;
; y2         ; 3e          ; 2.880 ; 2.880 ; 2.880 ; 2.880 ;
; y2         ; 3f          ; 2.863 ; 2.863 ; 2.863 ; 2.863 ;
; y2         ; 3g          ; 2.869 ; 2.869 ; 2.869 ; 2.869 ;
; y3         ; 1a          ; 6.118 ; 6.118 ; 6.118 ; 6.118 ;
; y3         ; 1b          ; 6.070 ; 6.070 ; 6.070 ; 6.070 ;
; y3         ; 1c          ; 6.122 ; 6.122 ; 6.122 ; 6.122 ;
; y3         ; 1d          ; 5.976 ; 5.976 ; 5.976 ; 5.976 ;
; y3         ; 1e          ; 6.001 ; 6.001 ; 6.001 ; 6.001 ;
; y3         ; 1f          ; 5.997 ; 5.997 ; 5.997 ; 5.997 ;
; y3         ; 1g          ; 6.122 ; 6.122 ; 6.122 ; 6.122 ;
; y3         ; 2a          ; 5.943 ; 5.943 ; 5.943 ; 5.943 ;
; y3         ; 2c          ; 5.906 ; 5.906 ; 5.906 ; 5.906 ;
; y3         ; 2d          ; 5.956 ; 5.956 ; 5.956 ; 5.956 ;
; y3         ; 2e          ; 5.932 ; 5.932 ; 5.932 ; 5.932 ;
; y3         ; 2f          ; 5.927 ; 5.927 ; 5.927 ; 5.927 ;
; y3         ; 2g          ; 5.946 ; 5.946 ; 5.946 ; 5.946 ;
; y3         ; 4a          ; 5.659 ; 5.659 ; 5.659 ; 5.659 ;
; y3         ; 4b          ; 5.674 ;       ;       ; 5.674 ;
; y3         ; 4c          ; 5.637 ; 5.637 ; 5.637 ; 5.637 ;
; y3         ; 4d          ; 5.640 ; 5.640 ; 5.640 ; 5.640 ;
; y3         ; 4e          ; 5.646 ; 5.646 ; 5.646 ; 5.646 ;
; y3         ; 4f          ; 5.683 ; 5.683 ; 5.683 ; 5.683 ;
; y3         ; 4g          ; 5.679 ; 5.679 ; 5.679 ; 5.679 ;
; z2         ; 1a          ; 6.159 ; 6.159 ; 6.159 ; 6.159 ;
; z2         ; 1b          ; 6.111 ; 6.111 ; 6.111 ; 6.111 ;
; z2         ; 1c          ; 6.163 ; 6.163 ; 6.163 ; 6.163 ;
; z2         ; 1d          ; 6.017 ; 6.017 ; 6.017 ; 6.017 ;
; z2         ; 1e          ; 6.042 ; 6.042 ; 6.042 ; 6.042 ;
; z2         ; 1f          ; 6.038 ; 6.038 ; 6.038 ; 6.038 ;
; z2         ; 1g          ; 6.163 ; 6.163 ; 6.163 ; 6.163 ;
; z2         ; 2a          ; 5.988 ; 5.988 ; 5.988 ; 5.988 ;
; z2         ; 2c          ; 5.951 ; 5.951 ; 5.951 ; 5.951 ;
; z2         ; 2d          ; 6.001 ; 6.001 ; 6.001 ; 6.001 ;
; z2         ; 2e          ; 5.977 ; 5.977 ; 5.977 ; 5.977 ;
; z2         ; 2f          ; 5.970 ; 5.970 ; 5.970 ; 5.970 ;
; z2         ; 2g          ; 5.991 ; 5.991 ; 5.991 ; 5.991 ;
; z2         ; 3a          ; 5.315 ; 5.315 ; 5.315 ; 5.315 ;
; z2         ; 3b          ; 5.315 ; 5.315 ; 5.315 ; 5.315 ;
; z2         ; 3c          ; 5.319 ; 5.319 ; 5.319 ; 5.319 ;
; z2         ; 3d          ; 5.598 ; 5.598 ; 5.598 ; 5.598 ;
; z2         ; 3e          ;       ; 5.586 ; 5.586 ;       ;
; z2         ; 3f          ; 5.564 ; 5.564 ; 5.564 ; 5.564 ;
; z2         ; 3g          ; 5.578 ; 5.578 ; 5.578 ; 5.578 ;
; z3         ; 1a          ; 6.109 ; 6.109 ; 6.109 ; 6.109 ;
; z3         ; 1b          ; 6.061 ; 6.061 ; 6.061 ; 6.061 ;
; z3         ; 1c          ; 6.113 ; 6.113 ; 6.113 ; 6.113 ;
; z3         ; 1d          ; 5.967 ; 5.967 ; 5.967 ; 5.967 ;
; z3         ; 1e          ; 5.992 ; 5.992 ; 5.992 ; 5.992 ;
; z3         ; 1f          ; 5.988 ; 5.988 ; 5.988 ; 5.988 ;
; z3         ; 1g          ; 6.113 ; 6.113 ; 6.113 ; 6.113 ;
; z3         ; 2a          ; 5.938 ; 5.938 ; 5.938 ; 5.938 ;
; z3         ; 2c          ; 5.901 ; 5.901 ; 5.901 ; 5.901 ;
; z3         ; 2d          ; 5.951 ; 5.951 ; 5.951 ; 5.951 ;
; z3         ; 2e          ; 5.927 ; 5.927 ; 5.927 ; 5.927 ;
; z3         ; 2f          ; 5.920 ; 5.920 ; 5.920 ; 5.920 ;
; z3         ; 2g          ; 5.941 ; 5.941 ; 5.941 ; 5.941 ;
; z3         ; 4a          ; 5.550 ; 5.550 ; 5.550 ; 5.550 ;
; z3         ; 4b          ; 5.556 ; 5.556 ; 5.556 ; 5.556 ;
; z3         ; 4c          ; 5.520 ; 5.520 ; 5.520 ; 5.520 ;
; z3         ; 4d          ; 5.529 ; 5.529 ; 5.529 ; 5.529 ;
; z3         ; 4e          ;       ; 5.532 ; 5.532 ;       ;
; z3         ; 4f          ; 5.566 ; 5.566 ; 5.566 ; 5.566 ;
; z3         ; 4g          ; 5.568 ; 5.568 ; 5.568 ; 5.568 ;
+------------+-------------+-------+-------+-------+-------+


+----------------------------------------------------------------------------+
; Multicorner Timing Analysis Summary                                        ;
+------------------+-------+------+----------+---------+---------------------+
; Clock            ; Setup ; Hold ; Recovery ; Removal ; Minimum Pulse Width ;
+------------------+-------+------+----------+---------+---------------------+
; Worst-case Slack ; N/A   ; N/A  ; N/A      ; N/A     ; N/A                 ;
; Design-wide TNS  ; 0.0   ; 0.0  ; 0.0      ; 0.0     ; 0.0                 ;
+------------------+-------+------+----------+---------+---------------------+


+--------------------------------------------------------------+
; Progagation Delay                                            ;
+------------+-------------+--------+--------+--------+--------+
; Input Port ; Output Port ; RR     ; RF     ; FR     ; FF     ;
+------------+-------------+--------+--------+--------+--------+
; Ci         ; 1a          ; 11.576 ; 11.576 ; 11.576 ; 11.576 ;
; Ci         ; 1b          ; 11.449 ; 11.449 ; 11.449 ; 11.449 ;
; Ci         ; 1c          ; 11.542 ; 11.542 ; 11.542 ; 11.542 ;
; Ci         ; 1d          ; 11.262 ; 11.262 ; 11.262 ; 11.262 ;
; Ci         ; 1e          ; 11.293 ; 11.293 ; 11.293 ; 11.293 ;
; Ci         ; 1f          ; 11.257 ; 11.257 ; 11.257 ; 11.257 ;
; Ci         ; 1g          ; 11.557 ; 11.557 ; 11.557 ; 11.557 ;
; Ci         ; 2a          ; 10.627 ; 10.627 ; 10.627 ; 10.627 ;
; Ci         ; 2c          ; 10.580 ; 10.310 ; 10.310 ; 10.580 ;
; Ci         ; 2d          ; 10.643 ; 10.643 ; 10.643 ; 10.643 ;
; Ci         ; 2e          ; 10.617 ; 10.617 ; 10.617 ; 10.617 ;
; Ci         ; 2f          ; 10.572 ; 10.341 ; 10.341 ; 10.572 ;
; Ci         ; 2g          ; 10.356 ; 10.453 ; 10.453 ; 10.356 ;
; w2         ; 1a          ; 10.062 ; 10.062 ; 10.062 ; 10.062 ;
; w2         ; 1b          ; 9.935  ; 9.935  ; 9.935  ; 9.935  ;
; w2         ; 1c          ; 10.028 ; 10.028 ; 10.028 ; 10.028 ;
; w2         ; 1d          ; 9.748  ; 9.748  ; 9.748  ; 9.748  ;
; w2         ; 1e          ; 9.779  ; 9.779  ; 9.779  ; 9.779  ;
; w2         ; 1f          ; 9.743  ; 9.743  ; 9.743  ; 9.743  ;
; w2         ; 1g          ; 10.043 ; 10.043 ; 10.043 ; 10.043 ;
; w2         ; 2a          ; 9.113  ; 9.113  ; 9.113  ; 9.113  ;
; w2         ; 2c          ; 9.066  ; 8.796  ; 8.796  ; 9.066  ;
; w2         ; 2d          ; 9.129  ; 9.129  ; 9.129  ; 9.129  ;
; w2         ; 2e          ; 9.103  ; 9.103  ; 9.103  ; 9.103  ;
; w2         ; 2f          ; 9.058  ; 8.827  ; 8.827  ; 9.058  ;
; w2         ; 2g          ; 8.842  ; 8.939  ; 8.939  ; 8.842  ;
; w2         ; 3a          ; 5.244  ; 5.244  ; 5.244  ; 5.244  ;
; w2         ; 3b          ; 5.243  ; 5.243  ; 5.243  ; 5.243  ;
; w2         ; 3c          ;        ; 5.222  ; 5.222  ;        ;
; w2         ; 3d          ; 5.796  ; 5.796  ; 5.796  ; 5.796  ;
; w2         ; 3e          ; 5.798  ;        ;        ; 5.798  ;
; w2         ; 3f          ; 5.781  ;        ;        ; 5.781  ;
; w2         ; 3g          ; 5.803  ; 5.803  ; 5.803  ; 5.803  ;
; w3         ; 1a          ; 14.325 ; 14.325 ; 14.325 ; 14.325 ;
; w3         ; 1b          ; 14.198 ; 14.198 ; 14.198 ; 14.198 ;
; w3         ; 1c          ; 14.291 ; 14.291 ; 14.291 ; 14.291 ;
; w3         ; 1d          ; 14.011 ; 14.011 ; 14.011 ; 14.011 ;
; w3         ; 1e          ; 14.042 ; 14.042 ; 14.042 ; 14.042 ;
; w3         ; 1f          ; 14.006 ; 14.006 ; 14.006 ; 14.006 ;
; w3         ; 1g          ; 14.306 ; 14.306 ; 14.306 ; 14.306 ;
; w3         ; 2a          ; 13.376 ; 13.376 ; 13.376 ; 13.376 ;
; w3         ; 2c          ; 13.329 ; 13.059 ; 13.059 ; 13.329 ;
; w3         ; 2d          ; 13.392 ; 13.392 ; 13.392 ; 13.392 ;
; w3         ; 2e          ; 13.366 ; 13.366 ; 13.366 ; 13.366 ;
; w3         ; 2f          ; 13.321 ; 13.090 ; 13.090 ; 13.321 ;
; w3         ; 2g          ; 13.105 ; 13.202 ; 13.202 ; 13.105 ;
; w3         ; 4a          ; 10.203 ; 10.203 ; 10.203 ; 10.203 ;
; w3         ; 4b          ; 10.222 ; 10.222 ; 10.222 ; 10.222 ;
; w3         ; 4c          ;        ; 10.142 ; 10.142 ;        ;
; w3         ; 4d          ; 10.183 ; 10.183 ; 10.183 ; 10.183 ;
; w3         ; 4e          ; 10.189 ;        ;        ; 10.189 ;
; w3         ; 4f          ; 10.227 ;        ;        ; 10.227 ;
; w3         ; 4g          ; 10.226 ; 10.226 ; 10.226 ; 10.226 ;
; x2         ; 1a          ; 9.219  ; 9.219  ; 9.219  ; 9.219  ;
; x2         ; 1b          ; 9.092  ; 9.092  ; 9.092  ; 9.092  ;
; x2         ; 1c          ; 9.185  ; 9.185  ; 9.185  ; 9.185  ;
; x2         ; 1d          ; 8.905  ; 8.905  ; 8.905  ; 8.905  ;
; x2         ; 1e          ; 8.936  ; 8.936  ; 8.936  ; 8.936  ;
; x2         ; 1f          ; 8.900  ; 8.900  ; 8.900  ; 8.900  ;
; x2         ; 1g          ; 9.200  ; 9.200  ; 9.200  ; 9.200  ;
; x2         ; 2a          ; 8.270  ; 8.270  ; 8.270  ; 8.270  ;
; x2         ; 2c          ; 8.223  ; 7.953  ; 7.953  ; 8.223  ;
; x2         ; 2d          ; 8.286  ; 8.286  ; 8.286  ; 8.286  ;
; x2         ; 2e          ; 8.260  ; 8.260  ; 8.260  ; 8.260  ;
; x2         ; 2f          ; 8.215  ; 7.984  ; 7.984  ; 8.215  ;
; x2         ; 2g          ; 7.999  ; 8.096  ; 8.096  ; 7.999  ;
; x2         ; 3a          ; 5.083  ; 5.083  ; 5.083  ; 5.083  ;
; x2         ; 3b          ; 5.084  ; 5.084  ; 5.084  ; 5.084  ;
; x2         ; 3c          ; 5.083  ;        ;        ; 5.083  ;
; x2         ; 3d          ; 5.638  ; 5.638  ; 5.638  ; 5.638  ;
; x2         ; 3e          ;        ; 5.632  ; 5.632  ;        ;
; x2         ; 3f          ; 5.618  ; 5.618  ; 5.618  ; 5.618  ;
; x2         ; 3g          ; 5.637  ; 5.637  ; 5.637  ; 5.637  ;
; x3         ; 1a          ; 13.586 ; 13.586 ; 13.586 ; 13.586 ;
; x3         ; 1b          ; 13.459 ; 13.459 ; 13.459 ; 13.459 ;
; x3         ; 1c          ; 13.552 ; 13.552 ; 13.552 ; 13.552 ;
; x3         ; 1d          ; 13.272 ; 13.272 ; 13.272 ; 13.272 ;
; x3         ; 1e          ; 13.303 ; 13.303 ; 13.303 ; 13.303 ;
; x3         ; 1f          ; 13.267 ; 13.267 ; 13.267 ; 13.267 ;
; x3         ; 1g          ; 13.567 ; 13.567 ; 13.567 ; 13.567 ;
; x3         ; 2a          ; 12.637 ; 12.637 ; 12.637 ; 12.637 ;
; x3         ; 2c          ; 12.590 ; 12.320 ; 12.320 ; 12.590 ;
; x3         ; 2d          ; 12.653 ; 12.653 ; 12.653 ; 12.653 ;
; x3         ; 2e          ; 12.627 ; 12.627 ; 12.627 ; 12.627 ;
; x3         ; 2f          ; 12.582 ; 12.351 ; 12.351 ; 12.582 ;
; x3         ; 2g          ; 12.366 ; 12.463 ; 12.463 ; 12.366 ;
; x3         ; 4a          ; 9.996  ; 9.996  ; 9.996  ; 9.996  ;
; x3         ; 4b          ; 10.014 ; 10.014 ; 10.014 ; 10.014 ;
; x3         ; 4c          ; 9.961  ;        ;        ; 9.961  ;
; x3         ; 4d          ; 9.973  ; 9.973  ; 9.973  ; 9.973  ;
; x3         ; 4e          ;        ; 9.980  ; 9.980  ;        ;
; x3         ; 4f          ; 10.016 ; 10.016 ; 10.016 ; 10.016 ;
; x3         ; 4g          ; 10.012 ; 10.012 ; 10.012 ; 10.012 ;
; y2         ; 1a          ; 7.769  ; 7.769  ; 7.769  ; 7.769  ;
; y2         ; 1b          ; 7.642  ; 7.642  ; 7.642  ; 7.642  ;
; y2         ; 1c          ; 7.735  ; 7.735  ; 7.735  ; 7.735  ;
; y2         ; 1d          ; 7.455  ; 7.455  ; 7.455  ; 7.455  ;
; y2         ; 1e          ; 7.486  ; 7.486  ; 7.486  ; 7.486  ;
; y2         ; 1f          ; 7.450  ; 7.450  ; 7.450  ; 7.450  ;
; y2         ; 1g          ; 7.750  ; 7.750  ; 7.750  ; 7.750  ;
; y2         ; 2a          ; 6.820  ; 6.820  ; 6.820  ; 6.820  ;
; y2         ; 2c          ; 6.773  ; 6.503  ; 6.503  ; 6.773  ;
; y2         ; 2d          ; 6.836  ; 6.836  ; 6.836  ; 6.836  ;
; y2         ; 2e          ; 6.810  ; 6.810  ; 6.810  ; 6.810  ;
; y2         ; 2f          ; 6.765  ; 6.534  ; 6.534  ; 6.765  ;
; y2         ; 2g          ; 6.549  ; 6.646  ; 6.646  ; 6.549  ;
; y2         ; 3a          ; 4.968  ; 4.968  ; 4.968  ; 4.968  ;
; y2         ; 3b          ; 4.967  ;        ;        ; 4.967  ;
; y2         ; 3c          ; 4.966  ; 4.966  ; 4.966  ; 4.966  ;
; y2         ; 3d          ; 5.519  ; 5.519  ; 5.519  ; 5.519  ;
; y2         ; 3e          ; 5.515  ; 5.515  ; 5.515  ; 5.515  ;
; y2         ; 3f          ; 5.501  ; 5.501  ; 5.501  ; 5.501  ;
; y2         ; 3g          ; 5.521  ; 5.521  ; 5.521  ; 5.521  ;
; y3         ; 1a          ; 12.698 ; 12.698 ; 12.698 ; 12.698 ;
; y3         ; 1b          ; 12.571 ; 12.571 ; 12.571 ; 12.571 ;
; y3         ; 1c          ; 12.664 ; 12.664 ; 12.664 ; 12.664 ;
; y3         ; 1d          ; 12.384 ; 12.384 ; 12.384 ; 12.384 ;
; y3         ; 1e          ; 12.415 ; 12.415 ; 12.415 ; 12.415 ;
; y3         ; 1f          ; 12.379 ; 12.379 ; 12.379 ; 12.379 ;
; y3         ; 1g          ; 12.679 ; 12.679 ; 12.679 ; 12.679 ;
; y3         ; 2a          ; 11.749 ; 11.749 ; 11.749 ; 11.749 ;
; y3         ; 2c          ; 11.702 ; 11.432 ; 11.432 ; 11.702 ;
; y3         ; 2d          ; 11.765 ; 11.765 ; 11.765 ; 11.765 ;
; y3         ; 2e          ; 11.739 ; 11.739 ; 11.739 ; 11.739 ;
; y3         ; 2f          ; 11.694 ; 11.463 ; 11.463 ; 11.694 ;
; y3         ; 2g          ; 11.478 ; 11.575 ; 11.575 ; 11.478 ;
; y3         ; 4a          ; 10.158 ; 10.158 ; 10.158 ; 10.158 ;
; y3         ; 4b          ; 10.191 ;        ;        ; 10.191 ;
; y3         ; 4c          ; 10.109 ; 10.109 ; 10.109 ; 10.109 ;
; y3         ; 4d          ; 10.148 ; 10.148 ; 10.148 ; 10.148 ;
; y3         ; 4e          ; 10.155 ; 10.155 ; 10.155 ; 10.155 ;
; y3         ; 4f          ; 10.191 ; 10.191 ; 10.191 ; 10.191 ;
; y3         ; 4g          ; 10.192 ; 10.192 ; 10.192 ; 10.192 ;
; z2         ; 1a          ; 12.263 ; 12.263 ; 12.263 ; 12.263 ;
; z2         ; 1b          ; 12.136 ; 12.136 ; 12.136 ; 12.136 ;
; z2         ; 1c          ; 12.229 ; 12.229 ; 12.229 ; 12.229 ;
; z2         ; 1d          ; 11.949 ; 11.949 ; 11.949 ; 11.949 ;
; z2         ; 1e          ; 11.980 ; 11.980 ; 11.980 ; 11.980 ;
; z2         ; 1f          ; 11.944 ; 11.944 ; 11.944 ; 11.944 ;
; z2         ; 1g          ; 12.244 ; 12.244 ; 12.244 ; 12.244 ;
; z2         ; 2a          ; 11.314 ; 11.314 ; 11.314 ; 11.314 ;
; z2         ; 2c          ; 11.267 ; 11.004 ; 11.004 ; 11.267 ;
; z2         ; 2d          ; 11.330 ; 11.330 ; 11.330 ; 11.330 ;
; z2         ; 2e          ; 11.304 ; 11.304 ; 11.304 ; 11.304 ;
; z2         ; 2f          ; 11.259 ; 11.035 ; 11.035 ; 11.259 ;
; z2         ; 2g          ; 11.050 ; 11.140 ; 11.140 ; 11.050 ;
; z2         ; 3a          ; 9.550  ; 9.550  ; 9.550  ; 9.550  ;
; z2         ; 3b          ; 9.550  ; 9.550  ; 9.550  ; 9.550  ;
; z2         ; 3c          ; 9.519  ; 9.519  ; 9.519  ; 9.519  ;
; z2         ; 3d          ; 10.102 ; 10.102 ; 10.102 ; 10.102 ;
; z2         ; 3e          ;        ; 10.079 ; 10.079 ;        ;
; z2         ; 3f          ; 10.029 ; 10.029 ; 10.029 ; 10.029 ;
; z2         ; 3g          ; 10.090 ; 10.090 ; 10.090 ; 10.090 ;
; z3         ; 1a          ; 12.084 ; 12.084 ; 12.084 ; 12.084 ;
; z3         ; 1b          ; 11.957 ; 11.957 ; 11.957 ; 11.957 ;
; z3         ; 1c          ; 12.050 ; 12.050 ; 12.050 ; 12.050 ;
; z3         ; 1d          ; 11.770 ; 11.770 ; 11.770 ; 11.770 ;
; z3         ; 1e          ; 11.801 ; 11.801 ; 11.801 ; 11.801 ;
; z3         ; 1f          ; 11.765 ; 11.765 ; 11.765 ; 11.765 ;
; z3         ; 1g          ; 12.065 ; 12.065 ; 12.065 ; 12.065 ;
; z3         ; 2a          ; 11.135 ; 11.135 ; 11.135 ; 11.135 ;
; z3         ; 2c          ; 11.088 ; 10.818 ; 10.818 ; 11.088 ;
; z3         ; 2d          ; 11.151 ; 11.151 ; 11.151 ; 11.151 ;
; z3         ; 2e          ; 11.125 ; 11.125 ; 11.125 ; 11.125 ;
; z3         ; 2f          ; 11.080 ; 10.849 ; 10.849 ; 11.080 ;
; z3         ; 2g          ; 10.864 ; 10.961 ; 10.961 ; 10.864 ;
; z3         ; 4a          ; 9.908  ; 9.908  ; 9.908  ; 9.908  ;
; z3         ; 4b          ; 9.929  ; 9.929  ; 9.929  ; 9.929  ;
; z3         ; 4c          ; 9.876  ; 9.876  ; 9.876  ; 9.876  ;
; z3         ; 4d          ; 9.889  ; 9.889  ; 9.889  ; 9.889  ;
; z3         ; 4e          ;        ; 9.896  ; 9.896  ;        ;
; z3         ; 4f          ; 9.932  ; 9.932  ; 9.932  ; 9.932  ;
; z3         ; 4g          ; 9.932  ; 9.932  ; 9.932  ; 9.932  ;
+------------+-------------+--------+--------+--------+--------+


+----------------------------------------------------------+
; Minimum Progagation Delay                                ;
+------------+-------------+-------+-------+-------+-------+
; Input Port ; Output Port ; RR    ; RF    ; FR    ; FF    ;
+------------+-------------+-------+-------+-------+-------+
; Ci         ; 1a          ; 4.159 ; 4.159 ; 4.159 ; 4.159 ;
; Ci         ; 1b          ; 4.111 ; 4.111 ; 4.111 ; 4.111 ;
; Ci         ; 1c          ; 4.166 ; 4.166 ; 4.166 ; 4.166 ;
; Ci         ; 1d          ; 4.016 ; 4.016 ; 4.016 ; 4.016 ;
; Ci         ; 1e          ; 4.041 ; 4.041 ; 4.041 ; 4.041 ;
; Ci         ; 1f          ; 4.042 ; 4.042 ; 4.042 ; 4.042 ;
; Ci         ; 1g          ; 4.162 ; 4.162 ; 4.162 ; 4.162 ;
; Ci         ; 2a          ; 4.418 ; 4.418 ; 4.418 ; 4.418 ;
; Ci         ; 2c          ; 4.381 ; 4.381 ; 4.381 ; 4.381 ;
; Ci         ; 2d          ; 4.431 ; 4.431 ; 4.431 ; 4.431 ;
; Ci         ; 2e          ; 4.407 ; 4.407 ; 4.407 ; 4.407 ;
; Ci         ; 2f          ; 4.402 ; 4.402 ; 4.402 ; 4.402 ;
; Ci         ; 2g          ; 4.777 ; 4.777 ; 4.777 ; 4.777 ;
; w2         ; 1a          ; 3.397 ; 3.397 ; 3.397 ; 3.397 ;
; w2         ; 1b          ; 3.349 ; 3.349 ; 3.349 ; 3.349 ;
; w2         ; 1c          ; 3.404 ; 3.404 ; 3.404 ; 3.404 ;
; w2         ; 1d          ; 3.254 ; 3.254 ; 3.254 ; 3.254 ;
; w2         ; 1e          ; 3.279 ; 3.279 ; 3.279 ; 3.279 ;
; w2         ; 1f          ; 3.280 ; 3.280 ; 3.280 ; 3.280 ;
; w2         ; 1g          ; 3.400 ; 3.400 ; 3.400 ; 3.400 ;
; w2         ; 2a          ; 3.425 ; 3.425 ; 3.425 ; 3.425 ;
; w2         ; 2c          ; 3.388 ; 3.388 ; 3.388 ; 3.388 ;
; w2         ; 2d          ; 3.438 ; 3.438 ; 3.438 ; 3.438 ;
; w2         ; 2e          ; 3.414 ; 3.414 ; 3.414 ; 3.414 ;
; w2         ; 2f          ; 3.409 ; 3.409 ; 3.409 ; 3.409 ;
; w2         ; 2g          ; 3.772 ; 3.772 ; 3.772 ; 3.772 ;
; w2         ; 3a          ; 2.710 ; 2.710 ; 2.710 ; 2.710 ;
; w2         ; 3b          ; 2.711 ; 2.711 ; 2.711 ; 2.711 ;
; w2         ; 3c          ;       ; 2.718 ; 2.718 ;       ;
; w2         ; 3d          ; 2.997 ; 2.997 ; 2.997 ; 2.997 ;
; w2         ; 3e          ; 2.999 ;       ;       ; 2.999 ;
; w2         ; 3f          ; 2.987 ;       ;       ; 2.987 ;
; w2         ; 3g          ; 2.988 ; 2.988 ; 2.988 ; 2.988 ;
; w3         ; 1a          ; 5.972 ; 5.972 ; 5.972 ; 5.972 ;
; w3         ; 1b          ; 5.924 ; 5.924 ; 5.924 ; 5.924 ;
; w3         ; 1c          ; 5.979 ; 5.979 ; 5.979 ; 5.979 ;
; w3         ; 1d          ; 5.829 ; 5.829 ; 5.829 ; 5.829 ;
; w3         ; 1e          ; 5.854 ; 5.854 ; 5.854 ; 5.854 ;
; w3         ; 1f          ; 5.855 ; 5.855 ; 5.855 ; 5.855 ;
; w3         ; 1g          ; 5.975 ; 5.975 ; 5.975 ; 5.975 ;
; w3         ; 2a          ; 6.118 ; 6.118 ; 6.118 ; 6.118 ;
; w3         ; 2c          ; 6.081 ; 6.081 ; 6.081 ; 6.081 ;
; w3         ; 2d          ; 6.131 ; 6.131 ; 6.131 ; 6.131 ;
; w3         ; 2e          ; 6.107 ; 6.107 ; 6.107 ; 6.107 ;
; w3         ; 2f          ; 6.102 ; 6.102 ; 6.102 ; 6.102 ;
; w3         ; 2g          ; 6.465 ; 6.465 ; 6.465 ; 6.465 ;
; w3         ; 4a          ; 5.674 ; 5.674 ; 5.674 ; 5.674 ;
; w3         ; 4b          ; 5.673 ; 5.673 ; 5.673 ; 5.673 ;
; w3         ; 4c          ;       ; 5.636 ; 5.636 ;       ;
; w3         ; 4d          ; 5.645 ; 5.645 ; 5.645 ; 5.645 ;
; w3         ; 4e          ; 5.655 ;       ;       ; 5.655 ;
; w3         ; 4f          ; 5.690 ;       ;       ; 5.690 ;
; w3         ; 4g          ; 5.684 ; 5.684 ; 5.684 ; 5.684 ;
; x2         ; 1a          ; 3.437 ; 3.437 ; 3.437 ; 3.437 ;
; x2         ; 1b          ; 3.389 ; 3.389 ; 3.389 ; 3.389 ;
; x2         ; 1c          ; 3.441 ; 3.441 ; 3.441 ; 3.441 ;
; x2         ; 1d          ; 3.295 ; 3.295 ; 3.295 ; 3.295 ;
; x2         ; 1e          ; 3.320 ; 3.320 ; 3.320 ; 3.320 ;
; x2         ; 1f          ; 3.316 ; 3.316 ; 3.316 ; 3.316 ;
; x2         ; 1g          ; 3.441 ; 3.441 ; 3.441 ; 3.441 ;
; x2         ; 2a          ; 3.265 ; 3.265 ; 3.265 ; 3.265 ;
; x2         ; 2c          ; 3.228 ; 3.228 ; 3.228 ; 3.228 ;
; x2         ; 2d          ; 3.278 ; 3.278 ; 3.278 ; 3.278 ;
; x2         ; 2e          ; 3.254 ; 3.254 ; 3.254 ; 3.254 ;
; x2         ; 2f          ; 3.249 ; 3.249 ; 3.249 ; 3.249 ;
; x2         ; 2g          ; 3.631 ; 3.631 ; 3.631 ; 3.631 ;
; x2         ; 3a          ; 2.636 ; 2.636 ; 2.636 ; 2.636 ;
; x2         ; 3b          ; 2.637 ; 2.637 ; 2.637 ; 2.637 ;
; x2         ; 3c          ; 2.641 ;       ;       ; 2.641 ;
; x2         ; 3d          ; 2.923 ; 2.923 ; 2.923 ; 2.923 ;
; x2         ; 3e          ;       ; 2.927 ; 2.927 ;       ;
; x2         ; 3f          ; 2.910 ; 2.910 ; 2.910 ; 2.910 ;
; x2         ; 3g          ; 2.916 ; 2.916 ; 2.916 ; 2.916 ;
; x3         ; 1a          ; 6.051 ; 6.051 ; 6.051 ; 6.051 ;
; x3         ; 1b          ; 6.003 ; 6.003 ; 6.003 ; 6.003 ;
; x3         ; 1c          ; 6.055 ; 6.055 ; 6.055 ; 6.055 ;
; x3         ; 1d          ; 5.909 ; 5.909 ; 5.909 ; 5.909 ;
; x3         ; 1e          ; 5.934 ; 5.934 ; 5.934 ; 5.934 ;
; x3         ; 1f          ; 5.930 ; 5.930 ; 5.930 ; 5.930 ;
; x3         ; 1g          ; 6.055 ; 6.055 ; 6.055 ; 6.055 ;
; x3         ; 2a          ; 5.879 ; 5.879 ; 5.879 ; 5.879 ;
; x3         ; 2c          ; 5.842 ; 5.842 ; 5.842 ; 5.842 ;
; x3         ; 2d          ; 5.892 ; 5.892 ; 5.892 ; 5.892 ;
; x3         ; 2e          ; 5.868 ; 5.868 ; 5.868 ; 5.868 ;
; x3         ; 2f          ; 5.863 ; 5.863 ; 5.863 ; 5.863 ;
; x3         ; 2g          ; 6.235 ; 6.235 ; 6.235 ; 6.235 ;
; x3         ; 4a          ; 5.568 ; 5.568 ; 5.568 ; 5.568 ;
; x3         ; 4b          ; 5.579 ; 5.579 ; 5.579 ; 5.579 ;
; x3         ; 4c          ; 5.538 ;       ;       ; 5.538 ;
; x3         ; 4d          ; 5.550 ; 5.550 ; 5.550 ; 5.550 ;
; x3         ; 4e          ;       ; 5.549 ; 5.549 ;       ;
; x3         ; 4f          ; 5.585 ; 5.585 ; 5.585 ; 5.585 ;
; x3         ; 4g          ; 5.584 ; 5.584 ; 5.584 ; 5.584 ;
; y2         ; 1a          ; 3.346 ; 3.346 ; 3.346 ; 3.346 ;
; y2         ; 1b          ; 3.298 ; 3.298 ; 3.298 ; 3.298 ;
; y2         ; 1c          ; 3.350 ; 3.350 ; 3.350 ; 3.350 ;
; y2         ; 1d          ; 3.204 ; 3.204 ; 3.204 ; 3.204 ;
; y2         ; 1e          ; 3.229 ; 3.229 ; 3.229 ; 3.229 ;
; y2         ; 1f          ; 3.225 ; 3.225 ; 3.225 ; 3.225 ;
; y2         ; 1g          ; 3.350 ; 3.350 ; 3.350 ; 3.350 ;
; y2         ; 2a          ; 3.175 ; 3.175 ; 3.175 ; 3.175 ;
; y2         ; 2c          ; 3.138 ; 3.138 ; 3.138 ; 3.138 ;
; y2         ; 2d          ; 3.188 ; 3.188 ; 3.188 ; 3.188 ;
; y2         ; 2e          ; 3.164 ; 3.164 ; 3.164 ; 3.164 ;
; y2         ; 2f          ; 3.157 ; 3.157 ; 3.157 ; 3.157 ;
; y2         ; 2g          ; 3.178 ; 3.178 ; 3.178 ; 3.178 ;
; y2         ; 3a          ; 2.595 ; 2.595 ; 2.595 ; 2.595 ;
; y2         ; 3b          ; 2.595 ;       ;       ; 2.595 ;
; y2         ; 3c          ; 2.597 ; 2.597 ; 2.597 ; 2.597 ;
; y2         ; 3d          ; 2.879 ; 2.879 ; 2.879 ; 2.879 ;
; y2         ; 3e          ; 2.880 ; 2.880 ; 2.880 ; 2.880 ;
; y2         ; 3f          ; 2.863 ; 2.863 ; 2.863 ; 2.863 ;
; y2         ; 3g          ; 2.869 ; 2.869 ; 2.869 ; 2.869 ;
; y3         ; 1a          ; 6.118 ; 6.118 ; 6.118 ; 6.118 ;
; y3         ; 1b          ; 6.070 ; 6.070 ; 6.070 ; 6.070 ;
; y3         ; 1c          ; 6.122 ; 6.122 ; 6.122 ; 6.122 ;
; y3         ; 1d          ; 5.976 ; 5.976 ; 5.976 ; 5.976 ;
; y3         ; 1e          ; 6.001 ; 6.001 ; 6.001 ; 6.001 ;
; y3         ; 1f          ; 5.997 ; 5.997 ; 5.997 ; 5.997 ;
; y3         ; 1g          ; 6.122 ; 6.122 ; 6.122 ; 6.122 ;
; y3         ; 2a          ; 5.943 ; 5.943 ; 5.943 ; 5.943 ;
; y3         ; 2c          ; 5.906 ; 5.906 ; 5.906 ; 5.906 ;
; y3         ; 2d          ; 5.956 ; 5.956 ; 5.956 ; 5.956 ;
; y3         ; 2e          ; 5.932 ; 5.932 ; 5.932 ; 5.932 ;
; y3         ; 2f          ; 5.927 ; 5.927 ; 5.927 ; 5.927 ;
; y3         ; 2g          ; 5.946 ; 5.946 ; 5.946 ; 5.946 ;
; y3         ; 4a          ; 5.659 ; 5.659 ; 5.659 ; 5.659 ;
; y3         ; 4b          ; 5.674 ;       ;       ; 5.674 ;
; y3         ; 4c          ; 5.637 ; 5.637 ; 5.637 ; 5.637 ;
; y3         ; 4d          ; 5.640 ; 5.640 ; 5.640 ; 5.640 ;
; y3         ; 4e          ; 5.646 ; 5.646 ; 5.646 ; 5.646 ;
; y3         ; 4f          ; 5.683 ; 5.683 ; 5.683 ; 5.683 ;
; y3         ; 4g          ; 5.679 ; 5.679 ; 5.679 ; 5.679 ;
; z2         ; 1a          ; 6.159 ; 6.159 ; 6.159 ; 6.159 ;
; z2         ; 1b          ; 6.111 ; 6.111 ; 6.111 ; 6.111 ;
; z2         ; 1c          ; 6.163 ; 6.163 ; 6.163 ; 6.163 ;
; z2         ; 1d          ; 6.017 ; 6.017 ; 6.017 ; 6.017 ;
; z2         ; 1e          ; 6.042 ; 6.042 ; 6.042 ; 6.042 ;
; z2         ; 1f          ; 6.038 ; 6.038 ; 6.038 ; 6.038 ;
; z2         ; 1g          ; 6.163 ; 6.163 ; 6.163 ; 6.163 ;
; z2         ; 2a          ; 5.988 ; 5.988 ; 5.988 ; 5.988 ;
; z2         ; 2c          ; 5.951 ; 5.951 ; 5.951 ; 5.951 ;
; z2         ; 2d          ; 6.001 ; 6.001 ; 6.001 ; 6.001 ;
; z2         ; 2e          ; 5.977 ; 5.977 ; 5.977 ; 5.977 ;
; z2         ; 2f          ; 5.970 ; 5.970 ; 5.970 ; 5.970 ;
; z2         ; 2g          ; 5.991 ; 5.991 ; 5.991 ; 5.991 ;
; z2         ; 3a          ; 5.315 ; 5.315 ; 5.315 ; 5.315 ;
; z2         ; 3b          ; 5.315 ; 5.315 ; 5.315 ; 5.315 ;
; z2         ; 3c          ; 5.319 ; 5.319 ; 5.319 ; 5.319 ;
; z2         ; 3d          ; 5.598 ; 5.598 ; 5.598 ; 5.598 ;
; z2         ; 3e          ;       ; 5.586 ; 5.586 ;       ;
; z2         ; 3f          ; 5.564 ; 5.564 ; 5.564 ; 5.564 ;
; z2         ; 3g          ; 5.578 ; 5.578 ; 5.578 ; 5.578 ;
; z3         ; 1a          ; 6.109 ; 6.109 ; 6.109 ; 6.109 ;
; z3         ; 1b          ; 6.061 ; 6.061 ; 6.061 ; 6.061 ;
; z3         ; 1c          ; 6.113 ; 6.113 ; 6.113 ; 6.113 ;
; z3         ; 1d          ; 5.967 ; 5.967 ; 5.967 ; 5.967 ;
; z3         ; 1e          ; 5.992 ; 5.992 ; 5.992 ; 5.992 ;
; z3         ; 1f          ; 5.988 ; 5.988 ; 5.988 ; 5.988 ;
; z3         ; 1g          ; 6.113 ; 6.113 ; 6.113 ; 6.113 ;
; z3         ; 2a          ; 5.938 ; 5.938 ; 5.938 ; 5.938 ;
; z3         ; 2c          ; 5.901 ; 5.901 ; 5.901 ; 5.901 ;
; z3         ; 2d          ; 5.951 ; 5.951 ; 5.951 ; 5.951 ;
; z3         ; 2e          ; 5.927 ; 5.927 ; 5.927 ; 5.927 ;
; z3         ; 2f          ; 5.920 ; 5.920 ; 5.920 ; 5.920 ;
; z3         ; 2g          ; 5.941 ; 5.941 ; 5.941 ; 5.941 ;
; z3         ; 4a          ; 5.550 ; 5.550 ; 5.550 ; 5.550 ;
; z3         ; 4b          ; 5.556 ; 5.556 ; 5.556 ; 5.556 ;
; z3         ; 4c          ; 5.520 ; 5.520 ; 5.520 ; 5.520 ;
; z3         ; 4d          ; 5.529 ; 5.529 ; 5.529 ; 5.529 ;
; z3         ; 4e          ;       ; 5.532 ; 5.532 ;       ;
; z3         ; 4f          ; 5.566 ; 5.566 ; 5.566 ; 5.566 ;
; z3         ; 4g          ; 5.568 ; 5.568 ; 5.568 ; 5.568 ;
+------------+-------------+-------+-------+-------+-------+


-------------------
; Clock Transfers ;
-------------------
Nothing to report.


---------------
; Report TCCS ;
---------------
No dedicated SERDES Transmitter circuitry present in device or used in design


---------------
; Report RSKM ;
---------------
No dedicated SERDES Receiver circuitry present in device or used in design


+------------------------------------------------+
; Unconstrained Paths                            ;
+---------------------------------+-------+------+
; Property                        ; Setup ; Hold ;
+---------------------------------+-------+------+
; Illegal Clocks                  ; 0     ; 0    ;
; Unconstrained Clocks            ; 0     ; 0    ;
; Unconstrained Input Ports       ; 9     ; 9    ;
; Unconstrained Input Port Paths  ; 173   ; 173  ;
; Unconstrained Output Ports      ; 27    ; 27   ;
; Unconstrained Output Port Paths ; 173   ; 173  ;
+---------------------------------+-------+------+


+------------------------------------+
; TimeQuest Timing Analyzer Messages ;
+------------------------------------+
Info: *******************************************************************
Info: Running Quartus II 64-Bit TimeQuest Timing Analyzer
    Info: Version 12.1 Build 243 01/31/2013 Service Pack 1 SJ Full Version
    Info: Processing started: Tue Feb 24 13:05:41 2015
Info: Command: quartus_sta lab06step1 -c lab06step1
Info: qsta_default_script.tcl version: #1
Info (11104): Parallel Compilation has detected 8 hyper-threaded processors. However, the extra hyper-threaded processors will not be used by default. Parallel Compilation will use 4 of the 4 physical processors detected instead.
Info (21077): Low junction temperature is 0 degrees C
Info (21077): High junction temperature is 85 degrees C
Critical Warning (332012): Synopsys Design Constraints File file not found: 'lab06step1.sdc'. A Synopsys Design Constraints File is required by the TimeQuest Timing Analyzer to get proper timing constraints. Without it, the Compiler will not properly optimize the design.
Info (332142): No user constrained base clocks found in the design. Calling "derive_clocks -period 1.0"
Info (332096): The command derive_clocks did not find any clocks to derive.  No clocks were created or changed.
Warning (332068): No clocks defined in design.
Info: Found TIMEQUEST_REPORT_SCRIPT_INCLUDE_DEFAULT_ANALYSIS = ON
Info (332159): No clocks to report
Info: Analyzing Slow Model
Info (332140): No fmax paths to report
Info (332140): No Setup paths to report
Info (332140): No Hold paths to report
Info (332140): No Recovery paths to report
Info (332140): No Removal paths to report
Info (332140): No Minimum Pulse Width paths to report
Info (332001): The selected device family is not supported by the report_metastability command.
Info: Analyzing Fast Model
Info (332142): No user constrained base clocks found in the design. Calling "derive_clocks -period 1.0"
Info (332096): The command derive_clocks did not find any clocks to derive.  No clocks were created or changed.
Warning (332068): No clocks defined in design.
Info (332140): No Setup paths to report
Info (332140): No Hold paths to report
Info (332140): No Recovery paths to report
Info (332140): No Removal paths to report
Info (332140): No Minimum Pulse Width paths to report
Info (332001): The selected device family is not supported by the report_metastability command.
Info (332102): Design is not fully constrained for setup requirements
Info (332102): Design is not fully constrained for hold requirements
Info: Quartus II 64-Bit TimeQuest Timing Analyzer was successful. 0 errors, 3 warnings
    Info: Peak virtual memory: 586 megabytes
    Info: Processing ended: Tue Feb 24 13:05:42 2015
    Info: Elapsed time: 00:00:01
    Info: Total CPU time (on all processors): 00:00:01


