Analysis & Synthesis report for Final
Fri Dec  4 04:07:20 2015
Quartus II 64-Bit Version 12.1 Build 243 01/31/2013 Service Pack 1 SJ Full Version


---------------------
; Table of Contents ;
---------------------
  1. Legal Notice
  2. Analysis & Synthesis Summary
  3. Analysis & Synthesis Settings
  4. Parallel Compilation
  5. Analysis & Synthesis Source Files Read
  6. Analysis & Synthesis Resource Usage Summary
  7. Analysis & Synthesis Resource Utilization by Entity
  8. General Register Statistics
  9. Elapsed Time Per Partition
 10. Analysis & Synthesis Messages



----------------
; Legal Notice ;
----------------
Copyright (C) 1991-2012 Altera Corporation
Your use of Altera Corporation's design tools, logic functions 
and other software and tools, and its AMPP partner logic 
functions, and any output files from any of the foregoing 
(including device programming or simulation files), and any 
associated documentation or information are expressly subject 
to the terms and conditions of the Altera Program License 
Subscription Agreement, Altera MegaCore Function License 
Agreement, or other applicable license agreement, including, 
without limitation, that your use is for the sole purpose of 
programming logic devices manufactured by Altera and sold by 
Altera or its authorized distributors.  Please refer to the 
applicable agreement for further details.



+-------------------------------------------------------------------------------------+
; Analysis & Synthesis Summary                                                        ;
+------------------------------------+------------------------------------------------+
; Analysis & Synthesis Status        ; Successful - Fri Dec  4 04:07:20 2015          ;
; Quartus II 64-Bit Version          ; 12.1 Build 243 01/31/2013 SP 1 SJ Full Version ;
; Revision Name                      ; Final                                          ;
; Top-level Entity Name              ; Final                                          ;
; Family                             ; Cyclone II                                     ;
; Total logic elements               ; 66                                             ;
;     Total combinational functions  ; 50                                             ;
;     Dedicated logic registers      ; 30                                             ;
; Total registers                    ; 30                                             ;
; Total pins                         ; 39                                             ;
; Total virtual pins                 ; 0                                              ;
; Total memory bits                  ; 0                                              ;
; Embedded Multiplier 9-bit elements ; 0                                              ;
; Total PLLs                         ; 0                                              ;
+------------------------------------+------------------------------------------------+


+----------------------------------------------------------------------------------------------------------------------+
; Analysis & Synthesis Settings                                                                                        ;
+----------------------------------------------------------------------------+--------------------+--------------------+
; Option                                                                     ; Setting            ; Default Value      ;
+----------------------------------------------------------------------------+--------------------+--------------------+
; Device                                                                     ; EP2C35F672C6       ;                    ;
; Top-level entity name                                                      ; Final              ; Final              ;
; Family name                                                                ; Cyclone II         ; Cyclone IV GX      ;
; Use smart compilation                                                      ; Off                ; Off                ;
; Enable parallel Assembler and TimeQuest Timing Analyzer during compilation ; On                 ; On                 ;
; Enable compact report table                                                ; Off                ; Off                ;
; Restructure Multiplexers                                                   ; Auto               ; Auto               ;
; Create Debugging Nodes for IP Cores                                        ; Off                ; Off                ;
; Preserve fewer node names                                                  ; On                 ; On                 ;
; Disable OpenCore Plus hardware evaluation                                  ; Off                ; Off                ;
; Verilog Version                                                            ; Verilog_2001       ; Verilog_2001       ;
; VHDL Version                                                               ; VHDL_1993          ; VHDL_1993          ;
; State Machine Processing                                                   ; Auto               ; Auto               ;
; Safe State Machine                                                         ; Off                ; Off                ;
; Extract Verilog State Machines                                             ; On                 ; On                 ;
; Extract VHDL State Machines                                                ; On                 ; On                 ;
; Ignore Verilog initial constructs                                          ; Off                ; Off                ;
; Iteration limit for constant Verilog loops                                 ; 5000               ; 5000               ;
; Iteration limit for non-constant Verilog loops                             ; 250                ; 250                ;
; Add Pass-Through Logic to Inferred RAMs                                    ; On                 ; On                 ;
; Infer RAMs from Raw Logic                                                  ; On                 ; On                 ;
; Parallel Synthesis                                                         ; On                 ; On                 ;
; DSP Block Balancing                                                        ; Auto               ; Auto               ;
; NOT Gate Push-Back                                                         ; On                 ; On                 ;
; Power-Up Don't Care                                                        ; On                 ; On                 ;
; Remove Redundant Logic Cells                                               ; Off                ; Off                ;
; Remove Duplicate Registers                                                 ; On                 ; On                 ;
; Ignore CARRY Buffers                                                       ; Off                ; Off                ;
; Ignore CASCADE Buffers                                                     ; Off                ; Off                ;
; Ignore GLOBAL Buffers                                                      ; Off                ; Off                ;
; Ignore ROW GLOBAL Buffers                                                  ; Off                ; Off                ;
; Ignore LCELL Buffers                                                       ; Off                ; Off                ;
; Ignore SOFT Buffers                                                        ; On                 ; On                 ;
; Limit AHDL Integers to 32 Bits                                             ; Off                ; Off                ;
; Optimization Technique                                                     ; Balanced           ; Balanced           ;
; Carry Chain Length                                                         ; 70                 ; 70                 ;
; Auto Carry Chains                                                          ; On                 ; On                 ;
; Auto Open-Drain Pins                                                       ; On                 ; On                 ;
; Perform WYSIWYG Primitive Resynthesis                                      ; Off                ; Off                ;
; Auto ROM Replacement                                                       ; On                 ; On                 ;
; Auto RAM Replacement                                                       ; On                 ; On                 ;
; Auto Shift Register Replacement                                            ; Auto               ; Auto               ;
; Allow Shift Register Merging across Hierarchies                            ; Auto               ; Auto               ;
; Auto Clock Enable Replacement                                              ; On                 ; On                 ;
; Strict RAM Replacement                                                     ; Off                ; Off                ;
; Allow Synchronous Control Signals                                          ; On                 ; On                 ;
; Force Use of Synchronous Clear Signals                                     ; Off                ; Off                ;
; Auto RAM to Logic Cell Conversion                                          ; Off                ; Off                ;
; Auto Resource Sharing                                                      ; Off                ; Off                ;
; Allow Any RAM Size For Recognition                                         ; Off                ; Off                ;
; Allow Any ROM Size For Recognition                                         ; Off                ; Off                ;
; Allow Any Shift Register Size For Recognition                              ; Off                ; Off                ;
; Use LogicLock Constraints during Resource Balancing                        ; On                 ; On                 ;
; Ignore translate_off and synthesis_off directives                          ; Off                ; Off                ;
; Timing-Driven Synthesis                                                    ; Off                ; Off                ;
; Report Parameter Settings                                                  ; On                 ; On                 ;
; Report Source Assignments                                                  ; On                 ; On                 ;
; Report Connectivity Checks                                                 ; On                 ; On                 ;
; Ignore Maximum Fan-Out Assignments                                         ; Off                ; Off                ;
; Synchronization Register Chain Length                                      ; 2                  ; 2                  ;
; PowerPlay Power Optimization                                               ; Normal compilation ; Normal compilation ;
; HDL message level                                                          ; Level2             ; Level2             ;
; Suppress Register Optimization Related Messages                            ; Off                ; Off                ;
; Number of Removed Registers Reported in Synthesis Report                   ; 5000               ; 5000               ;
; Number of Swept Nodes Reported in Synthesis Report                         ; 5000               ; 5000               ;
; Number of Inverted Registers Reported in Synthesis Report                  ; 100                ; 100                ;
; Clock MUX Protection                                                       ; On                 ; On                 ;
; Auto Gated Clock Conversion                                                ; Off                ; Off                ;
; Block Design Naming                                                        ; Auto               ; Auto               ;
; SDC constraint protection                                                  ; Off                ; Off                ;
; Synthesis Effort                                                           ; Auto               ; Auto               ;
; Shift Register Replacement - Allow Asynchronous Clear Signal               ; On                 ; On                 ;
; Pre-Mapping Resynthesis Optimization                                       ; Off                ; Off                ;
; Analysis & Synthesis Message Level                                         ; Medium             ; Medium             ;
; Disable Register Merging Across Hierarchies                                ; Auto               ; Auto               ;
; Resource Aware Inference For Block RAM                                     ; On                 ; On                 ;
; Synthesis Seed                                                             ; 1                  ; 1                  ;
+----------------------------------------------------------------------------+--------------------+--------------------+


+------------------------------------------+
; Parallel Compilation                     ;
+----------------------------+-------------+
; Processors                 ; Number      ;
+----------------------------+-------------+
; Number detected on machine ; 8           ;
; Maximum allowed            ; 4           ;
;                            ;             ;
; Average used               ; 1.00        ;
; Maximum used               ; 1           ;
;                            ;             ;
; Usage by Processor         ; % Time Used ;
;     1 processor            ; 100.0%      ;
;     2-8 processors         ;   0.0%      ;
+----------------------------+-------------+


+---------------------------------------------------------------------------------------------------------------------------------------------------------------------------------+
; Analysis & Synthesis Source Files Read                                                                                                                                          ;
+----------------------------------+-----------------+------------------------------------------+-----------------------------------------------------------------------+---------+
; File Name with User-Entered Path ; Used in Netlist ; File Type                                ; File Name with Absolute Path                                          ; Library ;
+----------------------------------+-----------------+------------------------------------------+-----------------------------------------------------------------------+---------+
; Final.bdf                        ; yes             ; User Block Diagram/Schematic File        ; /home/liulige/CPRE281/fProj/Final/Final.bdf                           ;         ;
; seven_seg_decoder.v              ; yes             ; Auto-Found Verilog HDL File              ; /home/liulige/CPRE281/fProj/Final/seven_seg_decoder.v                 ;         ;
; register_file.bdf                ; yes             ; Auto-Found Block Diagram/Schematic File  ; /home/liulige/CPRE281/fProj/Final/register_file.bdf                   ;         ;
; 4-bit_wide_register.bdf          ; yes             ; Auto-Found Block Diagram/Schematic File  ; /home/liulige/CPRE281/fProj/Final/4-bit_wide_register.bdf             ;         ;
; 21mux.bdf                        ; yes             ; Megafunction                             ; /usr/local/altera/12.1sp1/quartus/libraries/others/maxplus2/21mux.bdf ;         ;
; 2-4_decoder.bdf                  ; yes             ; Auto-Found Block Diagram/Schematic File  ; /home/liulige/CPRE281/fProj/Final/2-4_decoder.bdf                     ;         ;
; state_machine.bdf                ; yes             ; Auto-Found Block Diagram/Schematic File  ; /home/liulige/CPRE281/fProj/Final/state_machine.bdf                   ;         ;
; Y3.v                             ; yes             ; Auto-Found Verilog HDL File              ; /home/liulige/CPRE281/fProj/Final/Y3.v                                ;         ;
; Y2.v                             ; yes             ; Auto-Found Verilog HDL File              ; /home/liulige/CPRE281/fProj/Final/Y2.v                                ;         ;
; Y1.v                             ; yes             ; Auto-Found Verilog HDL File              ; /home/liulige/CPRE281/fProj/Final/Y1.v                                ;         ;
; Y0.v                             ; yes             ; Auto-Found Verilog HDL File              ; /home/liulige/CPRE281/fProj/Final/Y0.v                                ;         ;
; 8-bit_p-in_s-out_r-s_regiser.bdf ; yes             ; Auto-Found Block Diagram/Schematic File  ; /home/liulige/CPRE281/fProj/Final/8-bit_p-in_s-out_r-s_regiser.bdf    ;         ;
; up_counter.bdf                   ; yes             ; Auto-Found Block Diagram/Schematic File  ; /home/liulige/CPRE281/fProj/Final/up_counter.bdf                      ;         ;
+----------------------------------+-----------------+------------------------------------------+-----------------------------------------------------------------------+---------+


+-----------------------------------------------------+
; Analysis & Synthesis Resource Usage Summary         ;
+---------------------------------------------+-------+
; Resource                                    ; Usage ;
+---------------------------------------------+-------+
; Estimated Total logic elements              ; 66    ;
;                                             ;       ;
; Total combinational functions               ; 50    ;
; Logic element usage by number of LUT inputs ;       ;
;     -- 4 input functions                    ; 32    ;
;     -- 3 input functions                    ; 13    ;
;     -- <=2 input functions                  ; 5     ;
;                                             ;       ;
; Logic elements by mode                      ;       ;
;     -- normal mode                          ; 50    ;
;     -- arithmetic mode                      ; 0     ;
;                                             ;       ;
; Total registers                             ; 30    ;
;     -- Dedicated logic registers            ; 30    ;
;     -- I/O registers                        ; 0     ;
;                                             ;       ;
; I/O pins                                    ; 39    ;
; Embedded Multiplier 9-bit elements          ; 0     ;
; Maximum fan-out                             ; 30    ;
; Total fan-out                               ; 281   ;
; Average fan-out                             ; 2.36  ;
+---------------------------------------------+-------+


+------------------------------------------------------------------------------------------------------------------------------------------------------------------------------------------------------------------------------+
; Analysis & Synthesis Resource Utilization by Entity                                                                                                                                                                          ;
+-----------------------------------------+-------------------+--------------+-------------+--------------+---------+-----------+------+--------------+---------------------------------------------------------+--------------+
; Compilation Hierarchy Node              ; LC Combinationals ; LC Registers ; Memory Bits ; DSP Elements ; DSP 9x9 ; DSP 18x18 ; Pins ; Virtual Pins ; Full Hierarchy Name                                     ; Library Name ;
+-----------------------------------------+-------------------+--------------+-------------+--------------+---------+-----------+------+--------------+---------------------------------------------------------+--------------+
; |Final                                  ; 50 (0)            ; 30 (0)       ; 0           ; 0            ; 0       ; 0         ; 39   ; 0            ; |Final                                                  ;              ;
;    |8-bit_p-in_s-out_r-s_regiser:inst1| ; 8 (8)             ; 8 (8)        ; 0           ; 0            ; 0       ; 0         ; 0    ; 0            ; |Final|8-bit_p-in_s-out_r-s_regiser:inst1               ;              ;
;    |register_file:decoder|              ; 4 (0)             ; 16 (0)       ; 0           ; 0            ; 0       ; 0         ; 0    ; 0            ; |Final|register_file:decoder                            ;              ;
;       |2-4_decoder:inst4|               ; 4 (4)             ; 0 (0)        ; 0           ; 0            ; 0       ; 0         ; 0    ; 0            ; |Final|register_file:decoder|2-4_decoder:inst4          ;              ;
;       |4-bit_wide_register:inst10|      ; 0 (0)             ; 4 (4)        ; 0           ; 0            ; 0       ; 0         ; 0    ; 0            ; |Final|register_file:decoder|4-bit_wide_register:inst10 ;              ;
;       |4-bit_wide_register:inst11|      ; 0 (0)             ; 4 (4)        ; 0           ; 0            ; 0       ; 0         ; 0    ; 0            ; |Final|register_file:decoder|4-bit_wide_register:inst11 ;              ;
;       |4-bit_wide_register:inst12|      ; 0 (0)             ; 4 (4)        ; 0           ; 0            ; 0       ; 0         ; 0    ; 0            ; |Final|register_file:decoder|4-bit_wide_register:inst12 ;              ;
;       |4-bit_wide_register:inst9|       ; 0 (0)             ; 4 (4)        ; 0           ; 0            ; 0       ; 0         ; 0    ; 0            ; |Final|register_file:decoder|4-bit_wide_register:inst9  ;              ;
;    |seven_seg_decoder:inst3|            ; 7 (7)             ; 0 (0)        ; 0           ; 0            ; 0       ; 0         ; 0    ; 0            ; |Final|seven_seg_decoder:inst3                          ;              ;
;    |seven_seg_decoder:inst4|            ; 7 (7)             ; 0 (0)        ; 0           ; 0            ; 0       ; 0         ; 0    ; 0            ; |Final|seven_seg_decoder:inst4                          ;              ;
;    |seven_seg_decoder:inst5|            ; 7 (7)             ; 0 (0)        ; 0           ; 0            ; 0       ; 0         ; 0    ; 0            ; |Final|seven_seg_decoder:inst5                          ;              ;
;    |seven_seg_decoder:inst|             ; 7 (7)             ; 0 (0)        ; 0           ; 0            ; 0       ; 0         ; 0    ; 0            ; |Final|seven_seg_decoder:inst                           ;              ;
;    |state_machine:inst2|                ; 8 (0)             ; 4 (4)        ; 0           ; 0            ; 0       ; 0         ; 0    ; 0            ; |Final|state_machine:inst2                              ;              ;
;       |Y0:inst11|                       ; 1 (1)             ; 0 (0)        ; 0           ; 0            ; 0       ; 0         ; 0    ; 0            ; |Final|state_machine:inst2|Y0:inst11                    ;              ;
;       |Y1:inst10|                       ; 3 (3)             ; 0 (0)        ; 0           ; 0            ; 0       ; 0         ; 0    ; 0            ; |Final|state_machine:inst2|Y1:inst10                    ;              ;
;       |Y2:inst|                         ; 2 (2)             ; 0 (0)        ; 0           ; 0            ; 0       ; 0         ; 0    ; 0            ; |Final|state_machine:inst2|Y2:inst                      ;              ;
;       |Y3:inst9|                        ; 2 (2)             ; 0 (0)        ; 0           ; 0            ; 0       ; 0         ; 0    ; 0            ; |Final|state_machine:inst2|Y3:inst9                     ;              ;
;    |up_counter:inst6|                   ; 2 (2)             ; 2 (2)        ; 0           ; 0            ; 0       ; 0         ; 0    ; 0            ; |Final|up_counter:inst6                                 ;              ;
+-----------------------------------------+-------------------+--------------+-------------+--------------+---------+-----------+------+--------------+---------------------------------------------------------+--------------+
Note: For table entries with two numbers listed, the numbers in parentheses indicate the number of resources of the given type used by the specific entity alone. The numbers listed outside of parentheses indicate the total resources of the given type used by the specific entity and all of its sub-entities in the hierarchy.


+------------------------------------------------------+
; General Register Statistics                          ;
+----------------------------------------------+-------+
; Statistic                                    ; Value ;
+----------------------------------------------+-------+
; Total registers                              ; 30    ;
; Number of registers using Synchronous Clear  ; 0     ;
; Number of registers using Synchronous Load   ; 0     ;
; Number of registers using Asynchronous Clear ; 0     ;
; Number of registers using Asynchronous Load  ; 0     ;
; Number of registers using Clock Enable       ; 16    ;
; Number of registers using Preset             ; 0     ;
+----------------------------------------------+-------+


+-------------------------------+
; Elapsed Time Per Partition    ;
+----------------+--------------+
; Partition Name ; Elapsed Time ;
+----------------+--------------+
; Top            ; 00:00:00     ;
+----------------+--------------+


+-------------------------------+
; Analysis & Synthesis Messages ;
+-------------------------------+
Info: *******************************************************************
Info: Running Quartus II 64-Bit Analysis & Synthesis
    Info: Version 12.1 Build 243 01/31/2013 Service Pack 1 SJ Full Version
    Info: Processing started: Fri Dec  4 04:07:19 2015
Info: Command: quartus_map --read_settings_files=on --write_settings_files=off Final -c Final
Info (11104): Parallel Compilation has detected 8 hyper-threaded processors. However, the extra hyper-threaded processors will not be used by default. Parallel Compilation will use 4 of the 4 physical processors detected instead.
Warning (12019): Can't analyze file -- file Block3.bdf is missing
Info (12021): Found 1 design units, including 1 entities, in source file Final.bdf
    Info (12023): Found entity 1: Final
Info (12127): Elaborating entity "Final" for the top level hierarchy
Warning (12125): Using design file seven_seg_decoder.v, which is not specified as a design file for the current project, but contains definitions for 1 design units and 1 entities in project
    Info (12023): Found entity 1: seven_seg_decoder
Info (12128): Elaborating entity "seven_seg_decoder" for hierarchy "seven_seg_decoder:inst"
Warning (12125): Using design file register_file.bdf, which is not specified as a design file for the current project, but contains definitions for 1 design units and 1 entities in project
    Info (12023): Found entity 1: register_file
Info (12128): Elaborating entity "register_file" for hierarchy "register_file:decoder"
Warning (12125): Using design file 4-bit_wide_register.bdf, which is not specified as a design file for the current project, but contains definitions for 1 design units and 1 entities in project
    Info (12023): Found entity 1: 4-bit_wide_register
Info (12128): Elaborating entity "4-bit_wide_register" for hierarchy "register_file:decoder|4-bit_wide_register:inst9"
Info (12128): Elaborating entity "21mux" for hierarchy "register_file:decoder|4-bit_wide_register:inst9|21mux:inst5"
Info (12130): Elaborated megafunction instantiation "register_file:decoder|4-bit_wide_register:inst9|21mux:inst5"
Warning (12125): Using design file 2-4_decoder.bdf, which is not specified as a design file for the current project, but contains definitions for 1 design units and 1 entities in project
    Info (12023): Found entity 1: 2-4_decoder
Info (12128): Elaborating entity "2-4_decoder" for hierarchy "register_file:decoder|2-4_decoder:inst4"
Warning (12125): Using design file state_machine.bdf, which is not specified as a design file for the current project, but contains definitions for 1 design units and 1 entities in project
    Info (12023): Found entity 1: state_machine
Info (12128): Elaborating entity "state_machine" for hierarchy "state_machine:inst2"
Warning (12125): Using design file Y3.v, which is not specified as a design file for the current project, but contains definitions for 1 design units and 1 entities in project
    Info (12023): Found entity 1: Y3
Info (12128): Elaborating entity "Y3" for hierarchy "state_machine:inst2|Y3:inst9"
Warning (12125): Using design file Y2.v, which is not specified as a design file for the current project, but contains definitions for 1 design units and 1 entities in project
    Info (12023): Found entity 1: Y2
Info (12128): Elaborating entity "Y2" for hierarchy "state_machine:inst2|Y2:inst"
Warning (12125): Using design file Y1.v, which is not specified as a design file for the current project, but contains definitions for 1 design units and 1 entities in project
    Info (12023): Found entity 1: Y1
Info (12128): Elaborating entity "Y1" for hierarchy "state_machine:inst2|Y1:inst10"
Warning (12125): Using design file Y0.v, which is not specified as a design file for the current project, but contains definitions for 1 design units and 1 entities in project
    Info (12023): Found entity 1: Y0
Info (12128): Elaborating entity "Y0" for hierarchy "state_machine:inst2|Y0:inst11"
Warning (12125): Using design file 8-bit_p-in_s-out_r-s_regiser.bdf, which is not specified as a design file for the current project, but contains definitions for 1 design units and 1 entities in project
    Info (12023): Found entity 1: 8-bit_p-in_s-out_r-s_regiser
Info (12128): Elaborating entity "8-bit_p-in_s-out_r-s_regiser" for hierarchy "8-bit_p-in_s-out_r-s_regiser:inst1"
Warning (12125): Using design file up_counter.bdf, which is not specified as a design file for the current project, but contains definitions for 1 design units and 1 entities in project
    Info (12023): Found entity 1: up_counter
Info (12128): Elaborating entity "up_counter" for hierarchy "up_counter:inst6"
Warning (275011): Block or symbol "VCC" of instance "inst12" overlaps another block or symbol
Info (16010): Generating hard_block partition "hard_block:auto_generated_inst"
    Info (16011): Adding 0 node(s), including 0 DDIO, 0 PLL, 0 transceiver and 0 LCELL
Info (21057): Implemented 109 device resources after synthesis - the final resource count might be different
    Info (21058): Implemented 11 input pins
    Info (21059): Implemented 28 output pins
    Info (21061): Implemented 70 logic cells
Info: Quartus II 64-Bit Analysis & Synthesis was successful. 0 errors, 13 warnings
    Info: Peak virtual memory: 627 megabytes
    Info: Processing ended: Fri Dec  4 04:07:20 2015
    Info: Elapsed time: 00:00:01
    Info: Total CPU time (on all processors): 00:00:01


