TimeQuest Timing Analyzer report for lab5step2
Tue Feb 17 13:22:07 2015
Quartus II 64-Bit Version 12.1 Build 243 01/31/2013 Service Pack 1 SJ Full Version


---------------------
; Table of Contents ;
---------------------
  1. Legal Notice
  2. TimeQuest Timing Analyzer Summary
  3. Parallel Compilation
  4. Clocks
  5. Slow Model Fmax Summary
  6. Slow Model Setup Summary
  7. Slow Model Hold Summary
  8. Slow Model Recovery Summary
  9. Slow Model Removal Summary
 10. Slow Model Minimum Pulse Width Summary
 11. Propagation Delay
 12. Minimum Propagation Delay
 13. Fast Model Setup Summary
 14. Fast Model Hold Summary
 15. Fast Model Recovery Summary
 16. Fast Model Removal Summary
 17. Fast Model Minimum Pulse Width Summary
 18. Propagation Delay
 19. Minimum Propagation Delay
 20. Multicorner Timing Analysis Summary
 21. Progagation Delay
 22. Minimum Progagation Delay
 23. Clock Transfers
 24. Report TCCS
 25. Report RSKM
 26. Unconstrained Paths
 27. TimeQuest Timing Analyzer Messages



----------------
; Legal Notice ;
----------------
Copyright (C) 1991-2012 Altera Corporation
Your use of Altera Corporation's design tools, logic functions 
and other software and tools, and its AMPP partner logic 
functions, and any output files from any of the foregoing 
(including device programming or simulation files), and any 
associated documentation or information are expressly subject 
to the terms and conditions of the Altera Program License 
Subscription Agreement, Altera MegaCore Function License 
Agreement, or other applicable license agreement, including, 
without limitation, that your use is for the sole purpose of 
programming logic devices manufactured by Altera and sold by 
Altera or its authorized distributors.  Please refer to the 
applicable agreement for further details.



+---------------------------------------------------------------------------------------+
; TimeQuest Timing Analyzer Summary                                                     ;
+--------------------+------------------------------------------------------------------+
; Quartus II Version ; Version 12.1 Build 243 01/31/2013 Service Pack 1 SJ Full Version ;
; Revision Name      ; lab5step2                                                        ;
; Device Family      ; Cyclone II                                                       ;
; Device Name        ; EP2C35F672C6                                                     ;
; Timing Models      ; Final                                                            ;
; Delay Model        ; Combined                                                         ;
; Rise/Fall Delays   ; Unavailable                                                      ;
+--------------------+------------------------------------------------------------------+


+------------------------------------------+
; Parallel Compilation                     ;
+----------------------------+-------------+
; Processors                 ; Number      ;
+----------------------------+-------------+
; Number detected on machine ; 8           ;
; Maximum allowed            ; 4           ;
;                            ;             ;
; Average used               ; 1.00        ;
; Maximum used               ; 1           ;
;                            ;             ;
; Usage by Processor         ; % Time Used ;
;     1 processor            ; 100.0%      ;
;     2-8 processors         ;   0.0%      ;
+----------------------------+-------------+


----------
; Clocks ;
----------
No clocks to report.


---------------------------
; Slow Model Fmax Summary ;
---------------------------
No paths to report.


----------------------------
; Slow Model Setup Summary ;
----------------------------
No paths to report.


---------------------------
; Slow Model Hold Summary ;
---------------------------
No paths to report.


-------------------------------
; Slow Model Recovery Summary ;
-------------------------------
No paths to report.


------------------------------
; Slow Model Removal Summary ;
------------------------------
No paths to report.


------------------------------------------
; Slow Model Minimum Pulse Width Summary ;
------------------------------------------
No paths to report.


+--------------------------------------------------------------+
; Propagation Delay                                            ;
+------------+-------------+--------+--------+--------+--------+
; Input Port ; Output Port ; RR     ; RF     ; FR     ; FF     ;
+------------+-------------+--------+--------+--------+--------+
; w          ; 1a          ; 7.289  ; 7.289  ; 7.289  ; 7.289  ;
; w          ; 1b          ; 7.413  ;        ;        ; 7.413  ;
; w          ; 1c          ; 7.421  ; 7.421  ; 7.421  ; 7.421  ;
; w          ; 1d          ; 7.123  ; 7.123  ; 7.123  ; 7.123  ;
; w          ; 1e          ; 7.136  ; 7.136  ; 7.136  ; 7.136  ;
; w          ; 1f          ; 7.136  ; 7.136  ; 7.136  ; 7.136  ;
; w          ; 1g          ; 7.412  ; 7.412  ; 7.412  ; 7.412  ;
; w1         ; 2a          ; 6.681  ; 6.681  ; 6.681  ; 6.681  ;
; w1         ; 2b          ; 6.761  ; 6.761  ; 6.761  ; 6.761  ;
; w1         ; 2c          ;        ; 6.761  ; 6.761  ;        ;
; w1         ; 2d          ; 6.527  ; 6.527  ; 6.527  ; 6.527  ;
; w1         ; 2e          ; 6.494  ;        ;        ; 6.494  ;
; w1         ; 2f          ; 6.498  ;        ;        ; 6.498  ;
; w1         ; 2g          ; 6.760  ; 6.760  ; 6.760  ; 6.760  ;
; w2         ; 3a          ; 7.087  ; 7.087  ; 7.087  ; 7.087  ;
; w2         ; 3b          ; 7.097  ; 7.097  ; 7.097  ; 7.097  ;
; w2         ; 3c          ;        ; 7.065  ; 7.065  ;        ;
; w2         ; 3d          ; 6.506  ; 6.506  ; 6.506  ; 6.506  ;
; w2         ; 3e          ; 6.492  ;        ;        ; 6.492  ;
; w2         ; 3f          ; 6.481  ;        ;        ; 6.481  ;
; w2         ; 3g          ; 6.477  ; 6.477  ; 6.477  ; 6.477  ;
; w3         ; 4a          ; 5.531  ; 5.531  ; 5.531  ; 5.531  ;
; w3         ; 4b          ; 5.530  ; 5.530  ; 5.530  ; 5.530  ;
; w3         ; 4c          ;        ; 5.466  ; 5.466  ;        ;
; w3         ; 4d          ; 5.517  ; 5.517  ; 5.517  ; 5.517  ;
; w3         ; 4e          ; 5.493  ;        ;        ; 5.493  ;
; w3         ; 4f          ; 5.812  ;        ;        ; 5.812  ;
; w3         ; 4g          ; 5.823  ; 5.823  ; 5.823  ; 5.823  ;
; x          ; 1a          ; 7.617  ; 7.617  ; 7.617  ; 7.617  ;
; x          ; 1b          ; 7.740  ; 7.740  ; 7.740  ; 7.740  ;
; x          ; 1c          ; 7.750  ;        ;        ; 7.750  ;
; x          ; 1d          ; 7.444  ; 7.444  ; 7.444  ; 7.444  ;
; x          ; 1e          ;        ; 7.453  ; 7.453  ;        ;
; x          ; 1f          ; 7.454  ; 7.454  ; 7.454  ; 7.454  ;
; x          ; 1g          ; 7.731  ; 7.731  ; 7.731  ; 7.731  ;
; x1         ; 2a          ; 6.999  ; 6.999  ; 6.999  ; 6.999  ;
; x1         ; 2b          ; 7.110  ; 7.110  ; 7.110  ; 7.110  ;
; x1         ; 2c          ; 7.111  ;        ;        ; 7.111  ;
; x1         ; 2d          ; 6.875  ; 6.875  ; 6.875  ; 6.875  ;
; x1         ; 2e          ;        ; 6.820  ; 6.820  ;        ;
; x1         ; 2f          ; 6.849  ; 6.849  ; 6.849  ; 6.849  ;
; x1         ; 2g          ; 7.109  ; 7.109  ; 7.109  ; 7.109  ;
; x2         ; 3a          ; 6.933  ; 6.933  ; 6.933  ; 6.933  ;
; x2         ; 3b          ; 6.945  ; 6.945  ; 6.945  ; 6.945  ;
; x2         ; 3c          ; 6.939  ;        ;        ; 6.939  ;
; x2         ; 3d          ; 6.355  ; 6.355  ; 6.355  ; 6.355  ;
; x2         ; 3e          ;        ; 6.336  ; 6.336  ;        ;
; x2         ; 3f          ; 6.328  ; 6.328  ; 6.328  ; 6.328  ;
; x2         ; 3g          ; 6.323  ; 6.323  ; 6.323  ; 6.323  ;
; x3         ; 4a          ; 9.788  ; 9.788  ; 9.788  ; 9.788  ;
; x3         ; 4b          ; 9.801  ; 9.801  ; 9.801  ; 9.801  ;
; x3         ; 4c          ; 9.763  ;        ;        ; 9.763  ;
; x3         ; 4d          ; 9.777  ; 9.777  ; 9.777  ; 9.777  ;
; x3         ; 4e          ;        ; 9.767  ; 9.767  ;        ;
; x3         ; 4f          ; 10.069 ; 10.069 ; 10.069 ; 10.069 ;
; x3         ; 4g          ; 10.077 ; 10.077 ; 10.077 ; 10.077 ;
; y          ; 1a          ; 7.465  ; 7.465  ; 7.465  ; 7.465  ;
; y          ; 1b          ; 7.588  ; 7.588  ; 7.588  ; 7.588  ;
; y          ; 1c          ;        ; 7.571  ; 7.571  ;        ;
; y          ; 1d          ; 7.289  ; 7.289  ; 7.289  ; 7.289  ;
; y          ; 1e          ; 7.304  ;        ;        ; 7.304  ;
; y          ; 1f          ; 7.303  ;        ;        ; 7.303  ;
; y          ; 1g          ; 7.580  ; 7.580  ; 7.580  ; 7.580  ;
; y1         ; 2a          ; 6.554  ; 6.554  ; 6.554  ; 6.554  ;
; y1         ; 2b          ; 6.634  ;        ;        ; 6.634  ;
; y1         ; 2c          ; 6.634  ; 6.634  ; 6.634  ; 6.634  ;
; y1         ; 2d          ; 6.393  ; 6.393  ; 6.393  ; 6.393  ;
; y1         ; 2e          ; 6.352  ; 6.352  ; 6.352  ; 6.352  ;
; y1         ; 2f          ; 6.358  ; 6.358  ; 6.358  ; 6.358  ;
; y1         ; 2g          ; 6.624  ; 6.624  ; 6.624  ; 6.624  ;
; y2         ; 3a          ; 5.827  ; 5.827  ; 5.827  ; 5.827  ;
; y2         ; 3b          ; 5.828  ;        ;        ; 5.828  ;
; y2         ; 3c          ; 5.831  ; 5.831  ; 5.831  ; 5.831  ;
; y2         ; 3d          ; 5.241  ; 5.241  ; 5.241  ; 5.241  ;
; y2         ; 3e          ; 5.234  ; 5.234  ; 5.234  ; 5.234  ;
; y2         ; 3f          ; 5.211  ; 5.211  ; 5.211  ; 5.211  ;
; y2         ; 3g          ; 5.209  ; 5.209  ; 5.209  ; 5.209  ;
; y3         ; 4a          ; 9.805  ; 9.805  ; 9.805  ; 9.805  ;
; y3         ; 4b          ; 9.827  ;        ;        ; 9.827  ;
; y3         ; 4c          ; 9.765  ; 9.765  ; 9.765  ; 9.765  ;
; y3         ; 4d          ; 9.801  ; 9.801  ; 9.801  ; 9.801  ;
; y3         ; 4e          ; 9.793  ; 9.793  ; 9.793  ; 9.793  ;
; y3         ; 4f          ; 10.091 ; 10.091 ; 10.091 ; 10.091 ;
; y3         ; 4g          ; 10.106 ; 10.106 ; 10.106 ; 10.106 ;
; z          ; 1a          ; 6.645  ; 6.645  ; 6.645  ; 6.645  ;
; z          ; 1b          ; 6.770  ; 6.770  ; 6.770  ; 6.770  ;
; z          ; 1c          ; 6.780  ; 6.780  ; 6.780  ; 6.780  ;
; z          ; 1d          ; 6.485  ; 6.485  ; 6.485  ; 6.485  ;
; z          ; 1e          ;        ; 6.500  ; 6.500  ;        ;
; z          ; 1f          ; 6.500  ; 6.500  ; 6.500  ; 6.500  ;
; z          ; 1g          ; 6.773  ; 6.773  ; 6.773  ; 6.773  ;
; z1         ; 2a          ; 6.928  ; 6.928  ; 6.928  ; 6.928  ;
; z1         ; 2b          ; 7.038  ; 7.038  ; 7.038  ; 7.038  ;
; z1         ; 2c          ; 7.038  ; 7.038  ; 7.038  ; 7.038  ;
; z1         ; 2d          ; 6.798  ; 6.798  ; 6.798  ; 6.798  ;
; z1         ; 2e          ;        ; 6.722  ; 6.722  ;        ;
; z1         ; 2f          ; 6.732  ; 6.732  ; 6.732  ; 6.732  ;
; z1         ; 2g          ; 7.029  ; 7.029  ; 7.029  ; 7.029  ;
; z2         ; 3a          ; 6.094  ; 6.094  ; 6.094  ; 6.094  ;
; z2         ; 3b          ; 6.108  ; 6.108  ; 6.108  ; 6.108  ;
; z2         ; 3c          ; 6.075  ; 6.075  ; 6.075  ; 6.075  ;
; z2         ; 3d          ; 5.514  ; 5.514  ; 5.514  ; 5.514  ;
; z2         ; 3e          ;        ; 5.499  ; 5.499  ;        ;
; z2         ; 3f          ; 5.460  ; 5.460  ; 5.460  ; 5.460  ;
; z2         ; 3g          ; 5.487  ; 5.487  ; 5.487  ; 5.487  ;
; z3         ; 4a          ; 9.481  ; 9.481  ; 9.481  ; 9.481  ;
; z3         ; 4b          ; 9.494  ; 9.494  ; 9.494  ; 9.494  ;
; z3         ; 4c          ; 9.457  ; 9.457  ; 9.457  ; 9.457  ;
; z3         ; 4d          ; 9.468  ; 9.468  ; 9.468  ; 9.468  ;
; z3         ; 4e          ;        ; 9.460  ; 9.460  ;        ;
; z3         ; 4f          ; 9.759  ; 9.759  ; 9.759  ; 9.759  ;
; z3         ; 4g          ; 9.773  ; 9.773  ; 9.773  ; 9.773  ;
+------------+-------------+--------+--------+--------+--------+


+--------------------------------------------------------------+
; Minimum Propagation Delay                                    ;
+------------+-------------+--------+--------+--------+--------+
; Input Port ; Output Port ; RR     ; RF     ; FR     ; FF     ;
+------------+-------------+--------+--------+--------+--------+
; w          ; 1a          ; 7.289  ; 7.289  ; 7.289  ; 7.289  ;
; w          ; 1b          ; 7.413  ;        ;        ; 7.413  ;
; w          ; 1c          ; 7.421  ; 7.421  ; 7.421  ; 7.421  ;
; w          ; 1d          ; 7.123  ; 7.123  ; 7.123  ; 7.123  ;
; w          ; 1e          ; 7.136  ; 7.136  ; 7.136  ; 7.136  ;
; w          ; 1f          ; 7.136  ; 7.136  ; 7.136  ; 7.136  ;
; w          ; 1g          ; 7.412  ; 7.412  ; 7.412  ; 7.412  ;
; w1         ; 2a          ; 6.681  ; 6.681  ; 6.681  ; 6.681  ;
; w1         ; 2b          ; 6.761  ; 6.761  ; 6.761  ; 6.761  ;
; w1         ; 2c          ;        ; 6.761  ; 6.761  ;        ;
; w1         ; 2d          ; 6.527  ; 6.527  ; 6.527  ; 6.527  ;
; w1         ; 2e          ; 6.494  ;        ;        ; 6.494  ;
; w1         ; 2f          ; 6.498  ;        ;        ; 6.498  ;
; w1         ; 2g          ; 6.760  ; 6.760  ; 6.760  ; 6.760  ;
; w2         ; 3a          ; 7.087  ; 7.087  ; 7.087  ; 7.087  ;
; w2         ; 3b          ; 7.097  ; 7.097  ; 7.097  ; 7.097  ;
; w2         ; 3c          ;        ; 7.065  ; 7.065  ;        ;
; w2         ; 3d          ; 6.506  ; 6.506  ; 6.506  ; 6.506  ;
; w2         ; 3e          ; 6.492  ;        ;        ; 6.492  ;
; w2         ; 3f          ; 6.481  ;        ;        ; 6.481  ;
; w2         ; 3g          ; 6.477  ; 6.477  ; 6.477  ; 6.477  ;
; w3         ; 4a          ; 5.531  ; 5.531  ; 5.531  ; 5.531  ;
; w3         ; 4b          ; 5.530  ; 5.530  ; 5.530  ; 5.530  ;
; w3         ; 4c          ;        ; 5.466  ; 5.466  ;        ;
; w3         ; 4d          ; 5.517  ; 5.517  ; 5.517  ; 5.517  ;
; w3         ; 4e          ; 5.493  ;        ;        ; 5.493  ;
; w3         ; 4f          ; 5.812  ;        ;        ; 5.812  ;
; w3         ; 4g          ; 5.823  ; 5.823  ; 5.823  ; 5.823  ;
; x          ; 1a          ; 7.617  ; 7.617  ; 7.617  ; 7.617  ;
; x          ; 1b          ; 7.740  ; 7.740  ; 7.740  ; 7.740  ;
; x          ; 1c          ; 7.750  ;        ;        ; 7.750  ;
; x          ; 1d          ; 7.444  ; 7.444  ; 7.444  ; 7.444  ;
; x          ; 1e          ;        ; 7.453  ; 7.453  ;        ;
; x          ; 1f          ; 7.454  ; 7.454  ; 7.454  ; 7.454  ;
; x          ; 1g          ; 7.731  ; 7.731  ; 7.731  ; 7.731  ;
; x1         ; 2a          ; 6.999  ; 6.999  ; 6.999  ; 6.999  ;
; x1         ; 2b          ; 7.110  ; 7.110  ; 7.110  ; 7.110  ;
; x1         ; 2c          ; 7.111  ;        ;        ; 7.111  ;
; x1         ; 2d          ; 6.875  ; 6.875  ; 6.875  ; 6.875  ;
; x1         ; 2e          ;        ; 6.820  ; 6.820  ;        ;
; x1         ; 2f          ; 6.849  ; 6.849  ; 6.849  ; 6.849  ;
; x1         ; 2g          ; 7.109  ; 7.109  ; 7.109  ; 7.109  ;
; x2         ; 3a          ; 6.933  ; 6.933  ; 6.933  ; 6.933  ;
; x2         ; 3b          ; 6.945  ; 6.945  ; 6.945  ; 6.945  ;
; x2         ; 3c          ; 6.939  ;        ;        ; 6.939  ;
; x2         ; 3d          ; 6.355  ; 6.355  ; 6.355  ; 6.355  ;
; x2         ; 3e          ;        ; 6.336  ; 6.336  ;        ;
; x2         ; 3f          ; 6.328  ; 6.328  ; 6.328  ; 6.328  ;
; x2         ; 3g          ; 6.323  ; 6.323  ; 6.323  ; 6.323  ;
; x3         ; 4a          ; 9.788  ; 9.788  ; 9.788  ; 9.788  ;
; x3         ; 4b          ; 9.801  ; 9.801  ; 9.801  ; 9.801  ;
; x3         ; 4c          ; 9.763  ;        ;        ; 9.763  ;
; x3         ; 4d          ; 9.777  ; 9.777  ; 9.777  ; 9.777  ;
; x3         ; 4e          ;        ; 9.767  ; 9.767  ;        ;
; x3         ; 4f          ; 10.069 ; 10.069 ; 10.069 ; 10.069 ;
; x3         ; 4g          ; 10.077 ; 10.077 ; 10.077 ; 10.077 ;
; y          ; 1a          ; 7.465  ; 7.465  ; 7.465  ; 7.465  ;
; y          ; 1b          ; 7.588  ; 7.588  ; 7.588  ; 7.588  ;
; y          ; 1c          ;        ; 7.571  ; 7.571  ;        ;
; y          ; 1d          ; 7.289  ; 7.289  ; 7.289  ; 7.289  ;
; y          ; 1e          ; 7.304  ;        ;        ; 7.304  ;
; y          ; 1f          ; 7.303  ;        ;        ; 7.303  ;
; y          ; 1g          ; 7.580  ; 7.580  ; 7.580  ; 7.580  ;
; y1         ; 2a          ; 6.554  ; 6.554  ; 6.554  ; 6.554  ;
; y1         ; 2b          ; 6.634  ;        ;        ; 6.634  ;
; y1         ; 2c          ; 6.634  ; 6.634  ; 6.634  ; 6.634  ;
; y1         ; 2d          ; 6.393  ; 6.393  ; 6.393  ; 6.393  ;
; y1         ; 2e          ; 6.352  ; 6.352  ; 6.352  ; 6.352  ;
; y1         ; 2f          ; 6.358  ; 6.358  ; 6.358  ; 6.358  ;
; y1         ; 2g          ; 6.624  ; 6.624  ; 6.624  ; 6.624  ;
; y2         ; 3a          ; 5.827  ; 5.827  ; 5.827  ; 5.827  ;
; y2         ; 3b          ; 5.828  ;        ;        ; 5.828  ;
; y2         ; 3c          ; 5.831  ; 5.831  ; 5.831  ; 5.831  ;
; y2         ; 3d          ; 5.241  ; 5.241  ; 5.241  ; 5.241  ;
; y2         ; 3e          ; 5.234  ; 5.234  ; 5.234  ; 5.234  ;
; y2         ; 3f          ; 5.211  ; 5.211  ; 5.211  ; 5.211  ;
; y2         ; 3g          ; 5.209  ; 5.209  ; 5.209  ; 5.209  ;
; y3         ; 4a          ; 9.805  ; 9.805  ; 9.805  ; 9.805  ;
; y3         ; 4b          ; 9.827  ;        ;        ; 9.827  ;
; y3         ; 4c          ; 9.765  ; 9.765  ; 9.765  ; 9.765  ;
; y3         ; 4d          ; 9.801  ; 9.801  ; 9.801  ; 9.801  ;
; y3         ; 4e          ; 9.793  ; 9.793  ; 9.793  ; 9.793  ;
; y3         ; 4f          ; 10.091 ; 10.091 ; 10.091 ; 10.091 ;
; y3         ; 4g          ; 10.106 ; 10.106 ; 10.106 ; 10.106 ;
; z          ; 1a          ; 6.645  ; 6.645  ; 6.645  ; 6.645  ;
; z          ; 1b          ; 6.770  ; 6.770  ; 6.770  ; 6.770  ;
; z          ; 1c          ; 6.780  ; 6.780  ; 6.780  ; 6.780  ;
; z          ; 1d          ; 6.485  ; 6.485  ; 6.485  ; 6.485  ;
; z          ; 1e          ;        ; 6.500  ; 6.500  ;        ;
; z          ; 1f          ; 6.500  ; 6.500  ; 6.500  ; 6.500  ;
; z          ; 1g          ; 6.773  ; 6.773  ; 6.773  ; 6.773  ;
; z1         ; 2a          ; 6.928  ; 6.928  ; 6.928  ; 6.928  ;
; z1         ; 2b          ; 7.038  ; 7.038  ; 7.038  ; 7.038  ;
; z1         ; 2c          ; 7.038  ; 7.038  ; 7.038  ; 7.038  ;
; z1         ; 2d          ; 6.798  ; 6.798  ; 6.798  ; 6.798  ;
; z1         ; 2e          ;        ; 6.722  ; 6.722  ;        ;
; z1         ; 2f          ; 6.732  ; 6.732  ; 6.732  ; 6.732  ;
; z1         ; 2g          ; 7.029  ; 7.029  ; 7.029  ; 7.029  ;
; z2         ; 3a          ; 6.094  ; 6.094  ; 6.094  ; 6.094  ;
; z2         ; 3b          ; 6.108  ; 6.108  ; 6.108  ; 6.108  ;
; z2         ; 3c          ; 6.075  ; 6.075  ; 6.075  ; 6.075  ;
; z2         ; 3d          ; 5.514  ; 5.514  ; 5.514  ; 5.514  ;
; z2         ; 3e          ;        ; 5.499  ; 5.499  ;        ;
; z2         ; 3f          ; 5.460  ; 5.460  ; 5.460  ; 5.460  ;
; z2         ; 3g          ; 5.487  ; 5.487  ; 5.487  ; 5.487  ;
; z3         ; 4a          ; 9.481  ; 9.481  ; 9.481  ; 9.481  ;
; z3         ; 4b          ; 9.494  ; 9.494  ; 9.494  ; 9.494  ;
; z3         ; 4c          ; 9.457  ; 9.457  ; 9.457  ; 9.457  ;
; z3         ; 4d          ; 9.468  ; 9.468  ; 9.468  ; 9.468  ;
; z3         ; 4e          ;        ; 9.460  ; 9.460  ;        ;
; z3         ; 4f          ; 9.759  ; 9.759  ; 9.759  ; 9.759  ;
; z3         ; 4g          ; 9.773  ; 9.773  ; 9.773  ; 9.773  ;
+------------+-------------+--------+--------+--------+--------+


----------------------------
; Fast Model Setup Summary ;
----------------------------
No paths to report.


---------------------------
; Fast Model Hold Summary ;
---------------------------
No paths to report.


-------------------------------
; Fast Model Recovery Summary ;
-------------------------------
No paths to report.


------------------------------
; Fast Model Removal Summary ;
------------------------------
No paths to report.


------------------------------------------
; Fast Model Minimum Pulse Width Summary ;
------------------------------------------
No paths to report.


+----------------------------------------------------------+
; Propagation Delay                                        ;
+------------+-------------+-------+-------+-------+-------+
; Input Port ; Output Port ; RR    ; RF    ; FR    ; FF    ;
+------------+-------------+-------+-------+-------+-------+
; w          ; 1a          ; 3.795 ; 3.795 ; 3.795 ; 3.795 ;
; w          ; 1b          ; 3.855 ;       ;       ; 3.855 ;
; w          ; 1c          ; 3.858 ; 3.858 ; 3.858 ; 3.858 ;
; w          ; 1d          ; 3.714 ; 3.714 ; 3.714 ; 3.714 ;
; w          ; 1e          ; 3.734 ; 3.734 ; 3.734 ; 3.734 ;
; w          ; 1f          ; 3.734 ; 3.734 ; 3.734 ; 3.734 ;
; w          ; 1g          ; 3.855 ; 3.855 ; 3.855 ; 3.855 ;
; w1         ; 2a          ; 3.505 ; 3.505 ; 3.505 ; 3.505 ;
; w1         ; 2b          ; 3.522 ; 3.522 ; 3.522 ; 3.522 ;
; w1         ; 2c          ;       ; 3.522 ; 3.522 ;       ;
; w1         ; 2d          ; 3.433 ; 3.433 ; 3.433 ; 3.433 ;
; w1         ; 2e          ; 3.411 ;       ;       ; 3.411 ;
; w1         ; 2f          ; 3.412 ;       ;       ; 3.412 ;
; w1         ; 2g          ; 3.538 ; 3.538 ; 3.538 ; 3.538 ;
; w2         ; 3a          ; 3.661 ; 3.661 ; 3.661 ; 3.661 ;
; w2         ; 3b          ; 3.669 ; 3.669 ; 3.669 ; 3.669 ;
; w2         ; 3c          ;       ; 3.665 ; 3.665 ;       ;
; w2         ; 3d          ; 3.378 ; 3.378 ; 3.378 ; 3.378 ;
; w2         ; 3e          ; 3.369 ;       ;       ; 3.369 ;
; w2         ; 3f          ; 3.364 ;       ;       ; 3.364 ;
; w2         ; 3g          ; 3.355 ; 3.355 ; 3.355 ; 3.355 ;
; w3         ; 4a          ; 2.915 ; 2.915 ; 2.915 ; 2.915 ;
; w3         ; 4b          ; 2.906 ; 2.906 ; 2.906 ; 2.906 ;
; w3         ; 4c          ;       ; 2.874 ; 2.874 ;       ;
; w3         ; 4d          ; 2.882 ; 2.882 ; 2.882 ; 2.882 ;
; w3         ; 4e          ; 2.875 ;       ;       ; 2.875 ;
; w3         ; 4f          ; 3.038 ;       ;       ; 3.038 ;
; w3         ; 4g          ; 3.036 ; 3.036 ; 3.036 ; 3.036 ;
; x          ; 1a          ; 3.925 ; 3.925 ; 3.925 ; 3.925 ;
; x          ; 1b          ; 3.985 ; 3.985 ; 3.985 ; 3.985 ;
; x          ; 1c          ; 3.988 ;       ;       ; 3.988 ;
; x          ; 1d          ; 3.839 ; 3.839 ; 3.839 ; 3.839 ;
; x          ; 1e          ;       ; 3.854 ; 3.854 ;       ;
; x          ; 1f          ; 3.854 ; 3.854 ; 3.854 ; 3.854 ;
; x          ; 1g          ; 3.979 ; 3.979 ; 3.979 ; 3.979 ;
; x1         ; 2a          ; 3.627 ; 3.627 ; 3.627 ; 3.627 ;
; x1         ; 2b          ; 3.645 ; 3.645 ; 3.645 ; 3.645 ;
; x1         ; 2c          ; 3.651 ;       ;       ; 3.651 ;
; x1         ; 2d          ; 3.555 ; 3.555 ; 3.555 ; 3.555 ;
; x1         ; 2e          ;       ; 3.534 ; 3.534 ;       ;
; x1         ; 2f          ; 3.535 ; 3.535 ; 3.535 ; 3.535 ;
; x1         ; 2g          ; 3.660 ; 3.660 ; 3.660 ; 3.660 ;
; x2         ; 3a          ; 3.591 ; 3.591 ; 3.591 ; 3.591 ;
; x2         ; 3b          ; 3.601 ; 3.601 ; 3.601 ; 3.601 ;
; x2         ; 3c          ; 3.597 ;       ;       ; 3.597 ;
; x2         ; 3d          ; 3.310 ; 3.310 ; 3.310 ; 3.310 ;
; x2         ; 3e          ;       ; 3.297 ; 3.297 ;       ;
; x2         ; 3f          ; 3.289 ; 3.289 ; 3.289 ; 3.289 ;
; x2         ; 3g          ; 3.287 ; 3.287 ; 3.287 ; 3.287 ;
; x3         ; 4a          ; 5.474 ; 5.474 ; 5.474 ; 5.474 ;
; x3         ; 4b          ; 5.485 ; 5.485 ; 5.485 ; 5.485 ;
; x3         ; 4c          ; 5.452 ;       ;       ; 5.452 ;
; x3         ; 4d          ; 5.456 ; 5.456 ; 5.456 ; 5.456 ;
; x3         ; 4e          ;       ; 5.454 ; 5.454 ;       ;
; x3         ; 4f          ; 5.603 ; 5.603 ; 5.603 ; 5.603 ;
; x3         ; 4g          ; 5.607 ; 5.607 ; 5.607 ; 5.607 ;
; y          ; 1a          ; 3.845 ; 3.845 ; 3.845 ; 3.845 ;
; y          ; 1b          ; 3.904 ; 3.904 ; 3.904 ; 3.904 ;
; y          ; 1c          ;       ; 3.908 ; 3.908 ;       ;
; y          ; 1d          ; 3.760 ; 3.760 ; 3.760 ; 3.760 ;
; y          ; 1e          ; 3.775 ;       ;       ; 3.775 ;
; y          ; 1f          ; 3.780 ;       ;       ; 3.780 ;
; y          ; 1g          ; 3.900 ; 3.900 ; 3.900 ; 3.900 ;
; y1         ; 2a          ; 3.408 ; 3.408 ; 3.408 ; 3.408 ;
; y1         ; 2b          ; 3.426 ;       ;       ; 3.426 ;
; y1         ; 2c          ; 3.428 ; 3.428 ; 3.428 ; 3.428 ;
; y1         ; 2d          ; 3.329 ; 3.329 ; 3.329 ; 3.329 ;
; y1         ; 2e          ; 3.298 ; 3.298 ; 3.298 ; 3.298 ;
; y1         ; 2f          ; 3.300 ; 3.300 ; 3.300 ; 3.300 ;
; y1         ; 2g          ; 3.432 ; 3.432 ; 3.432 ; 3.432 ;
; y2         ; 3a          ; 3.063 ; 3.063 ; 3.063 ; 3.063 ;
; y2         ; 3b          ; 3.062 ;       ;       ; 3.062 ;
; y2         ; 3c          ; 3.065 ; 3.065 ; 3.065 ; 3.065 ;
; y2         ; 3d          ; 2.773 ; 2.773 ; 2.773 ; 2.773 ;
; y2         ; 3e          ; 2.773 ; 2.773 ; 2.773 ; 2.773 ;
; y2         ; 3f          ; 2.749 ; 2.749 ; 2.749 ; 2.749 ;
; y2         ; 3g          ; 2.749 ; 2.749 ; 2.749 ; 2.749 ;
; y3         ; 4a          ; 5.485 ; 5.485 ; 5.485 ; 5.485 ;
; y3         ; 4b          ; 5.501 ;       ;       ; 5.501 ;
; y3         ; 4c          ; 5.476 ; 5.476 ; 5.476 ; 5.476 ;
; y3         ; 4d          ; 5.468 ; 5.468 ; 5.468 ; 5.468 ;
; y3         ; 4e          ; 5.471 ; 5.471 ; 5.471 ; 5.471 ;
; y3         ; 4f          ; 5.623 ; 5.623 ; 5.623 ; 5.623 ;
; y3         ; 4g          ; 5.622 ; 5.622 ; 5.622 ; 5.622 ;
; z          ; 1a          ; 3.476 ; 3.476 ; 3.476 ; 3.476 ;
; z          ; 1b          ; 3.537 ; 3.537 ; 3.537 ; 3.537 ;
; z          ; 1c          ; 3.545 ; 3.545 ; 3.545 ; 3.545 ;
; z          ; 1d          ; 3.403 ; 3.403 ; 3.403 ; 3.403 ;
; z          ; 1e          ;       ; 3.423 ; 3.423 ;       ;
; z          ; 1f          ; 3.423 ; 3.423 ; 3.423 ; 3.423 ;
; z          ; 1g          ; 3.544 ; 3.544 ; 3.544 ; 3.544 ;
; z1         ; 2a          ; 3.596 ; 3.596 ; 3.596 ; 3.596 ;
; z1         ; 2b          ; 3.614 ; 3.614 ; 3.614 ; 3.614 ;
; z1         ; 2c          ; 3.618 ; 3.618 ; 3.618 ; 3.618 ;
; z1         ; 2d          ; 3.518 ; 3.518 ; 3.518 ; 3.518 ;
; z1         ; 2e          ;       ; 3.488 ; 3.488 ;       ;
; z1         ; 2f          ; 3.490 ; 3.490 ; 3.490 ; 3.490 ;
; z1         ; 2g          ; 3.621 ; 3.621 ; 3.621 ; 3.621 ;
; z2         ; 3a          ; 3.170 ; 3.170 ; 3.170 ; 3.170 ;
; z2         ; 3b          ; 3.180 ; 3.180 ; 3.180 ; 3.180 ;
; z2         ; 3c          ; 3.180 ; 3.180 ; 3.180 ; 3.180 ;
; z2         ; 3d          ; 2.889 ; 2.889 ; 2.889 ; 2.889 ;
; z2         ; 3e          ;       ; 2.878 ; 2.878 ;       ;
; z2         ; 3f          ; 2.870 ; 2.870 ; 2.870 ; 2.870 ;
; z2         ; 3g          ; 2.865 ; 2.865 ; 2.865 ; 2.865 ;
; z3         ; 4a          ; 5.346 ; 5.346 ; 5.346 ; 5.346 ;
; z3         ; 4b          ; 5.355 ; 5.355 ; 5.355 ; 5.355 ;
; z3         ; 4c          ; 5.323 ; 5.323 ; 5.323 ; 5.323 ;
; z3         ; 4d          ; 5.321 ; 5.321 ; 5.321 ; 5.321 ;
; z3         ; 4e          ;       ; 5.324 ; 5.324 ;       ;
; z3         ; 4f          ; 5.469 ; 5.469 ; 5.469 ; 5.469 ;
; z3         ; 4g          ; 5.475 ; 5.475 ; 5.475 ; 5.475 ;
+------------+-------------+-------+-------+-------+-------+


+----------------------------------------------------------+
; Minimum Propagation Delay                                ;
+------------+-------------+-------+-------+-------+-------+
; Input Port ; Output Port ; RR    ; RF    ; FR    ; FF    ;
+------------+-------------+-------+-------+-------+-------+
; w          ; 1a          ; 3.795 ; 3.795 ; 3.795 ; 3.795 ;
; w          ; 1b          ; 3.855 ;       ;       ; 3.855 ;
; w          ; 1c          ; 3.858 ; 3.858 ; 3.858 ; 3.858 ;
; w          ; 1d          ; 3.714 ; 3.714 ; 3.714 ; 3.714 ;
; w          ; 1e          ; 3.734 ; 3.734 ; 3.734 ; 3.734 ;
; w          ; 1f          ; 3.734 ; 3.734 ; 3.734 ; 3.734 ;
; w          ; 1g          ; 3.855 ; 3.855 ; 3.855 ; 3.855 ;
; w1         ; 2a          ; 3.505 ; 3.505 ; 3.505 ; 3.505 ;
; w1         ; 2b          ; 3.522 ; 3.522 ; 3.522 ; 3.522 ;
; w1         ; 2c          ;       ; 3.522 ; 3.522 ;       ;
; w1         ; 2d          ; 3.433 ; 3.433 ; 3.433 ; 3.433 ;
; w1         ; 2e          ; 3.411 ;       ;       ; 3.411 ;
; w1         ; 2f          ; 3.412 ;       ;       ; 3.412 ;
; w1         ; 2g          ; 3.538 ; 3.538 ; 3.538 ; 3.538 ;
; w2         ; 3a          ; 3.661 ; 3.661 ; 3.661 ; 3.661 ;
; w2         ; 3b          ; 3.669 ; 3.669 ; 3.669 ; 3.669 ;
; w2         ; 3c          ;       ; 3.665 ; 3.665 ;       ;
; w2         ; 3d          ; 3.378 ; 3.378 ; 3.378 ; 3.378 ;
; w2         ; 3e          ; 3.369 ;       ;       ; 3.369 ;
; w2         ; 3f          ; 3.364 ;       ;       ; 3.364 ;
; w2         ; 3g          ; 3.355 ; 3.355 ; 3.355 ; 3.355 ;
; w3         ; 4a          ; 2.915 ; 2.915 ; 2.915 ; 2.915 ;
; w3         ; 4b          ; 2.906 ; 2.906 ; 2.906 ; 2.906 ;
; w3         ; 4c          ;       ; 2.874 ; 2.874 ;       ;
; w3         ; 4d          ; 2.882 ; 2.882 ; 2.882 ; 2.882 ;
; w3         ; 4e          ; 2.875 ;       ;       ; 2.875 ;
; w3         ; 4f          ; 3.038 ;       ;       ; 3.038 ;
; w3         ; 4g          ; 3.036 ; 3.036 ; 3.036 ; 3.036 ;
; x          ; 1a          ; 3.925 ; 3.925 ; 3.925 ; 3.925 ;
; x          ; 1b          ; 3.985 ; 3.985 ; 3.985 ; 3.985 ;
; x          ; 1c          ; 3.988 ;       ;       ; 3.988 ;
; x          ; 1d          ; 3.839 ; 3.839 ; 3.839 ; 3.839 ;
; x          ; 1e          ;       ; 3.854 ; 3.854 ;       ;
; x          ; 1f          ; 3.854 ; 3.854 ; 3.854 ; 3.854 ;
; x          ; 1g          ; 3.979 ; 3.979 ; 3.979 ; 3.979 ;
; x1         ; 2a          ; 3.627 ; 3.627 ; 3.627 ; 3.627 ;
; x1         ; 2b          ; 3.645 ; 3.645 ; 3.645 ; 3.645 ;
; x1         ; 2c          ; 3.651 ;       ;       ; 3.651 ;
; x1         ; 2d          ; 3.555 ; 3.555 ; 3.555 ; 3.555 ;
; x1         ; 2e          ;       ; 3.534 ; 3.534 ;       ;
; x1         ; 2f          ; 3.535 ; 3.535 ; 3.535 ; 3.535 ;
; x1         ; 2g          ; 3.660 ; 3.660 ; 3.660 ; 3.660 ;
; x2         ; 3a          ; 3.591 ; 3.591 ; 3.591 ; 3.591 ;
; x2         ; 3b          ; 3.601 ; 3.601 ; 3.601 ; 3.601 ;
; x2         ; 3c          ; 3.597 ;       ;       ; 3.597 ;
; x2         ; 3d          ; 3.310 ; 3.310 ; 3.310 ; 3.310 ;
; x2         ; 3e          ;       ; 3.297 ; 3.297 ;       ;
; x2         ; 3f          ; 3.289 ; 3.289 ; 3.289 ; 3.289 ;
; x2         ; 3g          ; 3.287 ; 3.287 ; 3.287 ; 3.287 ;
; x3         ; 4a          ; 5.474 ; 5.474 ; 5.474 ; 5.474 ;
; x3         ; 4b          ; 5.485 ; 5.485 ; 5.485 ; 5.485 ;
; x3         ; 4c          ; 5.452 ;       ;       ; 5.452 ;
; x3         ; 4d          ; 5.456 ; 5.456 ; 5.456 ; 5.456 ;
; x3         ; 4e          ;       ; 5.454 ; 5.454 ;       ;
; x3         ; 4f          ; 5.603 ; 5.603 ; 5.603 ; 5.603 ;
; x3         ; 4g          ; 5.607 ; 5.607 ; 5.607 ; 5.607 ;
; y          ; 1a          ; 3.845 ; 3.845 ; 3.845 ; 3.845 ;
; y          ; 1b          ; 3.904 ; 3.904 ; 3.904 ; 3.904 ;
; y          ; 1c          ;       ; 3.908 ; 3.908 ;       ;
; y          ; 1d          ; 3.760 ; 3.760 ; 3.760 ; 3.760 ;
; y          ; 1e          ; 3.775 ;       ;       ; 3.775 ;
; y          ; 1f          ; 3.780 ;       ;       ; 3.780 ;
; y          ; 1g          ; 3.900 ; 3.900 ; 3.900 ; 3.900 ;
; y1         ; 2a          ; 3.408 ; 3.408 ; 3.408 ; 3.408 ;
; y1         ; 2b          ; 3.426 ;       ;       ; 3.426 ;
; y1         ; 2c          ; 3.428 ; 3.428 ; 3.428 ; 3.428 ;
; y1         ; 2d          ; 3.329 ; 3.329 ; 3.329 ; 3.329 ;
; y1         ; 2e          ; 3.298 ; 3.298 ; 3.298 ; 3.298 ;
; y1         ; 2f          ; 3.300 ; 3.300 ; 3.300 ; 3.300 ;
; y1         ; 2g          ; 3.432 ; 3.432 ; 3.432 ; 3.432 ;
; y2         ; 3a          ; 3.063 ; 3.063 ; 3.063 ; 3.063 ;
; y2         ; 3b          ; 3.062 ;       ;       ; 3.062 ;
; y2         ; 3c          ; 3.065 ; 3.065 ; 3.065 ; 3.065 ;
; y2         ; 3d          ; 2.773 ; 2.773 ; 2.773 ; 2.773 ;
; y2         ; 3e          ; 2.773 ; 2.773 ; 2.773 ; 2.773 ;
; y2         ; 3f          ; 2.749 ; 2.749 ; 2.749 ; 2.749 ;
; y2         ; 3g          ; 2.749 ; 2.749 ; 2.749 ; 2.749 ;
; y3         ; 4a          ; 5.485 ; 5.485 ; 5.485 ; 5.485 ;
; y3         ; 4b          ; 5.501 ;       ;       ; 5.501 ;
; y3         ; 4c          ; 5.476 ; 5.476 ; 5.476 ; 5.476 ;
; y3         ; 4d          ; 5.468 ; 5.468 ; 5.468 ; 5.468 ;
; y3         ; 4e          ; 5.471 ; 5.471 ; 5.471 ; 5.471 ;
; y3         ; 4f          ; 5.623 ; 5.623 ; 5.623 ; 5.623 ;
; y3         ; 4g          ; 5.622 ; 5.622 ; 5.622 ; 5.622 ;
; z          ; 1a          ; 3.476 ; 3.476 ; 3.476 ; 3.476 ;
; z          ; 1b          ; 3.537 ; 3.537 ; 3.537 ; 3.537 ;
; z          ; 1c          ; 3.545 ; 3.545 ; 3.545 ; 3.545 ;
; z          ; 1d          ; 3.403 ; 3.403 ; 3.403 ; 3.403 ;
; z          ; 1e          ;       ; 3.423 ; 3.423 ;       ;
; z          ; 1f          ; 3.423 ; 3.423 ; 3.423 ; 3.423 ;
; z          ; 1g          ; 3.544 ; 3.544 ; 3.544 ; 3.544 ;
; z1         ; 2a          ; 3.596 ; 3.596 ; 3.596 ; 3.596 ;
; z1         ; 2b          ; 3.614 ; 3.614 ; 3.614 ; 3.614 ;
; z1         ; 2c          ; 3.618 ; 3.618 ; 3.618 ; 3.618 ;
; z1         ; 2d          ; 3.518 ; 3.518 ; 3.518 ; 3.518 ;
; z1         ; 2e          ;       ; 3.488 ; 3.488 ;       ;
; z1         ; 2f          ; 3.490 ; 3.490 ; 3.490 ; 3.490 ;
; z1         ; 2g          ; 3.621 ; 3.621 ; 3.621 ; 3.621 ;
; z2         ; 3a          ; 3.170 ; 3.170 ; 3.170 ; 3.170 ;
; z2         ; 3b          ; 3.180 ; 3.180 ; 3.180 ; 3.180 ;
; z2         ; 3c          ; 3.180 ; 3.180 ; 3.180 ; 3.180 ;
; z2         ; 3d          ; 2.889 ; 2.889 ; 2.889 ; 2.889 ;
; z2         ; 3e          ;       ; 2.878 ; 2.878 ;       ;
; z2         ; 3f          ; 2.870 ; 2.870 ; 2.870 ; 2.870 ;
; z2         ; 3g          ; 2.865 ; 2.865 ; 2.865 ; 2.865 ;
; z3         ; 4a          ; 5.346 ; 5.346 ; 5.346 ; 5.346 ;
; z3         ; 4b          ; 5.355 ; 5.355 ; 5.355 ; 5.355 ;
; z3         ; 4c          ; 5.323 ; 5.323 ; 5.323 ; 5.323 ;
; z3         ; 4d          ; 5.321 ; 5.321 ; 5.321 ; 5.321 ;
; z3         ; 4e          ;       ; 5.324 ; 5.324 ;       ;
; z3         ; 4f          ; 5.469 ; 5.469 ; 5.469 ; 5.469 ;
; z3         ; 4g          ; 5.475 ; 5.475 ; 5.475 ; 5.475 ;
+------------+-------------+-------+-------+-------+-------+


+----------------------------------------------------------------------------+
; Multicorner Timing Analysis Summary                                        ;
+------------------+-------+------+----------+---------+---------------------+
; Clock            ; Setup ; Hold ; Recovery ; Removal ; Minimum Pulse Width ;
+------------------+-------+------+----------+---------+---------------------+
; Worst-case Slack ; N/A   ; N/A  ; N/A      ; N/A     ; N/A                 ;
; Design-wide TNS  ; 0.0   ; 0.0  ; 0.0      ; 0.0     ; 0.0                 ;
+------------------+-------+------+----------+---------+---------------------+


+--------------------------------------------------------------+
; Progagation Delay                                            ;
+------------+-------------+--------+--------+--------+--------+
; Input Port ; Output Port ; RR     ; RF     ; FR     ; FF     ;
+------------+-------------+--------+--------+--------+--------+
; w          ; 1a          ; 7.289  ; 7.289  ; 7.289  ; 7.289  ;
; w          ; 1b          ; 7.413  ;        ;        ; 7.413  ;
; w          ; 1c          ; 7.421  ; 7.421  ; 7.421  ; 7.421  ;
; w          ; 1d          ; 7.123  ; 7.123  ; 7.123  ; 7.123  ;
; w          ; 1e          ; 7.136  ; 7.136  ; 7.136  ; 7.136  ;
; w          ; 1f          ; 7.136  ; 7.136  ; 7.136  ; 7.136  ;
; w          ; 1g          ; 7.412  ; 7.412  ; 7.412  ; 7.412  ;
; w1         ; 2a          ; 6.681  ; 6.681  ; 6.681  ; 6.681  ;
; w1         ; 2b          ; 6.761  ; 6.761  ; 6.761  ; 6.761  ;
; w1         ; 2c          ;        ; 6.761  ; 6.761  ;        ;
; w1         ; 2d          ; 6.527  ; 6.527  ; 6.527  ; 6.527  ;
; w1         ; 2e          ; 6.494  ;        ;        ; 6.494  ;
; w1         ; 2f          ; 6.498  ;        ;        ; 6.498  ;
; w1         ; 2g          ; 6.760  ; 6.760  ; 6.760  ; 6.760  ;
; w2         ; 3a          ; 7.087  ; 7.087  ; 7.087  ; 7.087  ;
; w2         ; 3b          ; 7.097  ; 7.097  ; 7.097  ; 7.097  ;
; w2         ; 3c          ;        ; 7.065  ; 7.065  ;        ;
; w2         ; 3d          ; 6.506  ; 6.506  ; 6.506  ; 6.506  ;
; w2         ; 3e          ; 6.492  ;        ;        ; 6.492  ;
; w2         ; 3f          ; 6.481  ;        ;        ; 6.481  ;
; w2         ; 3g          ; 6.477  ; 6.477  ; 6.477  ; 6.477  ;
; w3         ; 4a          ; 5.531  ; 5.531  ; 5.531  ; 5.531  ;
; w3         ; 4b          ; 5.530  ; 5.530  ; 5.530  ; 5.530  ;
; w3         ; 4c          ;        ; 5.466  ; 5.466  ;        ;
; w3         ; 4d          ; 5.517  ; 5.517  ; 5.517  ; 5.517  ;
; w3         ; 4e          ; 5.493  ;        ;        ; 5.493  ;
; w3         ; 4f          ; 5.812  ;        ;        ; 5.812  ;
; w3         ; 4g          ; 5.823  ; 5.823  ; 5.823  ; 5.823  ;
; x          ; 1a          ; 7.617  ; 7.617  ; 7.617  ; 7.617  ;
; x          ; 1b          ; 7.740  ; 7.740  ; 7.740  ; 7.740  ;
; x          ; 1c          ; 7.750  ;        ;        ; 7.750  ;
; x          ; 1d          ; 7.444  ; 7.444  ; 7.444  ; 7.444  ;
; x          ; 1e          ;        ; 7.453  ; 7.453  ;        ;
; x          ; 1f          ; 7.454  ; 7.454  ; 7.454  ; 7.454  ;
; x          ; 1g          ; 7.731  ; 7.731  ; 7.731  ; 7.731  ;
; x1         ; 2a          ; 6.999  ; 6.999  ; 6.999  ; 6.999  ;
; x1         ; 2b          ; 7.110  ; 7.110  ; 7.110  ; 7.110  ;
; x1         ; 2c          ; 7.111  ;        ;        ; 7.111  ;
; x1         ; 2d          ; 6.875  ; 6.875  ; 6.875  ; 6.875  ;
; x1         ; 2e          ;        ; 6.820  ; 6.820  ;        ;
; x1         ; 2f          ; 6.849  ; 6.849  ; 6.849  ; 6.849  ;
; x1         ; 2g          ; 7.109  ; 7.109  ; 7.109  ; 7.109  ;
; x2         ; 3a          ; 6.933  ; 6.933  ; 6.933  ; 6.933  ;
; x2         ; 3b          ; 6.945  ; 6.945  ; 6.945  ; 6.945  ;
; x2         ; 3c          ; 6.939  ;        ;        ; 6.939  ;
; x2         ; 3d          ; 6.355  ; 6.355  ; 6.355  ; 6.355  ;
; x2         ; 3e          ;        ; 6.336  ; 6.336  ;        ;
; x2         ; 3f          ; 6.328  ; 6.328  ; 6.328  ; 6.328  ;
; x2         ; 3g          ; 6.323  ; 6.323  ; 6.323  ; 6.323  ;
; x3         ; 4a          ; 9.788  ; 9.788  ; 9.788  ; 9.788  ;
; x3         ; 4b          ; 9.801  ; 9.801  ; 9.801  ; 9.801  ;
; x3         ; 4c          ; 9.763  ;        ;        ; 9.763  ;
; x3         ; 4d          ; 9.777  ; 9.777  ; 9.777  ; 9.777  ;
; x3         ; 4e          ;        ; 9.767  ; 9.767  ;        ;
; x3         ; 4f          ; 10.069 ; 10.069 ; 10.069 ; 10.069 ;
; x3         ; 4g          ; 10.077 ; 10.077 ; 10.077 ; 10.077 ;
; y          ; 1a          ; 7.465  ; 7.465  ; 7.465  ; 7.465  ;
; y          ; 1b          ; 7.588  ; 7.588  ; 7.588  ; 7.588  ;
; y          ; 1c          ;        ; 7.571  ; 7.571  ;        ;
; y          ; 1d          ; 7.289  ; 7.289  ; 7.289  ; 7.289  ;
; y          ; 1e          ; 7.304  ;        ;        ; 7.304  ;
; y          ; 1f          ; 7.303  ;        ;        ; 7.303  ;
; y          ; 1g          ; 7.580  ; 7.580  ; 7.580  ; 7.580  ;
; y1         ; 2a          ; 6.554  ; 6.554  ; 6.554  ; 6.554  ;
; y1         ; 2b          ; 6.634  ;        ;        ; 6.634  ;
; y1         ; 2c          ; 6.634  ; 6.634  ; 6.634  ; 6.634  ;
; y1         ; 2d          ; 6.393  ; 6.393  ; 6.393  ; 6.393  ;
; y1         ; 2e          ; 6.352  ; 6.352  ; 6.352  ; 6.352  ;
; y1         ; 2f          ; 6.358  ; 6.358  ; 6.358  ; 6.358  ;
; y1         ; 2g          ; 6.624  ; 6.624  ; 6.624  ; 6.624  ;
; y2         ; 3a          ; 5.827  ; 5.827  ; 5.827  ; 5.827  ;
; y2         ; 3b          ; 5.828  ;        ;        ; 5.828  ;
; y2         ; 3c          ; 5.831  ; 5.831  ; 5.831  ; 5.831  ;
; y2         ; 3d          ; 5.241  ; 5.241  ; 5.241  ; 5.241  ;
; y2         ; 3e          ; 5.234  ; 5.234  ; 5.234  ; 5.234  ;
; y2         ; 3f          ; 5.211  ; 5.211  ; 5.211  ; 5.211  ;
; y2         ; 3g          ; 5.209  ; 5.209  ; 5.209  ; 5.209  ;
; y3         ; 4a          ; 9.805  ; 9.805  ; 9.805  ; 9.805  ;
; y3         ; 4b          ; 9.827  ;        ;        ; 9.827  ;
; y3         ; 4c          ; 9.765  ; 9.765  ; 9.765  ; 9.765  ;
; y3         ; 4d          ; 9.801  ; 9.801  ; 9.801  ; 9.801  ;
; y3         ; 4e          ; 9.793  ; 9.793  ; 9.793  ; 9.793  ;
; y3         ; 4f          ; 10.091 ; 10.091 ; 10.091 ; 10.091 ;
; y3         ; 4g          ; 10.106 ; 10.106 ; 10.106 ; 10.106 ;
; z          ; 1a          ; 6.645  ; 6.645  ; 6.645  ; 6.645  ;
; z          ; 1b          ; 6.770  ; 6.770  ; 6.770  ; 6.770  ;
; z          ; 1c          ; 6.780  ; 6.780  ; 6.780  ; 6.780  ;
; z          ; 1d          ; 6.485  ; 6.485  ; 6.485  ; 6.485  ;
; z          ; 1e          ;        ; 6.500  ; 6.500  ;        ;
; z          ; 1f          ; 6.500  ; 6.500  ; 6.500  ; 6.500  ;
; z          ; 1g          ; 6.773  ; 6.773  ; 6.773  ; 6.773  ;
; z1         ; 2a          ; 6.928  ; 6.928  ; 6.928  ; 6.928  ;
; z1         ; 2b          ; 7.038  ; 7.038  ; 7.038  ; 7.038  ;
; z1         ; 2c          ; 7.038  ; 7.038  ; 7.038  ; 7.038  ;
; z1         ; 2d          ; 6.798  ; 6.798  ; 6.798  ; 6.798  ;
; z1         ; 2e          ;        ; 6.722  ; 6.722  ;        ;
; z1         ; 2f          ; 6.732  ; 6.732  ; 6.732  ; 6.732  ;
; z1         ; 2g          ; 7.029  ; 7.029  ; 7.029  ; 7.029  ;
; z2         ; 3a          ; 6.094  ; 6.094  ; 6.094  ; 6.094  ;
; z2         ; 3b          ; 6.108  ; 6.108  ; 6.108  ; 6.108  ;
; z2         ; 3c          ; 6.075  ; 6.075  ; 6.075  ; 6.075  ;
; z2         ; 3d          ; 5.514  ; 5.514  ; 5.514  ; 5.514  ;
; z2         ; 3e          ;        ; 5.499  ; 5.499  ;        ;
; z2         ; 3f          ; 5.460  ; 5.460  ; 5.460  ; 5.460  ;
; z2         ; 3g          ; 5.487  ; 5.487  ; 5.487  ; 5.487  ;
; z3         ; 4a          ; 9.481  ; 9.481  ; 9.481  ; 9.481  ;
; z3         ; 4b          ; 9.494  ; 9.494  ; 9.494  ; 9.494  ;
; z3         ; 4c          ; 9.457  ; 9.457  ; 9.457  ; 9.457  ;
; z3         ; 4d          ; 9.468  ; 9.468  ; 9.468  ; 9.468  ;
; z3         ; 4e          ;        ; 9.460  ; 9.460  ;        ;
; z3         ; 4f          ; 9.759  ; 9.759  ; 9.759  ; 9.759  ;
; z3         ; 4g          ; 9.773  ; 9.773  ; 9.773  ; 9.773  ;
+------------+-------------+--------+--------+--------+--------+


+----------------------------------------------------------+
; Minimum Progagation Delay                                ;
+------------+-------------+-------+-------+-------+-------+
; Input Port ; Output Port ; RR    ; RF    ; FR    ; FF    ;
+------------+-------------+-------+-------+-------+-------+
; w          ; 1a          ; 3.795 ; 3.795 ; 3.795 ; 3.795 ;
; w          ; 1b          ; 3.855 ;       ;       ; 3.855 ;
; w          ; 1c          ; 3.858 ; 3.858 ; 3.858 ; 3.858 ;
; w          ; 1d          ; 3.714 ; 3.714 ; 3.714 ; 3.714 ;
; w          ; 1e          ; 3.734 ; 3.734 ; 3.734 ; 3.734 ;
; w          ; 1f          ; 3.734 ; 3.734 ; 3.734 ; 3.734 ;
; w          ; 1g          ; 3.855 ; 3.855 ; 3.855 ; 3.855 ;
; w1         ; 2a          ; 3.505 ; 3.505 ; 3.505 ; 3.505 ;
; w1         ; 2b          ; 3.522 ; 3.522 ; 3.522 ; 3.522 ;
; w1         ; 2c          ;       ; 3.522 ; 3.522 ;       ;
; w1         ; 2d          ; 3.433 ; 3.433 ; 3.433 ; 3.433 ;
; w1         ; 2e          ; 3.411 ;       ;       ; 3.411 ;
; w1         ; 2f          ; 3.412 ;       ;       ; 3.412 ;
; w1         ; 2g          ; 3.538 ; 3.538 ; 3.538 ; 3.538 ;
; w2         ; 3a          ; 3.661 ; 3.661 ; 3.661 ; 3.661 ;
; w2         ; 3b          ; 3.669 ; 3.669 ; 3.669 ; 3.669 ;
; w2         ; 3c          ;       ; 3.665 ; 3.665 ;       ;
; w2         ; 3d          ; 3.378 ; 3.378 ; 3.378 ; 3.378 ;
; w2         ; 3e          ; 3.369 ;       ;       ; 3.369 ;
; w2         ; 3f          ; 3.364 ;       ;       ; 3.364 ;
; w2         ; 3g          ; 3.355 ; 3.355 ; 3.355 ; 3.355 ;
; w3         ; 4a          ; 2.915 ; 2.915 ; 2.915 ; 2.915 ;
; w3         ; 4b          ; 2.906 ; 2.906 ; 2.906 ; 2.906 ;
; w3         ; 4c          ;       ; 2.874 ; 2.874 ;       ;
; w3         ; 4d          ; 2.882 ; 2.882 ; 2.882 ; 2.882 ;
; w3         ; 4e          ; 2.875 ;       ;       ; 2.875 ;
; w3         ; 4f          ; 3.038 ;       ;       ; 3.038 ;
; w3         ; 4g          ; 3.036 ; 3.036 ; 3.036 ; 3.036 ;
; x          ; 1a          ; 3.925 ; 3.925 ; 3.925 ; 3.925 ;
; x          ; 1b          ; 3.985 ; 3.985 ; 3.985 ; 3.985 ;
; x          ; 1c          ; 3.988 ;       ;       ; 3.988 ;
; x          ; 1d          ; 3.839 ; 3.839 ; 3.839 ; 3.839 ;
; x          ; 1e          ;       ; 3.854 ; 3.854 ;       ;
; x          ; 1f          ; 3.854 ; 3.854 ; 3.854 ; 3.854 ;
; x          ; 1g          ; 3.979 ; 3.979 ; 3.979 ; 3.979 ;
; x1         ; 2a          ; 3.627 ; 3.627 ; 3.627 ; 3.627 ;
; x1         ; 2b          ; 3.645 ; 3.645 ; 3.645 ; 3.645 ;
; x1         ; 2c          ; 3.651 ;       ;       ; 3.651 ;
; x1         ; 2d          ; 3.555 ; 3.555 ; 3.555 ; 3.555 ;
; x1         ; 2e          ;       ; 3.534 ; 3.534 ;       ;
; x1         ; 2f          ; 3.535 ; 3.535 ; 3.535 ; 3.535 ;
; x1         ; 2g          ; 3.660 ; 3.660 ; 3.660 ; 3.660 ;
; x2         ; 3a          ; 3.591 ; 3.591 ; 3.591 ; 3.591 ;
; x2         ; 3b          ; 3.601 ; 3.601 ; 3.601 ; 3.601 ;
; x2         ; 3c          ; 3.597 ;       ;       ; 3.597 ;
; x2         ; 3d          ; 3.310 ; 3.310 ; 3.310 ; 3.310 ;
; x2         ; 3e          ;       ; 3.297 ; 3.297 ;       ;
; x2         ; 3f          ; 3.289 ; 3.289 ; 3.289 ; 3.289 ;
; x2         ; 3g          ; 3.287 ; 3.287 ; 3.287 ; 3.287 ;
; x3         ; 4a          ; 5.474 ; 5.474 ; 5.474 ; 5.474 ;
; x3         ; 4b          ; 5.485 ; 5.485 ; 5.485 ; 5.485 ;
; x3         ; 4c          ; 5.452 ;       ;       ; 5.452 ;
; x3         ; 4d          ; 5.456 ; 5.456 ; 5.456 ; 5.456 ;
; x3         ; 4e          ;       ; 5.454 ; 5.454 ;       ;
; x3         ; 4f          ; 5.603 ; 5.603 ; 5.603 ; 5.603 ;
; x3         ; 4g          ; 5.607 ; 5.607 ; 5.607 ; 5.607 ;
; y          ; 1a          ; 3.845 ; 3.845 ; 3.845 ; 3.845 ;
; y          ; 1b          ; 3.904 ; 3.904 ; 3.904 ; 3.904 ;
; y          ; 1c          ;       ; 3.908 ; 3.908 ;       ;
; y          ; 1d          ; 3.760 ; 3.760 ; 3.760 ; 3.760 ;
; y          ; 1e          ; 3.775 ;       ;       ; 3.775 ;
; y          ; 1f          ; 3.780 ;       ;       ; 3.780 ;
; y          ; 1g          ; 3.900 ; 3.900 ; 3.900 ; 3.900 ;
; y1         ; 2a          ; 3.408 ; 3.408 ; 3.408 ; 3.408 ;
; y1         ; 2b          ; 3.426 ;       ;       ; 3.426 ;
; y1         ; 2c          ; 3.428 ; 3.428 ; 3.428 ; 3.428 ;
; y1         ; 2d          ; 3.329 ; 3.329 ; 3.329 ; 3.329 ;
; y1         ; 2e          ; 3.298 ; 3.298 ; 3.298 ; 3.298 ;
; y1         ; 2f          ; 3.300 ; 3.300 ; 3.300 ; 3.300 ;
; y1         ; 2g          ; 3.432 ; 3.432 ; 3.432 ; 3.432 ;
; y2         ; 3a          ; 3.063 ; 3.063 ; 3.063 ; 3.063 ;
; y2         ; 3b          ; 3.062 ;       ;       ; 3.062 ;
; y2         ; 3c          ; 3.065 ; 3.065 ; 3.065 ; 3.065 ;
; y2         ; 3d          ; 2.773 ; 2.773 ; 2.773 ; 2.773 ;
; y2         ; 3e          ; 2.773 ; 2.773 ; 2.773 ; 2.773 ;
; y2         ; 3f          ; 2.749 ; 2.749 ; 2.749 ; 2.749 ;
; y2         ; 3g          ; 2.749 ; 2.749 ; 2.749 ; 2.749 ;
; y3         ; 4a          ; 5.485 ; 5.485 ; 5.485 ; 5.485 ;
; y3         ; 4b          ; 5.501 ;       ;       ; 5.501 ;
; y3         ; 4c          ; 5.476 ; 5.476 ; 5.476 ; 5.476 ;
; y3         ; 4d          ; 5.468 ; 5.468 ; 5.468 ; 5.468 ;
; y3         ; 4e          ; 5.471 ; 5.471 ; 5.471 ; 5.471 ;
; y3         ; 4f          ; 5.623 ; 5.623 ; 5.623 ; 5.623 ;
; y3         ; 4g          ; 5.622 ; 5.622 ; 5.622 ; 5.622 ;
; z          ; 1a          ; 3.476 ; 3.476 ; 3.476 ; 3.476 ;
; z          ; 1b          ; 3.537 ; 3.537 ; 3.537 ; 3.537 ;
; z          ; 1c          ; 3.545 ; 3.545 ; 3.545 ; 3.545 ;
; z          ; 1d          ; 3.403 ; 3.403 ; 3.403 ; 3.403 ;
; z          ; 1e          ;       ; 3.423 ; 3.423 ;       ;
; z          ; 1f          ; 3.423 ; 3.423 ; 3.423 ; 3.423 ;
; z          ; 1g          ; 3.544 ; 3.544 ; 3.544 ; 3.544 ;
; z1         ; 2a          ; 3.596 ; 3.596 ; 3.596 ; 3.596 ;
; z1         ; 2b          ; 3.614 ; 3.614 ; 3.614 ; 3.614 ;
; z1         ; 2c          ; 3.618 ; 3.618 ; 3.618 ; 3.618 ;
; z1         ; 2d          ; 3.518 ; 3.518 ; 3.518 ; 3.518 ;
; z1         ; 2e          ;       ; 3.488 ; 3.488 ;       ;
; z1         ; 2f          ; 3.490 ; 3.490 ; 3.490 ; 3.490 ;
; z1         ; 2g          ; 3.621 ; 3.621 ; 3.621 ; 3.621 ;
; z2         ; 3a          ; 3.170 ; 3.170 ; 3.170 ; 3.170 ;
; z2         ; 3b          ; 3.180 ; 3.180 ; 3.180 ; 3.180 ;
; z2         ; 3c          ; 3.180 ; 3.180 ; 3.180 ; 3.180 ;
; z2         ; 3d          ; 2.889 ; 2.889 ; 2.889 ; 2.889 ;
; z2         ; 3e          ;       ; 2.878 ; 2.878 ;       ;
; z2         ; 3f          ; 2.870 ; 2.870 ; 2.870 ; 2.870 ;
; z2         ; 3g          ; 2.865 ; 2.865 ; 2.865 ; 2.865 ;
; z3         ; 4a          ; 5.346 ; 5.346 ; 5.346 ; 5.346 ;
; z3         ; 4b          ; 5.355 ; 5.355 ; 5.355 ; 5.355 ;
; z3         ; 4c          ; 5.323 ; 5.323 ; 5.323 ; 5.323 ;
; z3         ; 4d          ; 5.321 ; 5.321 ; 5.321 ; 5.321 ;
; z3         ; 4e          ;       ; 5.324 ; 5.324 ;       ;
; z3         ; 4f          ; 5.469 ; 5.469 ; 5.469 ; 5.469 ;
; z3         ; 4g          ; 5.475 ; 5.475 ; 5.475 ; 5.475 ;
+------------+-------------+-------+-------+-------+-------+


-------------------
; Clock Transfers ;
-------------------
Nothing to report.


---------------
; Report TCCS ;
---------------
No dedicated SERDES Transmitter circuitry present in device or used in design


---------------
; Report RSKM ;
---------------
No dedicated SERDES Receiver circuitry present in device or used in design


+------------------------------------------------+
; Unconstrained Paths                            ;
+---------------------------------+-------+------+
; Property                        ; Setup ; Hold ;
+---------------------------------+-------+------+
; Illegal Clocks                  ; 0     ; 0    ;
; Unconstrained Clocks            ; 0     ; 0    ;
; Unconstrained Input Ports       ; 16    ; 16   ;
; Unconstrained Input Port Paths  ; 112   ; 112  ;
; Unconstrained Output Ports      ; 28    ; 28   ;
; Unconstrained Output Port Paths ; 112   ; 112  ;
+---------------------------------+-------+------+


+------------------------------------+
; TimeQuest Timing Analyzer Messages ;
+------------------------------------+
Info: *******************************************************************
Info: Running Quartus II 64-Bit TimeQuest Timing Analyzer
    Info: Version 12.1 Build 243 01/31/2013 Service Pack 1 SJ Full Version
    Info: Processing started: Tue Feb 17 13:22:05 2015
Info: Command: quartus_sta lab5step2 -c lab5step2
Info: qsta_default_script.tcl version: #1
Info (11104): Parallel Compilation has detected 8 hyper-threaded processors. However, the extra hyper-threaded processors will not be used by default. Parallel Compilation will use 4 of the 4 physical processors detected instead.
Info (21077): Low junction temperature is 0 degrees C
Info (21077): High junction temperature is 85 degrees C
Critical Warning (332012): Synopsys Design Constraints File file not found: 'lab5step2.sdc'. A Synopsys Design Constraints File is required by the TimeQuest Timing Analyzer to get proper timing constraints. Without it, the Compiler will not properly optimize the design.
Info (332142): No user constrained base clocks found in the design. Calling "derive_clocks -period 1.0"
Info (332096): The command derive_clocks did not find any clocks to derive.  No clocks were created or changed.
Warning (332068): No clocks defined in design.
Info: Found TIMEQUEST_REPORT_SCRIPT_INCLUDE_DEFAULT_ANALYSIS = ON
Info (332159): No clocks to report
Info: Analyzing Slow Model
Info (332140): No fmax paths to report
Info (332140): No Setup paths to report
Info (332140): No Hold paths to report
Info (332140): No Recovery paths to report
Info (332140): No Removal paths to report
Info (332140): No Minimum Pulse Width paths to report
Info (332001): The selected device family is not supported by the report_metastability command.
Info: Analyzing Fast Model
Info (332142): No user constrained base clocks found in the design. Calling "derive_clocks -period 1.0"
Info (332096): The command derive_clocks did not find any clocks to derive.  No clocks were created or changed.
Warning (332068): No clocks defined in design.
Info (332140): No Setup paths to report
Info (332140): No Hold paths to report
Info (332140): No Recovery paths to report
Info (332140): No Removal paths to report
Info (332140): No Minimum Pulse Width paths to report
Info (332001): The selected device family is not supported by the report_metastability command.
Info (332102): Design is not fully constrained for setup requirements
Info (332102): Design is not fully constrained for hold requirements
Info: Quartus II 64-Bit TimeQuest Timing Analyzer was successful. 0 errors, 3 warnings
    Info: Peak virtual memory: 605 megabytes
    Info: Processing ended: Tue Feb 17 13:22:07 2015
    Info: Elapsed time: 00:00:02
    Info: Total CPU time (on all processors): 00:00:01


